<?xml version="1.0" encoding="UTF-8"?>
<testsuites name="Smoke" time="878" tests="12" failures="17" errors="0">
   <testsuite name="Smoke" tests="12" failures="17" errors="0" time="878" timestamp="2018-10-12 14:50:59" hostname="Dikshita - RSSPL43.Remote.local" id="Test Suites/Smoke">
      <properties>
         <property name="deviceName" value=""/>
         <property name="devicePlatform" value=""/>
         <property name="logFolder" value="C:\\Users\\dikshita\\git\\imscanredev\\Reports\\Smoke\\20181012_145057"/>
         <property name="logFiles" value="C:\\Users\\dikshita\\git\\imscanredev\\Reports\\Smoke\\20181012_145057\\execution0.log"/>
         <property name="attachments" value="C:\\Users\\dikshita\\git\\imscanredev\\Reports\\Smoke\\20181012_145057\\1539336126400.png, C:\\Users\\dikshita\\git\\imscanredev\\Reports\\Smoke\\20181012_145057\\1539336195678.png, C:\\Users\\dikshita\\git\\imscanredev\\Reports\\Smoke\\20181012_145057\\1539336251645.png, C:\\Users\\dikshita\\git\\imscanredev\\Reports\\Smoke\\20181012_145057\\1539336263053.png, C:\\Users\\dikshita\\git\\imscanredev\\Reports\\Smoke\\20181012_145057\\1539336332298.png, C:\\Users\\dikshita\\git\\imscanredev\\Reports\\Smoke\\20181012_145057\\1539336401020.png, C:\\Users\\dikshita\\git\\imscanredev\\Reports\\Smoke\\20181012_145057\\1539336444764.png, C:\\Users\\dikshita\\git\\imscanredev\\Reports\\Smoke\\20181012_145057\\1539336493743.png, C:\\Users\\dikshita\\git\\imscanredev\\Reports\\Smoke\\20181012_145057\\1539336542337.png, C:\\Users\\dikshita\\git\\imscanredev\\Reports\\Smoke\\20181012_145057\\1539336586091.png, C:\\Users\\dikshita\\git\\imscanredev\\Reports\\Smoke\\20181012_145057\\1539336627049.png, C:\\Users\\dikshita\\git\\imscanredev\\Reports\\Smoke\\20181012_145057\\1539336667091.png, C:\\Users\\dikshita\\git\\imscanredev\\Reports\\Smoke\\20181012_145057\\1539336702566.png, C:\\Users\\dikshita\\git\\imscanredev\\Reports\\Smoke\\20181012_145057\\1539336750135.png, C:\\Users\\dikshita\\git\\imscanredev\\Reports\\Smoke\\20181012_145057\\1539336805793.png, C:\\Users\\dikshita\\git\\imscanredev\\Reports\\Smoke\\20181012_145057\\1539336883476.png, C:\\Users\\dikshita\\git\\imscanredev\\Reports\\Smoke\\20181012_145057\\1539336937364.png"/>
         <property name="hostName" value="Dikshita - RSSPL43.Remote.local"/>
         <property name="os" value="Windows 10 64bit"/>
         <property name="katalonVersion" value="5.3.0.1"/>
         <property name="browser" value="Chrome 69.0.3497.100"/>
         <property name="hostAddress" value="192.168.25.73"/>
         <property name="sessionId" value="cca86d77f5203daf17f4605edd42407b"/>
         <property name="seleniumVersion" value="3.7.1"/>
         <property name="proxyInformation" value="ProxyInformation{proxyOption=NO_PROXY, proxyServerType=HTTP, password=, proxyServerAddress=, proxyServerPort=0}"/>
         <property name="platform" value="Windows 10"/>
      </properties>
      <testcase name="Test Cases/Smoke/TC-09" classname="Test Cases/Smoke/TC-09" status="PASSED">
         <system-out><![CDATA[2018-10-12 14:50:59 - [TEST_CASE][PASSED] - Test Cases/Smoke/TC-09: Browser is closed

2018-10-12 14:51:00 - [TEST_STEP][PASSED] - Start listener action : BeforeTestCaseOpenBrowser: Invoke 'com.kms.katalon.core.annotation.BeforeTestCase' method: 'ImScan.BeforeTestCaseOpenBrowser(...)' completed.

2018-10-12 14:51:00 - [TEST_STEP][PASSED] - openBrowser: Browser is opened with url: 'http://35.176.151.153/IMSCANCS/'

2018-10-12 14:51:05 - [MESSAGE][PASSED] - Browser is opened with url: 'http://35.176.151.153/IMSCANCS/'

2018-10-12 14:51:05 - [TEST_STEP][PASSED] - maximizeWindow: Current window maximized

2018-10-12 14:51:06 - [MESSAGE][PASSED] - Current window maximized

2018-10-12 14:51:06 - [TEST_STEP][PASSED] - Statement - TestID = testCaseContext.getTestCaseId(): null

2018-10-12 14:51:06 - [TEST_STEP][PASSED] - Statement - println(TestID): Invoke 'com.kms.katalon.core.annotation.BeforeTestCase' method: 'ImScan.BeforeTestCaseOpenBrowser(...)' completed.

2018-10-12 14:51:06 - [TEST_STEP][PASSED] - setText: Text 'Dixita123' is set on object 'Object Repository/Login/Page_IMSCAN/input_UserName'

2018-10-12 14:51:07 - [MESSAGE][PASSED] - Text 'Dixita123' is set on object 'Object Repository/Login/Page_IMSCAN/input_UserName'

2018-10-12 14:51:07 - [TEST_STEP][PASSED] - setText: Text 'Dixita123' is set on object 'Object Repository/Login/Page_IMSCAN/input_Password'

2018-10-12 14:51:08 - [MESSAGE][PASSED] - Text 'Dixita123' is set on object 'Object Repository/Login/Page_IMSCAN/input_Password'

2018-10-12 14:51:08 - [TEST_STEP][PASSED] - click: Object: 'Object Repository/Login/Page_IMSCAN/button_Login' is clicked on

2018-10-12 14:51:08 - [MESSAGE][PASSED] - Object: 'Object Repository/Login/Page_IMSCAN/button_Login' is clicked on

2018-10-12 14:51:08 - [TEST_STEP][PASSED] - verifyElementPresent: Object 'Object Repository/Create_a_New_Dept/VerfiyHomePageDisplayed' is present

2018-10-12 14:51:09 - [MESSAGE][PASSED] - Object 'Object Repository/Create_a_New_Dept/VerfiyHomePageDisplayed' is present

2018-10-12 14:51:09 - [TEST_STEP][PASSED] - delay: Delayed 3 second(s)

2018-10-12 14:51:12 - [MESSAGE][PASSED] - Delayed 3 second(s)

2018-10-12 14:51:12 - [TEST_STEP][PASSED] - scrollToElement: Scroll to object 'Object Repository/Create_a_New_Dept/ClickOnDepartments' successfully

2018-10-12 14:51:12 - [MESSAGE][PASSED] - Scroll to object 'Object Repository/Create_a_New_Dept/ClickOnDepartments' successfully

2018-10-12 14:51:12 - [TEST_STEP][PASSED] - click: Object: 'Object Repository/Create_a_New_Dept/ClickOnDepartments' is clicked on

2018-10-12 14:51:13 - [MESSAGE][PASSED] - Object: 'Object Repository/Create_a_New_Dept/ClickOnDepartments' is clicked on

2018-10-12 14:51:13 - [TEST_STEP][PASSED] - delay: Delayed 2 second(s)

2018-10-12 14:51:15 - [MESSAGE][PASSED] - Delayed 2 second(s)

2018-10-12 14:51:15 - [TEST_STEP][PASSED] - click: Object: 'Object Repository/Create_a_New_Dept/ClickOnCreateDept' is clicked on

2018-10-12 14:51:15 - [MESSAGE][PASSED] - Object: 'Object Repository/Create_a_New_Dept/ClickOnCreateDept' is clicked on

2018-10-12 14:51:15 - [TEST_STEP][PASSED] - waitForAlert: No alert found after 2 second(s).

2018-10-12 14:51:17 - [MESSAGE][WARNING] - No alert found after 2 second(s).

2018-10-12 14:51:17 - [TEST_STEP][PASSED] - verifyElementVisible: Object 'Object Repository/Create_a_New_Dept/CreateDeptPopup/PopUpforDept/h4_Create Department' is visible

2018-10-12 14:51:17 - [MESSAGE][PASSED] - Object 'Object Repository/Create_a_New_Dept/CreateDeptPopup/PopUpforDept/h4_Create Department' is visible

2018-10-12 14:51:17 - [TEST_STEP][PASSED] - setText: Text '4' is set on object 'Object Repository/Create_a_New_Dept/CreateDeptPopup/PopUpforDept/input_Code'

2018-10-12 14:51:17 - [MESSAGE][PASSED] - Text '4' is set on object 'Object Repository/Create_a_New_Dept/CreateDeptPopup/PopUpforDept/input_Code'

2018-10-12 14:51:17 - [TEST_STEP][PASSED] - setText: Text 'Finance' is set on object 'Object Repository/Create_a_New_Dept/CreateDeptPopup/PopUpforDept/input_Name'

2018-10-12 14:51:18 - [MESSAGE][PASSED] - Text 'Finance' is set on object 'Object Repository/Create_a_New_Dept/CreateDeptPopup/PopUpforDept/input_Name'

2018-10-12 14:51:18 - [TEST_STEP][PASSED] - click: Object: 'Object Repository/Create_a_New_Dept/ClickOnSavePopup' is clicked on

2018-10-12 14:51:18 - [MESSAGE][PASSED] - Object: 'Object Repository/Create_a_New_Dept/ClickOnSavePopup' is clicked on

2018-10-12 14:51:18 - [TEST_STEP][PASSED] - focus: Object: 'Object Repository/Create_a_New_Dept/AlreadyExistingDeptCode-DeptName' is focused

2018-10-12 14:51:18 - [MESSAGE][PASSED] - Object: 'Object Repository/Create_a_New_Dept/AlreadyExistingDeptCode-DeptName' is focused

2018-10-12 14:51:18 - [TEST_STEP][PASSED] - Statement - Try: null

2018-10-12 14:51:18 - [TEST_STEP][PASSED] - Statement - Errormsg = com.kms.katalon.core.webui.keyword.WebUiBuiltInKeywords.getText(com.kms.katalon.core.testobject.ObjectRepository.findTestObject(Object Repository/Create_a_New_Dept/AlreadyExistingDeptCode-DeptName)): Text of object 'Object Repository/Create_a_New_Dept/AlreadyExistingDeptCode-DeptName' is: ''

2018-10-12 14:51:18 - [MESSAGE][PASSED] - Text of object 'Object Repository/Create_a_New_Dept/AlreadyExistingDeptCode-DeptName' is: ''

2018-10-12 14:51:18 - [TEST_STEP][PASSED] - Statement - println(Errormsg): null

2018-10-12 14:51:18 - [TEST_STEP][PASSED] - Statement - println("Error Message has been Displayed"): null

2018-10-12 14:51:18 - [TEST_STEP][PASSED] - Start listener action : AfterTestCaseCloseBrowser: Browser is closed

2018-10-12 14:51:18 - [TEST_STEP][PASSED] - closeBrowser: Browser is closed

2018-10-12 14:51:19 - [MESSAGE][PASSED] - Browser is closed]]></system-out>
         <system-err><![CDATA[]]></system-err>
      </testcase>
      <testcase name="Test Cases/Smoke/TC-1 Creating a new Department" classname="Test Cases/Smoke/TC-1 Creating a new Department" status="FAILED">
         <failure type="FAILED" message="Unable to set text '10' of object 'Object Repository/Search/Search_Inspect' (Root cause: com.kms.katalon.core.webui.exception.WebElementNotFoundException: Web element with id: 'Object Repository/Search/Search_Inspect' located by 'By.cssSelector: //input[@type='search']' not found)"/>
         <system-out><![CDATA[2018-10-12 14:51:19 - [TEST_CASE][FAILED] - Test Cases/Smoke/TC-1 Creating a new Department: Test Cases/Smoke/TC-1 Creating a new Department FAILED because (of) Unable to set text '10' of object 'Object Repository/Search/Search_Inspect' (Root cause: com.kms.katalon.core.webui.exception.WebElementNotFoundException: Web element with id: 'Object Repository/Search/Search_Inspect' located by 'By.cssSelector: //input[@type='search']' not found)

2018-10-12 14:51:19 - [TEST_STEP][PASSED] - Start listener action : BeforeTestCaseOpenBrowser: Invoke 'com.kms.katalon.core.annotation.BeforeTestCase' method: 'ImScan.BeforeTestCaseOpenBrowser(...)' completed.

2018-10-12 14:51:19 - [TEST_STEP][PASSED] - openBrowser: Browser is opened with url: 'http://35.176.151.153/IMSCANCS/'

2018-10-12 14:51:23 - [MESSAGE][PASSED] - Browser is opened with url: 'http://35.176.151.153/IMSCANCS/'

2018-10-12 14:51:23 - [TEST_STEP][PASSED] - maximizeWindow: Current window maximized

2018-10-12 14:51:24 - [MESSAGE][PASSED] - Current window maximized

2018-10-12 14:51:24 - [TEST_STEP][PASSED] - Statement - TestID = testCaseContext.getTestCaseId(): null

2018-10-12 14:51:24 - [TEST_STEP][PASSED] - Statement - println(TestID): Invoke 'com.kms.katalon.core.annotation.BeforeTestCase' method: 'ImScan.BeforeTestCaseOpenBrowser(...)' completed.

2018-10-12 14:51:25 - [TEST_STEP][PASSED] - setText: Text 'Dixita123' is set on object 'Object Repository/Login/Page_IMSCAN/input_UserName'

2018-10-12 14:51:25 - [MESSAGE][PASSED] - Text 'Dixita123' is set on object 'Object Repository/Login/Page_IMSCAN/input_UserName'

2018-10-12 14:51:25 - [TEST_STEP][PASSED] - setText: Text 'Dixita123' is set on object 'Object Repository/Login/Page_IMSCAN/input_Password'

2018-10-12 14:51:25 - [MESSAGE][PASSED] - Text 'Dixita123' is set on object 'Object Repository/Login/Page_IMSCAN/input_Password'

2018-10-12 14:51:25 - [TEST_STEP][PASSED] - click: Object: 'Object Repository/Login/Page_IMSCAN/button_Login' is clicked on

2018-10-12 14:51:25 - [MESSAGE][PASSED] - Object: 'Object Repository/Login/Page_IMSCAN/button_Login' is clicked on

2018-10-12 14:51:25 - [TEST_STEP][PASSED] - verifyElementPresent: Object 'Object Repository/Create_a_New_Dept/VerfiyHomePageDisplayed' is present

2018-10-12 14:51:26 - [MESSAGE][PASSED] - Object 'Object Repository/Create_a_New_Dept/VerfiyHomePageDisplayed' is present

2018-10-12 14:51:26 - [TEST_STEP][PASSED] - delay: Delayed 3 second(s)

2018-10-12 14:51:29 - [MESSAGE][PASSED] - Delayed 3 second(s)

2018-10-12 14:51:29 - [TEST_STEP][PASSED] - scrollToElement: Scroll to object 'Object Repository/Create_a_New_Dept/ClickOnDepartments' successfully

2018-10-12 14:51:30 - [MESSAGE][PASSED] - Scroll to object 'Object Repository/Create_a_New_Dept/ClickOnDepartments' successfully

2018-10-12 14:51:30 - [TEST_STEP][PASSED] - click: Object: 'Object Repository/Create_a_New_Dept/ClickOnDepartments' is clicked on

2018-10-12 14:51:30 - [MESSAGE][PASSED] - Object: 'Object Repository/Create_a_New_Dept/ClickOnDepartments' is clicked on

2018-10-12 14:51:30 - [TEST_STEP][PASSED] - delay: Delayed 2 second(s)

2018-10-12 14:51:32 - [MESSAGE][PASSED] - Delayed 2 second(s)

2018-10-12 14:51:32 - [TEST_STEP][PASSED] - click: Object: 'Object Repository/Create_a_New_Dept/ClickOnCreateDept' is clicked on

2018-10-12 14:51:32 - [MESSAGE][PASSED] - Object: 'Object Repository/Create_a_New_Dept/ClickOnCreateDept' is clicked on

2018-10-12 14:51:32 - [TEST_STEP][PASSED] - waitForAlert: No alert found after 2 second(s).

2018-10-12 14:51:34 - [MESSAGE][WARNING] - No alert found after 2 second(s).

2018-10-12 14:51:34 - [TEST_STEP][PASSED] - verifyElementVisible: Object 'Object Repository/Create_a_New_Dept/CreateDeptPopup/PopUpforDept/h4_Create Department' is visible

2018-10-12 14:51:34 - [MESSAGE][PASSED] - Object 'Object Repository/Create_a_New_Dept/CreateDeptPopup/PopUpforDept/h4_Create Department' is visible

2018-10-12 14:51:34 - [TEST_STEP][PASSED] - setText: Text '10' is set on object 'Object Repository/Create_a_New_Dept/CreateDeptPopup/PopUpforDept/input_Code'

2018-10-12 14:51:34 - [MESSAGE][PASSED] - Text '10' is set on object 'Object Repository/Create_a_New_Dept/CreateDeptPopup/PopUpforDept/input_Code'

2018-10-12 14:51:34 - [TEST_STEP][PASSED] - setText: Text 'Finance' is set on object 'Object Repository/Create_a_New_Dept/CreateDeptPopup/PopUpforDept/input_Name'

2018-10-12 14:51:34 - [MESSAGE][PASSED] - Text 'Finance' is set on object 'Object Repository/Create_a_New_Dept/CreateDeptPopup/PopUpforDept/input_Name'

2018-10-12 14:51:34 - [TEST_STEP][PASSED] - click: Object: 'Object Repository/Create_a_New_Dept/ClickOnSavePopup' is clicked on

2018-10-12 14:51:34 - [MESSAGE][PASSED] - Object: 'Object Repository/Create_a_New_Dept/ClickOnSavePopup' is clicked on

2018-10-12 14:51:34 - [TEST_STEP][FAILED] - Statement - var1 = com.kms.katalon.core.webui.keyword.WebUiBuiltInKeywords.setText(com.kms.katalon.core.testobject.ObjectRepository.findTestObject(Object Repository/Search/Search_Inspect), com.kms.katalon.core.testdata.TestDataFactory.findTestData(ImScanDataSource).getValue(1, 19)): Unable to set text '10' of object 'Object Repository/Search/Search_Inspect' (Root cause: com.kms.katalon.core.webui.exception.WebElementNotFoundException: Web element with id: 'Object Repository/Search/Search_Inspect' located by 'By.cssSelector: //input[@type='search']' not found)

2018-10-12 14:52:06 - [MESSAGE][FAILED] - Unable to set text '10' of object 'Object Repository/Search/Search_Inspect' (Root cause: com.kms.katalon.core.webui.exception.WebElementNotFoundException: Web element with id: 'Object Repository/Search/Search_Inspect' located by 'By.cssSelector: //input[@type='search']' not found)
[[ATTACHMENT|C:\\Users\\dikshita\\git\\imscanredev\\Reports\\Smoke\\20181012_145057\\1539336126400.png]]

2018-10-12 14:52:06 - [TEST_STEP][PASSED] - Start listener action : AfterTestCaseCloseBrowser: Browser is closed

2018-10-12 14:52:06 - [TEST_STEP][PASSED] - closeBrowser: Browser is closed

2018-10-12 14:52:07 - [MESSAGE][PASSED] - Browser is closed]]></system-out>
         <system-err><![CDATA[2018-10-12 14:51:19 - [TEST_CASE][FAILED] - Test Cases/Smoke/TC-1 Creating a new Department: Test Cases/Smoke/TC-1 Creating a new Department FAILED because (of) Unable to set text '10' of object 'Object Repository/Search/Search_Inspect' (Root cause: com.kms.katalon.core.webui.exception.WebElementNotFoundException: Web element with id: 'Object Repository/Search/Search_Inspect' located by 'By.cssSelector: //input[@type='search']' not found)]]></system-err>
      </testcase>
      <testcase name="Test Cases/Smoke/TC-123" classname="Test Cases/Smoke/TC-123" status="PASSED">
         <system-out><![CDATA[2018-10-12 14:52:07 - [TEST_CASE][PASSED] - Test Cases/Smoke/TC-123: Browser is closed

2018-10-12 14:52:07 - [TEST_STEP][PASSED] - Start listener action : BeforeTestCaseOpenBrowser: Invoke 'com.kms.katalon.core.annotation.BeforeTestCase' method: 'ImScan.BeforeTestCaseOpenBrowser(...)' completed.

2018-10-12 14:52:07 - [TEST_STEP][PASSED] - openBrowser: Browser is opened with url: 'http://35.176.151.153/IMSCANCS/'

2018-10-12 14:52:13 - [MESSAGE][PASSED] - Browser is opened with url: 'http://35.176.151.153/IMSCANCS/'

2018-10-12 14:52:13 - [TEST_STEP][PASSED] - maximizeWindow: Current window maximized

2018-10-12 14:52:14 - [MESSAGE][PASSED] - Current window maximized

2018-10-12 14:52:14 - [TEST_STEP][PASSED] - Statement - TestID = testCaseContext.getTestCaseId(): null

2018-10-12 14:52:14 - [TEST_STEP][PASSED] - Statement - println(TestID): Invoke 'com.kms.katalon.core.annotation.BeforeTestCase' method: 'ImScan.BeforeTestCaseOpenBrowser(...)' completed.

2018-10-12 14:52:14 - [TEST_STEP][PASSED] - setText: Text 'Dixita123' is set on object 'Object Repository/Login/Page_IMSCAN/input_UserName'

2018-10-12 14:52:14 - [MESSAGE][PASSED] - Text 'Dixita123' is set on object 'Object Repository/Login/Page_IMSCAN/input_UserName'

2018-10-12 14:52:14 - [TEST_STEP][PASSED] - setText: Text 'Dixita123' is set on object 'Object Repository/Login/Page_IMSCAN/input_Password'

2018-10-12 14:52:14 - [MESSAGE][PASSED] - Text 'Dixita123' is set on object 'Object Repository/Login/Page_IMSCAN/input_Password'

2018-10-12 14:52:14 - [TEST_STEP][PASSED] - click: Object: 'Object Repository/Login/Page_IMSCAN/button_Login' is clicked on

2018-10-12 14:52:15 - [MESSAGE][PASSED] - Object: 'Object Repository/Login/Page_IMSCAN/button_Login' is clicked on

2018-10-12 14:52:15 - [TEST_STEP][PASSED] - delay: Delayed 3 second(s)

2018-10-12 14:52:18 - [MESSAGE][PASSED] - Delayed 3 second(s)

2018-10-12 14:52:18 - [TEST_STEP][PASSED] - verifyElementPresent: Object 'Object Repository/Create_a_New_Dept/VerfiyHomePageDisplayed' is present

2018-10-12 14:52:18 - [MESSAGE][PASSED] - Object 'Object Repository/Create_a_New_Dept/VerfiyHomePageDisplayed' is present

2018-10-12 14:52:18 - [TEST_STEP][PASSED] - delay: Delayed 3 second(s)

2018-10-12 14:52:21 - [MESSAGE][PASSED] - Delayed 3 second(s)

2018-10-12 14:52:21 - [TEST_STEP][PASSED] - click: Object: 'Object Repository/Import/ClickOnImport' is clicked on

2018-10-12 14:52:21 - [MESSAGE][PASSED] - Object: 'Object Repository/Import/ClickOnImport' is clicked on

2018-10-12 14:52:21 - [TEST_STEP][PASSED] - delay: Delayed 15 second(s)

2018-10-12 14:52:36 - [MESSAGE][PASSED] - Delayed 15 second(s)

2018-10-12 14:52:36 - [TEST_STEP][PASSED] - focus: Object: 'Object Repository/Import/Import_PopUP' is focused

2018-10-12 14:52:36 - [MESSAGE][PASSED] - Object: 'Object Repository/Import/Import_PopUP' is focused

2018-10-12 14:52:36 - [TEST_STEP][PASSED] - uploadFile: File 'C:\\Users\\Dikshita\\Desktop\\ScannedImport\\testmerge.pdf' sent to object: 'Object Repository/Import/Browse'

2018-10-12 14:52:36 - [MESSAGE][PASSED] - File 'C:\\Users\\Dikshita\\Desktop\\ScannedImport\\testmerge.pdf' sent to object: 'Object Repository/Import/Browse'

2018-10-12 14:52:36 - [TEST_STEP][PASSED] - click: Object: 'Object Repository/Import/ClickOnOK(fileUpload)' is clicked on

2018-10-12 14:52:36 - [MESSAGE][PASSED] - Object: 'Object Repository/Import/ClickOnOK(fileUpload)' is clicked on

2018-10-12 14:52:36 - [TEST_STEP][PASSED] - Start listener action : AfterTestCaseCloseBrowser: Browser is closed

2018-10-12 14:52:36 - [TEST_STEP][PASSED] - closeBrowser: Browser is closed

2018-10-12 14:52:37 - [MESSAGE][PASSED] - Browser is closed]]></system-out>
         <system-err><![CDATA[]]></system-err>
      </testcase>
      <testcase name="Test Cases/Smoke/TC-143_Login_ValidLogin" classname="Test Cases/Smoke/TC-143_Login_ValidLogin" status="FAILED">
         <failure type="FAILED" message="Unable to click on object 'Object Repository/Login/Page_IMSCAN - EDoc System/div_Home' (Root cause: com.kms.katalon.core.webui.exception.WebElementNotFoundException: Web element with id: 'Object Repository/Login/Page_IMSCAN - EDoc System/div_Home' located by 'By.xpath: id(&quot;pageHeader&quot;)[count(. | //div[@class = 'page-heading' and @id = 'pageHeader' and (text() = 'Home' or . = 'Home')]) = count(//div[@class = 'page-heading' and @id = 'pageHeader' and (text() = 'Home' or . = 'Home')])]' not found)"/>
         <system-out><![CDATA[2018-10-12 14:52:37 - [TEST_CASE][FAILED] - Test Cases/Smoke/TC-143_Login_ValidLogin: Test Cases/Smoke/TC-143_Login_ValidLogin FAILED because (of) Unable to click on object 'Object Repository/Login/Page_IMSCAN - EDoc System/div_Home' (Root cause: com.kms.katalon.core.webui.exception.WebElementNotFoundException: Web element with id: 'Object Repository/Login/Page_IMSCAN - EDoc System/div_Home' located by 'By.xpath: id("pageHeader")[count(. | //div[@class = 'page-heading' and @id = 'pageHeader' and (text() = 'Home' or . = 'Home')]) = count(//div[@class = 'page-heading' and @id = 'pageHeader' and (text() = 'Home' or . = 'Home')])]' not found)

2018-10-12 14:52:37 - [TEST_STEP][PASSED] - Start listener action : BeforeTestCaseOpenBrowser: Invoke 'com.kms.katalon.core.annotation.BeforeTestCase' method: 'ImScan.BeforeTestCaseOpenBrowser(...)' completed.

2018-10-12 14:52:37 - [TEST_STEP][PASSED] - openBrowser: Browser is opened with url: 'http://35.176.151.153/IMSCANCS/'

2018-10-12 14:52:42 - [MESSAGE][PASSED] - Browser is opened with url: 'http://35.176.151.153/IMSCANCS/'

2018-10-12 14:52:42 - [TEST_STEP][PASSED] - maximizeWindow: Current window maximized

2018-10-12 14:52:43 - [MESSAGE][PASSED] - Current window maximized

2018-10-12 14:52:43 - [TEST_STEP][PASSED] - Statement - TestID = testCaseContext.getTestCaseId(): null

2018-10-12 14:52:43 - [TEST_STEP][PASSED] - Statement - println(TestID): Invoke 'com.kms.katalon.core.annotation.BeforeTestCase' method: 'ImScan.BeforeTestCaseOpenBrowser(...)' completed.

2018-10-12 14:52:43 - [TEST_STEP][PASSED] - setText: Text 'Dixita123' is set on object 'Object Repository/Login/Page_IMSCAN/input_UserName'

2018-10-12 14:52:43 - [MESSAGE][PASSED] - Text 'Dixita123' is set on object 'Object Repository/Login/Page_IMSCAN/input_UserName'

2018-10-12 14:52:43 - [TEST_STEP][PASSED] - setText: Text 'Dixita123' is set on object 'Object Repository/Login/Page_IMSCAN/input_Password'

2018-10-12 14:52:43 - [MESSAGE][PASSED] - Text 'Dixita123' is set on object 'Object Repository/Login/Page_IMSCAN/input_Password'

2018-10-12 14:52:43 - [TEST_STEP][PASSED] - click: Object: 'Object Repository/Login/Page_IMSCAN/button_Login' is clicked on

2018-10-12 14:52:44 - [MESSAGE][PASSED] - Object: 'Object Repository/Login/Page_IMSCAN/button_Login' is clicked on

2018-10-12 14:52:44 - [TEST_STEP][FAILED] - click: Unable to click on object 'Object Repository/Login/Page_IMSCAN - EDoc System/div_Home' (Root cause: com.kms.katalon.core.webui.exception.WebElementNotFoundException: Web element with id: 'Object Repository/Login/Page_IMSCAN - EDoc System/div_Home' located by 'By.xpath: id("pageHeader")[count(. | //div[@class = 'page-heading' and @id = 'pageHeader' and (text() = 'Home' or . = 'Home')]) = count(//div[@class = 'page-heading' and @id = 'pageHeader' and (text() = 'Home' or . = 'Home')])]' not found)

2018-10-12 14:53:15 - [MESSAGE][FAILED] - Unable to click on object 'Object Repository/Login/Page_IMSCAN - EDoc System/div_Home' (Root cause: com.kms.katalon.core.webui.exception.WebElementNotFoundException: Web element with id: 'Object Repository/Login/Page_IMSCAN - EDoc System/div_Home' located by 'By.xpath: id("pageHeader")[count(. | //div[@class = 'page-heading' and @id = 'pageHeader' and (text() = 'Home' or . = 'Home')]) = count(//div[@class = 'page-heading' and @id = 'pageHeader' and (text() = 'Home' or . = 'Home')])]' not found)
[[ATTACHMENT|C:\\Users\\dikshita\\git\\imscanredev\\Reports\\Smoke\\20181012_145057\\1539336195678.png]]

2018-10-12 14:53:15 - [TEST_STEP][PASSED] - Start listener action : AfterTestCaseCloseBrowser: Browser is closed

2018-10-12 14:53:15 - [TEST_STEP][PASSED] - closeBrowser: Browser is closed

2018-10-12 14:53:16 - [MESSAGE][PASSED] - Browser is closed]]></system-out>
         <system-err><![CDATA[2018-10-12 14:52:37 - [TEST_CASE][FAILED] - Test Cases/Smoke/TC-143_Login_ValidLogin: Test Cases/Smoke/TC-143_Login_ValidLogin FAILED because (of) Unable to click on object 'Object Repository/Login/Page_IMSCAN - EDoc System/div_Home' (Root cause: com.kms.katalon.core.webui.exception.WebElementNotFoundException: Web element with id: 'Object Repository/Login/Page_IMSCAN - EDoc System/div_Home' located by 'By.xpath: id("pageHeader")[count(. | //div[@class = 'page-heading' and @id = 'pageHeader' and (text() = 'Home' or . = 'Home')]) = count(//div[@class = 'page-heading' and @id = 'pageHeader' and (text() = 'Home' or . = 'Home')])]' not found)]]></system-err>
      </testcase>
      <testcase name="Test Cases/Smoke/TC-145_Login_InvalidLogin" classname="Test Cases/Smoke/TC-145_Login_InvalidLogin" status="PASSED">
         <system-out><![CDATA[2018-10-12 14:53:16 - [TEST_CASE][PASSED] - Test Cases/Smoke/TC-145_Login_InvalidLogin: Browser is closed

2018-10-12 14:53:16 - [TEST_STEP][PASSED] - Start listener action : BeforeTestCaseOpenBrowser: Invoke 'com.kms.katalon.core.annotation.BeforeTestCase' method: 'ImScan.BeforeTestCaseOpenBrowser(...)' completed.

2018-10-12 14:53:16 - [TEST_STEP][PASSED] - openBrowser: Browser is opened with url: 'http://35.176.151.153/IMSCANCS/'

2018-10-12 14:53:24 - [MESSAGE][PASSED] - Browser is opened with url: 'http://35.176.151.153/IMSCANCS/'

2018-10-12 14:53:24 - [TEST_STEP][PASSED] - maximizeWindow: Current window maximized

2018-10-12 14:53:25 - [MESSAGE][PASSED] - Current window maximized

2018-10-12 14:53:25 - [TEST_STEP][PASSED] - Statement - TestID = testCaseContext.getTestCaseId(): null

2018-10-12 14:53:25 - [TEST_STEP][PASSED] - Statement - println(TestID): Invoke 'com.kms.katalon.core.annotation.BeforeTestCase' method: 'ImScan.BeforeTestCaseOpenBrowser(...)' completed.

2018-10-12 14:53:25 - [TEST_STEP][PASSED] - setText: Text 'Dixita' is set on object 'Object Repository/Login/Page_IMSCAN/input_UserName'

2018-10-12 14:53:25 - [MESSAGE][PASSED] - Text 'Dixita' is set on object 'Object Repository/Login/Page_IMSCAN/input_UserName'

2018-10-12 14:53:25 - [TEST_STEP][PASSED] - setText: Text 'Dixita3' is set on object 'Object Repository/Login/Page_IMSCAN/input_Password'

2018-10-12 14:53:25 - [MESSAGE][PASSED] - Text 'Dixita3' is set on object 'Object Repository/Login/Page_IMSCAN/input_Password'

2018-10-12 14:53:25 - [TEST_STEP][PASSED] - click: Object: 'Object Repository/Login/Page_IMSCAN/button_Login' is clicked on

2018-10-12 14:53:25 - [MESSAGE][PASSED] - Object: 'Object Repository/Login/Page_IMSCAN/button_Login' is clicked on

2018-10-12 14:53:25 - [TEST_STEP][PASSED] - Start listener action : AfterTestCaseCloseBrowser: Browser is closed

2018-10-12 14:53:25 - [TEST_STEP][PASSED] - closeBrowser: Browser is closed

2018-10-12 14:53:26 - [MESSAGE][PASSED] - Browser is closed]]></system-out>
         <system-err><![CDATA[]]></system-err>
      </testcase>
      <testcase name="Test Cases/Smoke/TC-164" classname="Test Cases/Smoke/TC-164" status="FAILED">
         <failure type="FAILED" message="Unable to click on object 'Object Repository/Settings/AddEmailFormat' (Root cause: com.kms.katalon.core.webui.exception.WebElementNotFoundException: Web element with id: 'Object Repository/Settings/AddEmailFormat' located by 'By.xpath: //span[@id='AddEmailFormatType']' not found)"/>
         <system-out><![CDATA[2018-10-12 14:53:26 - [TEST_CASE][FAILED] - Test Cases/Smoke/TC-164: Test Cases/Smoke/TC-164 FAILED because (of) Unable to click on object 'Object Repository/Settings/AddEmailFormat' (Root cause: com.kms.katalon.core.webui.exception.WebElementNotFoundException: Web element with id: 'Object Repository/Settings/AddEmailFormat' located by 'By.xpath: //span[@id='AddEmailFormatType']' not found)

2018-10-12 14:53:26 - [TEST_STEP][PASSED] - Start listener action : BeforeTestCaseOpenBrowser: Invoke 'com.kms.katalon.core.annotation.BeforeTestCase' method: 'ImScan.BeforeTestCaseOpenBrowser(...)' completed.

2018-10-12 14:53:26 - [TEST_STEP][PASSED] - openBrowser: Browser is opened with url: 'http://35.176.151.153/IMSCANCS/'

2018-10-12 14:53:31 - [MESSAGE][PASSED] - Browser is opened with url: 'http://35.176.151.153/IMSCANCS/'

2018-10-12 14:53:31 - [TEST_STEP][PASSED] - maximizeWindow: Current window maximized

2018-10-12 14:53:32 - [MESSAGE][PASSED] - Current window maximized

2018-10-12 14:53:32 - [TEST_STEP][PASSED] - Statement - TestID = testCaseContext.getTestCaseId(): null

2018-10-12 14:53:32 - [TEST_STEP][PASSED] - Statement - println(TestID): Invoke 'com.kms.katalon.core.annotation.BeforeTestCase' method: 'ImScan.BeforeTestCaseOpenBrowser(...)' completed.

2018-10-12 14:53:32 - [TEST_STEP][PASSED] - setText: Text 'Dixita123' is set on object 'Object Repository/Login/Page_IMSCAN/input_UserName'

2018-10-12 14:53:33 - [MESSAGE][PASSED] - Text 'Dixita123' is set on object 'Object Repository/Login/Page_IMSCAN/input_UserName'

2018-10-12 14:53:33 - [TEST_STEP][PASSED] - setText: Text 'Dixita123' is set on object 'Object Repository/Login/Page_IMSCAN/input_Password'

2018-10-12 14:53:33 - [MESSAGE][PASSED] - Text 'Dixita123' is set on object 'Object Repository/Login/Page_IMSCAN/input_Password'

2018-10-12 14:53:33 - [TEST_STEP][PASSED] - click: Object: 'Object Repository/Login/Page_IMSCAN/button_Login' is clicked on

2018-10-12 14:53:33 - [MESSAGE][PASSED] - Object: 'Object Repository/Login/Page_IMSCAN/button_Login' is clicked on

2018-10-12 14:53:33 - [TEST_STEP][PASSED] - delay: Delayed 3 second(s)

2018-10-12 14:53:36 - [MESSAGE][PASSED] - Delayed 3 second(s)

2018-10-12 14:53:36 - [TEST_STEP][PASSED] - scrollToElement: Scroll to object 'Object Repository/Settings/ClickOnSettings' successfully

2018-10-12 14:53:36 - [MESSAGE][PASSED] - Scroll to object 'Object Repository/Settings/ClickOnSettings' successfully

2018-10-12 14:53:36 - [TEST_STEP][PASSED] - click: Object: 'Object Repository/Settings/ClickOnSettings' is clicked on

2018-10-12 14:53:36 - [MESSAGE][PASSED] - Object: 'Object Repository/Settings/ClickOnSettings' is clicked on

2018-10-12 14:53:36 - [TEST_STEP][PASSED] - delay: Delayed 3 second(s)

2018-10-12 14:53:39 - [MESSAGE][PASSED] - Delayed 3 second(s)

2018-10-12 14:53:39 - [TEST_STEP][PASSED] - click: Object: 'Object Repository/Settings/ClickOnEmailFormat' is clicked on

2018-10-12 14:53:39 - [MESSAGE][PASSED] - Object: 'Object Repository/Settings/ClickOnEmailFormat' is clicked on

2018-10-12 14:53:39 - [TEST_STEP][FAILED] - click: Unable to click on object 'Object Repository/Settings/AddEmailFormat' (Root cause: com.kms.katalon.core.webui.exception.WebElementNotFoundException: Web element with id: 'Object Repository/Settings/AddEmailFormat' located by 'By.xpath: //span[@id='AddEmailFormatType']' not found)

2018-10-12 14:54:11 - [MESSAGE][FAILED] - Unable to click on object 'Object Repository/Settings/AddEmailFormat' (Root cause: com.kms.katalon.core.webui.exception.WebElementNotFoundException: Web element with id: 'Object Repository/Settings/AddEmailFormat' located by 'By.xpath: //span[@id='AddEmailFormatType']' not found)
[[ATTACHMENT|C:\\Users\\dikshita\\git\\imscanredev\\Reports\\Smoke\\20181012_145057\\1539336251645.png]]

2018-10-12 14:54:11 - [TEST_STEP][PASSED] - Start listener action : AfterTestCaseCloseBrowser: Browser is closed

2018-10-12 14:54:11 - [TEST_STEP][PASSED] - closeBrowser: Browser is closed

2018-10-12 14:54:12 - [MESSAGE][PASSED] - Browser is closed]]></system-out>
         <system-err><![CDATA[2018-10-12 14:53:26 - [TEST_CASE][FAILED] - Test Cases/Smoke/TC-164: Test Cases/Smoke/TC-164 FAILED because (of) Unable to click on object 'Object Repository/Settings/AddEmailFormat' (Root cause: com.kms.katalon.core.webui.exception.WebElementNotFoundException: Web element with id: 'Object Repository/Settings/AddEmailFormat' located by 'By.xpath: //span[@id='AddEmailFormatType']' not found)]]></system-err>
      </testcase>
      <testcase name="Test Cases/Smoke/TC-18_Create_New_Role" classname="Test Cases/Smoke/TC-18_Create_New_Role" status="FAILED">
         <failure type="FAILED" message="Unable to click on object 'Object Repository/Create_New_Role/Page_IMSCAN - Edocs/span_Create Role' (Root cause: org.openqa.selenium.WebDriverException: unknown error: Element &lt;span id=&quot;createRole&quot; data-toggle=&quot;modal&quot; data-target=&quot;#role-modal&quot;>...&lt;/span> is not clickable at point (1281, 95). Other element would receive the click: &lt;div class=&quot;docloadingdiv text-center modal fade&quot; id=&quot;generalLoadingDialog&quot; tabindex=&quot;-1&quot; role=&quot;dialog&quot; aria-hidden=&quot;true&quot; data-backdrop=&quot;false&quot; style=&quot;display: block;&quot;>...&lt;/div>
  (Session info: chrome=69.0.3497.100)
  (Driver info: chromedriver=2.35.528161 (5b82f2d2aae0ca24b877009200ced9065a772e73),platform=Windows NT 10.0.10240 x86_64) (WARNING: The server did not provide any stacktrace information)
Command duration or timeout: 0 milliseconds
Build info: version: '3.7.1', revision: '8a0099a', time: '2017-11-06T21:07:36.161Z'
System info: host: 'RSSPL43', ip: '192.168.25.73', os.name: 'Windows 10', os.arch: 'amd64', os.version: '10.0', java.version: '1.8.0_102'
Driver info: com.kms.katalon.selenium.driver.CChromeDriver
Capabilities {acceptInsecureCerts: false, acceptSslCerts: false, applicationCacheEnabled: false, browserConnectionEnabled: false, browserName: chrome, chrome: {chromedriverVersion: 2.35.528161 (5b82f2d2aae0ca..., userDataDir: C:\Users\Dikshita\AppData\L...}, cssSelectorsEnabled: true, databaseEnabled: false, handlesAlerts: true, hasTouchScreen: false, javascriptEnabled: true, locationContextEnabled: true, mobileEmulationEnabled: false, nativeEvents: true, networkConnectionEnabled: false, pageLoadStrategy: normal, platform: XP, platformName: XP, rotatable: false, setWindowRect: true, takesHeapSnapshot: true, takesScreenshot: true, unexpectedAlertBehaviour: , unhandledPromptBehavior: , version: 69.0.3497.100, webStorageEnabled: true}
Session ID: 0432cfc99ca6f881c79759c6bec50be5)"/>
         <system-out><![CDATA[2018-10-12 14:54:12 - [TEST_CASE][FAILED] - Test Cases/Smoke/TC-18_Create_New_Role: Test Cases/Smoke/TC-18_Create_New_Role FAILED because (of) Unable to click on object 'Object Repository/Create_New_Role/Page_IMSCAN - Edocs/span_Create Role' (Root cause: org.openqa.selenium.WebDriverException: unknown error: Element <span id="createRole" data-toggle="modal" data-target="#role-modal">...</span> is not clickable at point (1281, 95). Other element would receive the click: <div class="docloadingdiv text-center modal fade" id="generalLoadingDialog" tabindex="-1" role="dialog" aria-hidden="true" data-backdrop="false" style="display: block;">...</div>
  (Session info: chrome=69.0.3497.100)
  (Driver info: chromedriver=2.35.528161 (5b82f2d2aae0ca24b877009200ced9065a772e73),platform=Windows NT 10.0.10240 x86_64) (WARNING: The server did not provide any stacktrace information)
Command duration or timeout: 0 milliseconds
Build info: version: '3.7.1', revision: '8a0099a', time: '2017-11-06T21:07:36.161Z'
System info: host: 'RSSPL43', ip: '192.168.25.73', os.name: 'Windows 10', os.arch: 'amd64', os.version: '10.0', java.version: '1.8.0_102'
Driver info: com.kms.katalon.selenium.driver.CChromeDriver
Capabilities {acceptInsecureCerts: false, acceptSslCerts: false, applicationCacheEnabled: false, browserConnectionEnabled: false, browserName: chrome, chrome: {chromedriverVersion: 2.35.528161 (5b82f2d2aae0ca..., userDataDir: C:\Users\Dikshita\AppData\L...}, cssSelectorsEnabled: true, databaseEnabled: false, handlesAlerts: true, hasTouchScreen: false, javascriptEnabled: true, locationContextEnabled: true, mobileEmulationEnabled: false, nativeEvents: true, networkConnectionEnabled: false, pageLoadStrategy: normal, platform: XP, platformName: XP, rotatable: false, setWindowRect: true, takesHeapSnapshot: true, takesScreenshot: true, unexpectedAlertBehaviour: , unhandledPromptBehavior: , version: 69.0.3497.100, webStorageEnabled: true}
Session ID: 0432cfc99ca6f881c79759c6bec50be5)

2018-10-12 14:54:12 - [TEST_STEP][PASSED] - Start listener action : BeforeTestCaseOpenBrowser: Invoke 'com.kms.katalon.core.annotation.BeforeTestCase' method: 'ImScan.BeforeTestCaseOpenBrowser(...)' completed.

2018-10-12 14:54:12 - [TEST_STEP][PASSED] - openBrowser: Browser is opened with url: 'http://35.176.151.153/IMSCANCS/'

2018-10-12 14:54:17 - [MESSAGE][PASSED] - Browser is opened with url: 'http://35.176.151.153/IMSCANCS/'

2018-10-12 14:54:17 - [TEST_STEP][PASSED] - maximizeWindow: Current window maximized

2018-10-12 14:54:18 - [MESSAGE][PASSED] - Current window maximized

2018-10-12 14:54:18 - [TEST_STEP][PASSED] - Statement - TestID = testCaseContext.getTestCaseId(): null

2018-10-12 14:54:18 - [TEST_STEP][PASSED] - Statement - println(TestID): Invoke 'com.kms.katalon.core.annotation.BeforeTestCase' method: 'ImScan.BeforeTestCaseOpenBrowser(...)' completed.

2018-10-12 14:54:18 - [TEST_STEP][PASSED] - setText: Text 'Dixita123' is set on object 'Object Repository/Create_New_Role/Page_IMSCAN/input_UserName'

2018-10-12 14:54:18 - [MESSAGE][PASSED] - Text 'Dixita123' is set on object 'Object Repository/Create_New_Role/Page_IMSCAN/input_UserName'

2018-10-12 14:54:18 - [TEST_STEP][PASSED] - setText: Text 'Dixita123' is set on object 'Object Repository/Create_New_Role/Page_IMSCAN/input_Password'

2018-10-12 14:54:19 - [MESSAGE][PASSED] - Text 'Dixita123' is set on object 'Object Repository/Create_New_Role/Page_IMSCAN/input_Password'

2018-10-12 14:54:19 - [TEST_STEP][PASSED] - click: Object: 'Object Repository/Create_New_Role/Page_IMSCAN/button_Login' is clicked on

2018-10-12 14:54:19 - [MESSAGE][PASSED] - Object: 'Object Repository/Create_New_Role/Page_IMSCAN/button_Login' is clicked on

2018-10-12 14:54:19 - [TEST_STEP][PASSED] - click: Object: 'Object Repository/Create_New_Role/Page_IMSCAN - EDoc System/div_box' is clicked on

2018-10-12 14:54:20 - [MESSAGE][PASSED] - Object: 'Object Repository/Create_New_Role/Page_IMSCAN - EDoc System/div_box' is clicked on

2018-10-12 14:54:20 - [TEST_STEP][PASSED] - scrollToElement: Scroll to object 'Object Repository/Create_New_Role/Page_IMSCAN - Edocs/span_Create Role' successfully

2018-10-12 14:54:22 - [MESSAGE][PASSED] - Scroll to object 'Object Repository/Create_New_Role/Page_IMSCAN - Edocs/span_Create Role' successfully

2018-10-12 14:54:22 - [TEST_STEP][FAILED] - click: Unable to click on object 'Object Repository/Create_New_Role/Page_IMSCAN - Edocs/span_Create Role' (Root cause: org.openqa.selenium.WebDriverException: unknown error: Element <span id="createRole" data-toggle="modal" data-target="#role-modal">...</span> is not clickable at point (1281, 95). Other element would receive the click: <div class="docloadingdiv text-center modal fade" id="generalLoadingDialog" tabindex="-1" role="dialog" aria-hidden="true" data-backdrop="false" style="display: block;">...</div>
  (Session info: chrome=69.0.3497.100)
  (Driver info: chromedriver=2.35.528161 (5b82f2d2aae0ca24b877009200ced9065a772e73),platform=Windows NT 10.0.10240 x86_64) (WARNING: The server did not provide any stacktrace information)
Command duration or timeout: 0 milliseconds
Build info: version: '3.7.1', revision: '8a0099a', time: '2017-11-06T21:07:36.161Z'
System info: host: 'RSSPL43', ip: '192.168.25.73', os.name: 'Windows 10', os.arch: 'amd64', os.version: '10.0', java.version: '1.8.0_102'
Driver info: com.kms.katalon.selenium.driver.CChromeDriver
Capabilities {acceptInsecureCerts: false, acceptSslCerts: false, applicationCacheEnabled: false, browserConnectionEnabled: false, browserName: chrome, chrome: {chromedriverVersion: 2.35.528161 (5b82f2d2aae0ca..., userDataDir: C:\Users\Dikshita\AppData\L...}, cssSelectorsEnabled: true, databaseEnabled: false, handlesAlerts: true, hasTouchScreen: false, javascriptEnabled: true, locationContextEnabled: true, mobileEmulationEnabled: false, nativeEvents: true, networkConnectionEnabled: false, pageLoadStrategy: normal, platform: XP, platformName: XP, rotatable: false, setWindowRect: true, takesHeapSnapshot: true, takesScreenshot: true, unexpectedAlertBehaviour: , unhandledPromptBehavior: , version: 69.0.3497.100, webStorageEnabled: true}
Session ID: 0432cfc99ca6f881c79759c6bec50be5)

2018-10-12 14:54:23 - [MESSAGE][FAILED] - Unable to click on object 'Object Repository/Create_New_Role/Page_IMSCAN - Edocs/span_Create Role' (Root cause: org.openqa.selenium.WebDriverException: unknown error: Element <span id="createRole" data-toggle="modal" data-target="#role-modal">...</span> is not clickable at point (1281, 95). Other element would receive the click: <div class="docloadingdiv text-center modal fade" id="generalLoadingDialog" tabindex="-1" role="dialog" aria-hidden="true" data-backdrop="false" style="display: block;">...</div>
  (Session info: chrome=69.0.3497.100)
  (Driver info: chromedriver=2.35.528161 (5b82f2d2aae0ca24b877009200ced9065a772e73),platform=Windows NT 10.0.10240 x86_64) (WARNING: The server did not provide any stacktrace information)
Command duration or timeout: 0 milliseconds
Build info: version: '3.7.1', revision: '8a0099a', time: '2017-11-06T21:07:36.161Z'
System info: host: 'RSSPL43', ip: '192.168.25.73', os.name: 'Windows 10', os.arch: 'amd64', os.version: '10.0', java.version: '1.8.0_102'
Driver info: com.kms.katalon.selenium.driver.CChromeDriver
Capabilities {acceptInsecureCerts: false, acceptSslCerts: false, applicationCacheEnabled: false, browserConnectionEnabled: false, browserName: chrome, chrome: {chromedriverVersion: 2.35.528161 (5b82f2d2aae0ca..., userDataDir: C:\Users\Dikshita\AppData\L...}, cssSelectorsEnabled: true, databaseEnabled: false, handlesAlerts: true, hasTouchScreen: false, javascriptEnabled: true, locationContextEnabled: true, mobileEmulationEnabled: false, nativeEvents: true, networkConnectionEnabled: false, pageLoadStrategy: normal, platform: XP, platformName: XP, rotatable: false, setWindowRect: true, takesHeapSnapshot: true, takesScreenshot: true, unexpectedAlertBehaviour: , unhandledPromptBehavior: , version: 69.0.3497.100, webStorageEnabled: true}
Session ID: 0432cfc99ca6f881c79759c6bec50be5)
[[ATTACHMENT|C:\\Users\\dikshita\\git\\imscanredev\\Reports\\Smoke\\20181012_145057\\1539336263053.png]]

2018-10-12 14:54:23 - [TEST_STEP][PASSED] - Start listener action : AfterTestCaseCloseBrowser: Browser is closed

2018-10-12 14:54:23 - [TEST_STEP][PASSED] - closeBrowser: Browser is closed

2018-10-12 14:54:24 - [MESSAGE][PASSED] - Browser is closed]]></system-out>
         <system-err><![CDATA[2018-10-12 14:54:12 - [TEST_CASE][FAILED] - Test Cases/Smoke/TC-18_Create_New_Role: Test Cases/Smoke/TC-18_Create_New_Role FAILED because (of) Unable to click on object 'Object Repository/Create_New_Role/Page_IMSCAN - Edocs/span_Create Role' (Root cause: org.openqa.selenium.WebDriverException: unknown error: Element <span id="createRole" data-toggle="modal" data-target="#role-modal">...</span> is not clickable at point (1281, 95). Other element would receive the click: <div class="docloadingdiv text-center modal fade" id="generalLoadingDialog" tabindex="-1" role="dialog" aria-hidden="true" data-backdrop="false" style="display: block;">...</div>
  (Session info: chrome=69.0.3497.100)
  (Driver info: chromedriver=2.35.528161 (5b82f2d2aae0ca24b877009200ced9065a772e73),platform=Windows NT 10.0.10240 x86_64) (WARNING: The server did not provide any stacktrace information)
Command duration or timeout: 0 milliseconds
Build info: version: '3.7.1', revision: '8a0099a', time: '2017-11-06T21:07:36.161Z'
System info: host: 'RSSPL43', ip: '192.168.25.73', os.name: 'Windows 10', os.arch: 'amd64', os.version: '10.0', java.version: '1.8.0_102'
Driver info: com.kms.katalon.selenium.driver.CChromeDriver
Capabilities {acceptInsecureCerts: false, acceptSslCerts: false, applicationCacheEnabled: false, browserConnectionEnabled: false, browserName: chrome, chrome: {chromedriverVersion: 2.35.528161 (5b82f2d2aae0ca..., userDataDir: C:\Users\Dikshita\AppData\L...}, cssSelectorsEnabled: true, databaseEnabled: false, handlesAlerts: true, hasTouchScreen: false, javascriptEnabled: true, locationContextEnabled: true, mobileEmulationEnabled: false, nativeEvents: true, networkConnectionEnabled: false, pageLoadStrategy: normal, platform: XP, platformName: XP, rotatable: false, setWindowRect: true, takesHeapSnapshot: true, takesScreenshot: true, unexpectedAlertBehaviour: , unhandledPromptBehavior: , version: 69.0.3497.100, webStorageEnabled: true}
Session ID: 0432cfc99ca6f881c79759c6bec50be5)]]></system-err>
      </testcase>
      <testcase name="Test Cases/Smoke/TC-26" classname="Test Cases/Smoke/TC-26" status="FAILED">
         <failure type="FAILED" message="Unable to click on object 'Object Repository/Users/SelectAvailableDoctypes' (Root cause: com.kms.katalon.core.webui.exception.WebElementNotFoundException: Web element with id: 'Object Repository/Users/SelectAvailableDoctypes' located by 'By.xpath: //li[text()='Purchase Order']' not found)"/>
         <system-out><![CDATA[2018-10-12 14:54:24 - [TEST_CASE][FAILED] - Test Cases/Smoke/TC-26: Test Cases/Smoke/TC-26 FAILED because (of) Unable to click on object 'Object Repository/Users/SelectAvailableDoctypes' (Root cause: com.kms.katalon.core.webui.exception.WebElementNotFoundException: Web element with id: 'Object Repository/Users/SelectAvailableDoctypes' located by 'By.xpath: //li[text()='Purchase Order']' not found)

2018-10-12 14:54:24 - [TEST_STEP][PASSED] - Start listener action : BeforeTestCaseOpenBrowser: Invoke 'com.kms.katalon.core.annotation.BeforeTestCase' method: 'ImScan.BeforeTestCaseOpenBrowser(...)' completed.

2018-10-12 14:54:24 - [TEST_STEP][PASSED] - openBrowser: Browser is opened with url: 'http://35.176.151.153/IMSCANCS/'

2018-10-12 14:54:33 - [MESSAGE][PASSED] - Browser is opened with url: 'http://35.176.151.153/IMSCANCS/'

2018-10-12 14:54:33 - [TEST_STEP][PASSED] - maximizeWindow: Current window maximized

2018-10-12 14:54:34 - [MESSAGE][PASSED] - Current window maximized

2018-10-12 14:54:34 - [TEST_STEP][PASSED] - Statement - TestID = testCaseContext.getTestCaseId(): null

2018-10-12 14:54:34 - [TEST_STEP][PASSED] - Statement - println(TestID): Invoke 'com.kms.katalon.core.annotation.BeforeTestCase' method: 'ImScan.BeforeTestCaseOpenBrowser(...)' completed.

2018-10-12 14:54:35 - [TEST_STEP][PASSED] - setText: Text 'Dixita123' is set on object 'Object Repository/Login/Page_IMSCAN/input_UserName'

2018-10-12 14:54:35 - [MESSAGE][PASSED] - Text 'Dixita123' is set on object 'Object Repository/Login/Page_IMSCAN/input_UserName'

2018-10-12 14:54:35 - [TEST_STEP][PASSED] - setText: Text 'Dixita123' is set on object 'Object Repository/Login/Page_IMSCAN/input_Password'

2018-10-12 14:54:35 - [MESSAGE][PASSED] - Text 'Dixita123' is set on object 'Object Repository/Login/Page_IMSCAN/input_Password'

2018-10-12 14:54:35 - [TEST_STEP][PASSED] - click: Object: 'Object Repository/Login/Page_IMSCAN/button_Login' is clicked on

2018-10-12 14:54:35 - [MESSAGE][PASSED] - Object: 'Object Repository/Login/Page_IMSCAN/button_Login' is clicked on

2018-10-12 14:54:35 - [TEST_STEP][PASSED] - verifyElementPresent: Object 'Object Repository/Create_a_New_Dept/VerfiyHomePageDisplayed' is present

2018-10-12 14:54:37 - [MESSAGE][PASSED] - Object 'Object Repository/Create_a_New_Dept/VerfiyHomePageDisplayed' is present

2018-10-12 14:54:37 - [TEST_STEP][PASSED] - delay: Delayed 3 second(s)

2018-10-12 14:54:40 - [MESSAGE][PASSED] - Delayed 3 second(s)

2018-10-12 14:54:40 - [TEST_STEP][PASSED] - click: Object: 'Object Repository/Users/Users' is clicked on

2018-10-12 14:54:40 - [MESSAGE][PASSED] - Object: 'Object Repository/Users/Users' is clicked on

2018-10-12 14:54:40 - [TEST_STEP][PASSED] - delay: Delayed 5 second(s)

2018-10-12 14:54:45 - [MESSAGE][PASSED] - Delayed 5 second(s)

2018-10-12 14:54:45 - [TEST_STEP][PASSED] - click: Object: 'Object Repository/Users/CreateUser' is clicked on

2018-10-12 14:54:45 - [MESSAGE][PASSED] - Object: 'Object Repository/Users/CreateUser' is clicked on

2018-10-12 14:54:45 - [TEST_STEP][PASSED] - waitForAlert: No alert found after 5 second(s).

2018-10-12 14:54:50 - [MESSAGE][WARNING] - No alert found after 5 second(s).

2018-10-12 14:54:50 - [TEST_STEP][PASSED] - focus: Object: 'Object Repository/Users/UsersPopUp/Popup' is focused

2018-10-12 14:54:50 - [MESSAGE][PASSED] - Object: 'Object Repository/Users/UsersPopUp/Popup' is focused

2018-10-12 14:54:50 - [TEST_STEP][PASSED] - delay: Delayed 5 second(s)

2018-10-12 14:54:55 - [MESSAGE][PASSED] - Delayed 5 second(s)

2018-10-12 14:54:55 - [TEST_STEP][PASSED] - waitForElementVisible: Object 'Object Repository/Users/Firstname' is visible

2018-10-12 14:54:56 - [MESSAGE][PASSED] - Object 'Object Repository/Users/Firstname' is visible

2018-10-12 14:54:56 - [TEST_STEP][PASSED] - focus: Object: 'Object Repository/Users/Firstname' is focused

2018-10-12 14:54:56 - [MESSAGE][PASSED] - Object: 'Object Repository/Users/Firstname' is focused

2018-10-12 14:54:56 - [TEST_STEP][PASSED] - setText: Text 'Kinan' is set on object 'Object Repository/Users/Firstname'

2018-10-12 14:54:56 - [MESSAGE][PASSED] - Text 'Kinan' is set on object 'Object Repository/Users/Firstname'

2018-10-12 14:54:56 - [TEST_STEP][PASSED] - delay: Delayed 3 second(s)

2018-10-12 14:54:59 - [MESSAGE][PASSED] - Delayed 3 second(s)

2018-10-12 14:54:59 - [TEST_STEP][PASSED] - focus: Object: 'Object Repository/Users/Lastname' is focused

2018-10-12 14:54:59 - [MESSAGE][PASSED] - Object: 'Object Repository/Users/Lastname' is focused

2018-10-12 14:54:59 - [TEST_STEP][PASSED] - setText: Text 'Dsouza' is set on object 'Object Repository/Users/Lastname'

2018-10-12 14:54:59 - [MESSAGE][PASSED] - Text 'Dsouza' is set on object 'Object Repository/Users/Lastname'

2018-10-12 14:54:59 - [TEST_STEP][PASSED] - focus: Object: 'Object Repository/Users/Username' is focused

2018-10-12 14:54:59 - [MESSAGE][PASSED] - Object: 'Object Repository/Users/Username' is focused

2018-10-12 14:54:59 - [TEST_STEP][PASSED] - setText: Text 'Kinan' is set on object 'Object Repository/Users/Username'

2018-10-12 14:54:59 - [MESSAGE][PASSED] - Text 'Kinan' is set on object 'Object Repository/Users/Username'

2018-10-12 14:54:59 - [TEST_STEP][PASSED] - focus: Object: 'Object Repository/Users/Password' is focused

2018-10-12 14:55:00 - [MESSAGE][PASSED] - Object: 'Object Repository/Users/Password' is focused

2018-10-12 14:55:00 - [TEST_STEP][PASSED] - setText: Text 'Stevenson' is set on object 'Object Repository/Users/Password'

2018-10-12 14:55:00 - [MESSAGE][PASSED] - Text 'Stevenson' is set on object 'Object Repository/Users/Password'

2018-10-12 14:55:00 - [TEST_STEP][PASSED] - focus: Object: 'Object Repository/Users/emailId' is focused

2018-10-12 14:55:00 - [MESSAGE][PASSED] - Object: 'Object Repository/Users/emailId' is focused

2018-10-12 14:55:00 - [TEST_STEP][PASSED] - setText: Text 'Kinan@rsspl.com' is set on object 'Object Repository/Users/emailId'

2018-10-12 14:55:00 - [MESSAGE][PASSED] - Text 'Kinan@rsspl.com' is set on object 'Object Repository/Users/emailId'

2018-10-12 14:55:00 - [TEST_STEP][PASSED] - click: Object: 'Object Repository/Users/RoleSelection' is clicked on

2018-10-12 14:55:00 - [MESSAGE][PASSED] - Object: 'Object Repository/Users/RoleSelection' is clicked on

2018-10-12 14:55:00 - [TEST_STEP][PASSED] - selectOptionByValue: All options with value '1' are selected in object 'Object Repository/Users/RoleSelection' 

2018-10-12 14:55:00 - [MESSAGE][PASSED] - All options with value '1' are selected in object 'Object Repository/Users/RoleSelection' 

2018-10-12 14:55:00 - [TEST_STEP][FAILED] - click: Unable to click on object 'Object Repository/Users/SelectAvailableDoctypes' (Root cause: com.kms.katalon.core.webui.exception.WebElementNotFoundException: Web element with id: 'Object Repository/Users/SelectAvailableDoctypes' located by 'By.xpath: //li[text()='Purchase Order']' not found)

2018-10-12 14:55:32 - [MESSAGE][FAILED] - Unable to click on object 'Object Repository/Users/SelectAvailableDoctypes' (Root cause: com.kms.katalon.core.webui.exception.WebElementNotFoundException: Web element with id: 'Object Repository/Users/SelectAvailableDoctypes' located by 'By.xpath: //li[text()='Purchase Order']' not found)
[[ATTACHMENT|C:\\Users\\dikshita\\git\\imscanredev\\Reports\\Smoke\\20181012_145057\\1539336332298.png]]

2018-10-12 14:55:32 - [TEST_STEP][PASSED] - Start listener action : AfterTestCaseCloseBrowser: Browser is closed

2018-10-12 14:55:32 - [TEST_STEP][PASSED] - closeBrowser: Browser is closed

2018-10-12 14:55:33 - [MESSAGE][PASSED] - Browser is closed]]></system-out>
         <system-err><![CDATA[2018-10-12 14:54:24 - [TEST_CASE][FAILED] - Test Cases/Smoke/TC-26: Test Cases/Smoke/TC-26 FAILED because (of) Unable to click on object 'Object Repository/Users/SelectAvailableDoctypes' (Root cause: com.kms.katalon.core.webui.exception.WebElementNotFoundException: Web element with id: 'Object Repository/Users/SelectAvailableDoctypes' located by 'By.xpath: //li[text()='Purchase Order']' not found)]]></system-err>
      </testcase>
      <testcase name="Test Cases/Smoke/TC-356" classname="Test Cases/Smoke/TC-356" status="PASSED">
         <system-out><![CDATA[2018-10-12 14:55:33 - [TEST_CASE][PASSED] - Test Cases/Smoke/TC-356: Browser is closed

2018-10-12 14:55:33 - [TEST_STEP][PASSED] - Start listener action : BeforeTestCaseOpenBrowser: Invoke 'com.kms.katalon.core.annotation.BeforeTestCase' method: 'ImScan.BeforeTestCaseOpenBrowser(...)' completed.

2018-10-12 14:55:33 - [TEST_STEP][PASSED] - openBrowser: Browser is opened with url: 'http://35.176.151.153/IMSCANCS/'

2018-10-12 14:55:38 - [MESSAGE][PASSED] - Browser is opened with url: 'http://35.176.151.153/IMSCANCS/'

2018-10-12 14:55:38 - [TEST_STEP][PASSED] - maximizeWindow: Current window maximized

2018-10-12 14:55:39 - [MESSAGE][PASSED] - Current window maximized

2018-10-12 14:55:39 - [TEST_STEP][PASSED] - Statement - TestID = testCaseContext.getTestCaseId(): null

2018-10-12 14:55:39 - [TEST_STEP][PASSED] - Statement - println(TestID): Invoke 'com.kms.katalon.core.annotation.BeforeTestCase' method: 'ImScan.BeforeTestCaseOpenBrowser(...)' completed.

2018-10-12 14:55:39 - [TEST_STEP][PASSED] - setText: Text 'Dixita123' is set on object 'Object Repository/Login/Page_IMSCAN/input_UserName'

2018-10-12 14:55:40 - [MESSAGE][PASSED] - Text 'Dixita123' is set on object 'Object Repository/Login/Page_IMSCAN/input_UserName'

2018-10-12 14:55:40 - [TEST_STEP][PASSED] - setText: Text 'Dixita123' is set on object 'Object Repository/Login/Page_IMSCAN/input_Password'

2018-10-12 14:55:40 - [MESSAGE][PASSED] - Text 'Dixita123' is set on object 'Object Repository/Login/Page_IMSCAN/input_Password'

2018-10-12 14:55:40 - [TEST_STEP][PASSED] - click: Object: 'Object Repository/Login/Page_IMSCAN/button_Login' is clicked on

2018-10-12 14:55:40 - [MESSAGE][PASSED] - Object: 'Object Repository/Login/Page_IMSCAN/button_Login' is clicked on

2018-10-12 14:55:40 - [TEST_STEP][PASSED] - delay: Delayed 3 second(s)

2018-10-12 14:55:43 - [MESSAGE][PASSED] - Delayed 3 second(s)

2018-10-12 14:55:43 - [TEST_STEP][PASSED] - verifyElementPresent: Object 'Object Repository/Create_a_New_Dept/VerfiyHomePageDisplayed' is present

2018-10-12 14:55:43 - [MESSAGE][PASSED] - Object 'Object Repository/Create_a_New_Dept/VerfiyHomePageDisplayed' is present

2018-10-12 14:55:43 - [TEST_STEP][PASSED] - delay: Delayed 3 second(s)

2018-10-12 14:55:46 - [MESSAGE][PASSED] - Delayed 3 second(s)

2018-10-12 14:55:46 - [TEST_STEP][PASSED] - click: Object: 'Object Repository/Import/ClickOnImport' is clicked on

2018-10-12 14:55:46 - [MESSAGE][PASSED] - Object: 'Object Repository/Import/ClickOnImport' is clicked on

2018-10-12 14:55:46 - [TEST_STEP][PASSED] - delay: Delayed 15 second(s)

2018-10-12 14:56:01 - [MESSAGE][PASSED] - Delayed 15 second(s)

2018-10-12 14:56:01 - [TEST_STEP][PASSED] - focus: Object: 'Object Repository/Import/Import_PopUP' is focused

2018-10-12 14:56:06 - [MESSAGE][PASSED] - Object: 'Object Repository/Import/Import_PopUP' is focused

2018-10-12 14:56:06 - [TEST_STEP][PASSED] - uploadFile: File 'C:\\Users\\Dikshita\\Desktop\\ScannedImport\\testmerge.pdf' sent to object: 'Object Repository/Import/Browse'

2018-10-12 14:56:06 - [MESSAGE][PASSED] - File 'C:\\Users\\Dikshita\\Desktop\\ScannedImport\\testmerge.pdf' sent to object: 'Object Repository/Import/Browse'

2018-10-12 14:56:06 - [TEST_STEP][PASSED] - click: Object: 'Object Repository/Import/ClickOnOK(fileUpload)' is clicked on

2018-10-12 14:56:11 - [MESSAGE][PASSED] - Object: 'Object Repository/Import/ClickOnOK(fileUpload)' is clicked on

2018-10-12 14:56:11 - [TEST_STEP][PASSED] - delay: Delayed 10 second(s)

2018-10-12 14:56:21 - [MESSAGE][PASSED] - Delayed 10 second(s)

2018-10-12 14:56:21 - [TEST_STEP][PASSED] - selectOptionByIndex: All options with index in [4] are selected on object 'Object Repository/Import/SelectDocType'

2018-10-12 14:56:22 - [MESSAGE][PASSED] - All options with index in [4] are selected on object 'Object Repository/Import/SelectDocType'

2018-10-12 14:56:22 - [TEST_STEP][PASSED] - click: Object: 'Object Repository/Import/completebutton' is clicked on

2018-10-12 14:56:22 - [MESSAGE][PASSED] - Object: 'Object Repository/Import/completebutton' is clicked on

2018-10-12 14:56:22 - [TEST_STEP][PASSED] - Start listener action : AfterTestCaseCloseBrowser: Browser is closed

2018-10-12 14:56:22 - [TEST_STEP][PASSED] - closeBrowser: Browser is closed

2018-10-12 14:56:23 - [MESSAGE][PASSED] - Browser is closed]]></system-out>
         <system-err><![CDATA[]]></system-err>
      </testcase>
      <testcase name="Test Cases/Smoke/TC-43" classname="Test Cases/Smoke/TC-43" status="FAILED">
         <failure type="FAILED" message="Unable to select option by index '2' of object 'Object Repository/DocumentType/Database' (Root cause: java.lang.IllegalArgumentException: Index '2' is invalid (valid indexes are: [0..1]))"/>
         <system-out><![CDATA[2018-10-12 14:56:23 - [TEST_CASE][FAILED] - Test Cases/Smoke/TC-43: Test Cases/Smoke/TC-43 FAILED because (of) Unable to select option by index '2' of object 'Object Repository/DocumentType/Database' (Root cause: java.lang.IllegalArgumentException: Index '2' is invalid (valid indexes are: [0..1]))

2018-10-12 14:56:23 - [TEST_STEP][PASSED] - Start listener action : BeforeTestCaseOpenBrowser: Invoke 'com.kms.katalon.core.annotation.BeforeTestCase' method: 'ImScan.BeforeTestCaseOpenBrowser(...)' completed.

2018-10-12 14:56:23 - [TEST_STEP][PASSED] - openBrowser: Browser is opened with url: 'http://35.176.151.153/IMSCANCS/'

2018-10-12 14:56:28 - [MESSAGE][PASSED] - Browser is opened with url: 'http://35.176.151.153/IMSCANCS/'

2018-10-12 14:56:28 - [TEST_STEP][PASSED] - maximizeWindow: Current window maximized

2018-10-12 14:56:29 - [MESSAGE][PASSED] - Current window maximized

2018-10-12 14:56:29 - [TEST_STEP][PASSED] - Statement - TestID = testCaseContext.getTestCaseId(): null

2018-10-12 14:56:29 - [TEST_STEP][PASSED] - Statement - println(TestID): Invoke 'com.kms.katalon.core.annotation.BeforeTestCase' method: 'ImScan.BeforeTestCaseOpenBrowser(...)' completed.

2018-10-12 14:56:29 - [TEST_STEP][PASSED] - setText: Text 'Dixita123' is set on object 'Object Repository/Login/Page_IMSCAN/input_UserName'

2018-10-12 14:56:29 - [MESSAGE][PASSED] - Text 'Dixita123' is set on object 'Object Repository/Login/Page_IMSCAN/input_UserName'

2018-10-12 14:56:29 - [TEST_STEP][PASSED] - setText: Text 'Dixita123' is set on object 'Object Repository/Login/Page_IMSCAN/input_Password'

2018-10-12 14:56:30 - [MESSAGE][PASSED] - Text 'Dixita123' is set on object 'Object Repository/Login/Page_IMSCAN/input_Password'

2018-10-12 14:56:30 - [TEST_STEP][PASSED] - click: Object: 'Object Repository/Login/Page_IMSCAN/button_Login' is clicked on

2018-10-12 14:56:30 - [MESSAGE][PASSED] - Object: 'Object Repository/Login/Page_IMSCAN/button_Login' is clicked on

2018-10-12 14:56:30 - [TEST_STEP][PASSED] - delay: Delayed 2 second(s)

2018-10-12 14:56:32 - [MESSAGE][PASSED] - Delayed 2 second(s)

2018-10-12 14:56:32 - [TEST_STEP][PASSED] - scrollToElement: Scroll to object 'Object Repository/DocumentType/ClickOnDocumentType' successfully

2018-10-12 14:56:32 - [MESSAGE][PASSED] - Scroll to object 'Object Repository/DocumentType/ClickOnDocumentType' successfully

2018-10-12 14:56:32 - [TEST_STEP][PASSED] - click: Object: 'Object Repository/DocumentType/ClickOnDocumentType' is clicked on

2018-10-12 14:56:32 - [MESSAGE][PASSED] - Object: 'Object Repository/DocumentType/ClickOnDocumentType' is clicked on

2018-10-12 14:56:32 - [TEST_STEP][PASSED] - click: Object: 'Object Repository/DocumentType/ClickOnCreateDocument' is clicked on

2018-10-12 14:56:33 - [MESSAGE][PASSED] - Object: 'Object Repository/DocumentType/ClickOnCreateDocument' is clicked on

2018-10-12 14:56:33 - [TEST_STEP][PASSED] - sendKeys: Keys 'Finance Docs' sent to object: 'Object Repository/DocumentType/Enter_DocumentName'

2018-10-12 14:56:34 - [MESSAGE][PASSED] - Keys 'Finance Docs' sent to object: 'Object Repository/DocumentType/Enter_DocumentName'

2018-10-12 14:56:34 - [TEST_STEP][PASSED] - click: Object: 'Object Repository/DocumentType/Enter-ClickOnFolderName' is clicked on

2018-10-12 14:56:34 - [MESSAGE][PASSED] - Object: 'Object Repository/DocumentType/Enter-ClickOnFolderName' is clicked on

2018-10-12 14:56:34 - [TEST_STEP][PASSED] - click: Object: 'Object Repository/DocumentType/ContinueButton' is clicked on

2018-10-12 14:56:34 - [MESSAGE][PASSED] - Object: 'Object Repository/DocumentType/ContinueButton' is clicked on

2018-10-12 14:56:34 - [TEST_STEP][PASSED] - delay: Delayed 2 second(s)

2018-10-12 14:56:36 - [MESSAGE][PASSED] - Delayed 2 second(s)

2018-10-12 14:56:36 - [TEST_STEP][PASSED] - selectOptionByIndex: All options with index in [1] are selected on object 'Object Repository/DocumentType/AddField'

2018-10-12 14:56:36 - [MESSAGE][PASSED] - All options with index in [1] are selected on object 'Object Repository/DocumentType/AddField'

2018-10-12 14:56:36 - [TEST_STEP][PASSED] - focus: Object: 'Object Repository/DocumentType/AddindexFieldPopUp' is focused

2018-10-12 14:56:36 - [MESSAGE][PASSED] - Object: 'Object Repository/DocumentType/AddindexFieldPopUp' is focused

2018-10-12 14:56:36 - [TEST_STEP][PASSED] - verifyElementPresent: Object 'Object Repository/DocumentType/AddindexFieldPopUp' is present

2018-10-12 14:56:36 - [MESSAGE][PASSED] - Object 'Object Repository/DocumentType/AddindexFieldPopUp' is present

2018-10-12 14:56:36 - [TEST_STEP][PASSED] - sendKeys: Keys 'cost' sent to object: 'Object Repository/DocumentType/NameOFIndexField'

2018-10-12 14:56:37 - [MESSAGE][PASSED] - Keys 'cost' sent to object: 'Object Repository/DocumentType/NameOFIndexField'

2018-10-12 14:56:37 - [TEST_STEP][PASSED] - selectOptionByIndex: All options with index in [1] are selected on object 'Object Repository/DocumentType/TypeOfIndex'

2018-10-12 14:56:37 - [MESSAGE][PASSED] - All options with index in [1] are selected on object 'Object Repository/DocumentType/TypeOfIndex'

2018-10-12 14:56:37 - [TEST_STEP][PASSED] - sendKeys: Keys '0' sent to object: 'Object Repository/DocumentType/DecimalPlaces'

2018-10-12 14:56:37 - [MESSAGE][PASSED] - Keys '0' sent to object: 'Object Repository/DocumentType/DecimalPlaces'

2018-10-12 14:56:37 - [TEST_STEP][PASSED] - sendKeys: Keys '9' sent to object: 'Object Repository/DocumentType/Size'

2018-10-12 14:56:37 - [MESSAGE][PASSED] - Keys '9' sent to object: 'Object Repository/DocumentType/Size'

2018-10-12 14:56:37 - [TEST_STEP][PASSED] - selectOptionByIndex: All options with index in [1] are selected on object 'Object Repository/DocumentType/AddTrigger'

2018-10-12 14:56:37 - [MESSAGE][PASSED] - All options with index in [1] are selected on object 'Object Repository/DocumentType/AddTrigger'

2018-10-12 14:56:37 - [TEST_STEP][PASSED] - click: Object: 'Object Repository/DocumentType/Next' is clicked on

2018-10-12 14:56:37 - [MESSAGE][PASSED] - Object: 'Object Repository/DocumentType/Next' is clicked on

2018-10-12 14:56:37 - [TEST_STEP][PASSED] - delay: Delayed 3 second(s)

2018-10-12 14:56:40 - [MESSAGE][PASSED] - Delayed 3 second(s)

2018-10-12 14:56:40 - [TEST_STEP][FAILED] - selectOptionByIndex: Unable to select option by index '2' of object 'Object Repository/DocumentType/Database' (Root cause: java.lang.IllegalArgumentException: Index '2' is invalid (valid indexes are: [0..1]))

2018-10-12 14:56:41 - [MESSAGE][FAILED] - Unable to select option by index '2' of object 'Object Repository/DocumentType/Database' (Root cause: java.lang.IllegalArgumentException: Index '2' is invalid (valid indexes are: [0..1]))
[[ATTACHMENT|C:\\Users\\dikshita\\git\\imscanredev\\Reports\\Smoke\\20181012_145057\\1539336401020.png]]

2018-10-12 14:56:41 - [TEST_STEP][PASSED] - Start listener action : AfterTestCaseCloseBrowser: Browser is closed

2018-10-12 14:56:41 - [TEST_STEP][PASSED] - closeBrowser: Browser is closed

2018-10-12 14:56:41 - [MESSAGE][PASSED] - Browser is closed]]></system-out>
         <system-err><![CDATA[2018-10-12 14:56:23 - [TEST_CASE][FAILED] - Test Cases/Smoke/TC-43: Test Cases/Smoke/TC-43 FAILED because (of) Unable to select option by index '2' of object 'Object Repository/DocumentType/Database' (Root cause: java.lang.IllegalArgumentException: Index '2' is invalid (valid indexes are: [0..1]))]]></system-err>
      </testcase>
      <testcase name="Test Cases/Smoke/TC-46" classname="Test Cases/Smoke/TC-46" status="FAILED">
         <failure type="FAILED" message="Unable to click on object 'Object Repository/Settings/AddEmailSettings' (Root cause: com.kms.katalon.core.webui.exception.WebElementNotFoundException: Web element with id: 'Object Repository/Settings/AddEmailSettings' located by 'By.xpath: //span[@id='AddEmailSetting']' not found)"/>
         <system-out><![CDATA[2018-10-12 14:56:41 - [TEST_CASE][FAILED] - Test Cases/Smoke/TC-46: Test Cases/Smoke/TC-46 FAILED because (of) Unable to click on object 'Object Repository/Settings/AddEmailSettings' (Root cause: com.kms.katalon.core.webui.exception.WebElementNotFoundException: Web element with id: 'Object Repository/Settings/AddEmailSettings' located by 'By.xpath: //span[@id='AddEmailSetting']' not found)

2018-10-12 14:56:41 - [TEST_STEP][PASSED] - Start listener action : BeforeTestCaseOpenBrowser: Invoke 'com.kms.katalon.core.annotation.BeforeTestCase' method: 'ImScan.BeforeTestCaseOpenBrowser(...)' completed.

2018-10-12 14:56:41 - [TEST_STEP][PASSED] - openBrowser: Browser is opened with url: 'http://35.176.151.153/IMSCANCS/'

2018-10-12 14:56:47 - [MESSAGE][PASSED] - Browser is opened with url: 'http://35.176.151.153/IMSCANCS/'

2018-10-12 14:56:47 - [TEST_STEP][PASSED] - maximizeWindow: Current window maximized

2018-10-12 14:56:48 - [MESSAGE][PASSED] - Current window maximized

2018-10-12 14:56:48 - [TEST_STEP][PASSED] - Statement - TestID = testCaseContext.getTestCaseId(): null

2018-10-12 14:56:48 - [TEST_STEP][PASSED] - Statement - println(TestID): Invoke 'com.kms.katalon.core.annotation.BeforeTestCase' method: 'ImScan.BeforeTestCaseOpenBrowser(...)' completed.

2018-10-12 14:56:48 - [TEST_STEP][PASSED] - setText: Text 'Dixita123' is set on object 'Object Repository/Login/Page_IMSCAN/input_UserName'

2018-10-12 14:56:48 - [MESSAGE][PASSED] - Text 'Dixita123' is set on object 'Object Repository/Login/Page_IMSCAN/input_UserName'

2018-10-12 14:56:48 - [TEST_STEP][PASSED] - setText: Text 'Dixita123' is set on object 'Object Repository/Login/Page_IMSCAN/input_Password'

2018-10-12 14:56:49 - [MESSAGE][PASSED] - Text 'Dixita123' is set on object 'Object Repository/Login/Page_IMSCAN/input_Password'

2018-10-12 14:56:49 - [TEST_STEP][PASSED] - click: Object: 'Object Repository/Login/Page_IMSCAN/button_Login' is clicked on

2018-10-12 14:56:49 - [MESSAGE][PASSED] - Object: 'Object Repository/Login/Page_IMSCAN/button_Login' is clicked on

2018-10-12 14:56:49 - [TEST_STEP][PASSED] - scrollToElement: Scroll to object 'Object Repository/Settings/ClickOnSettings' successfully

2018-10-12 14:56:50 - [MESSAGE][PASSED] - Scroll to object 'Object Repository/Settings/ClickOnSettings' successfully

2018-10-12 14:56:50 - [TEST_STEP][PASSED] - click: Object: 'Object Repository/Settings/ClickOnSettings' is clicked on

2018-10-12 14:56:50 - [MESSAGE][PASSED] - Object: 'Object Repository/Settings/ClickOnSettings' is clicked on

2018-10-12 14:56:50 - [TEST_STEP][PASSED] - click: Object: 'Object Repository/Settings/ClickOnEmailSettings' is clicked on

2018-10-12 14:56:51 - [MESSAGE][PASSED] - Object: 'Object Repository/Settings/ClickOnEmailSettings' is clicked on

2018-10-12 14:56:51 - [TEST_STEP][PASSED] - delay: Delayed 2 second(s)

2018-10-12 14:56:53 - [MESSAGE][PASSED] - Delayed 2 second(s)

2018-10-12 14:56:53 - [TEST_STEP][PASSED] - click: Object: 'Object Repository/Settings/ClickOnEmailSettings' is clicked on

2018-10-12 14:56:53 - [MESSAGE][PASSED] - Object: 'Object Repository/Settings/ClickOnEmailSettings' is clicked on

2018-10-12 14:56:53 - [TEST_STEP][FAILED] - click: Unable to click on object 'Object Repository/Settings/AddEmailSettings' (Root cause: com.kms.katalon.core.webui.exception.WebElementNotFoundException: Web element with id: 'Object Repository/Settings/AddEmailSettings' located by 'By.xpath: //span[@id='AddEmailSetting']' not found)

2018-10-12 14:57:25 - [MESSAGE][FAILED] - Unable to click on object 'Object Repository/Settings/AddEmailSettings' (Root cause: com.kms.katalon.core.webui.exception.WebElementNotFoundException: Web element with id: 'Object Repository/Settings/AddEmailSettings' located by 'By.xpath: //span[@id='AddEmailSetting']' not found)
[[ATTACHMENT|C:\\Users\\dikshita\\git\\imscanredev\\Reports\\Smoke\\20181012_145057\\1539336444764.png]]

2018-10-12 14:57:25 - [TEST_STEP][PASSED] - Start listener action : AfterTestCaseCloseBrowser: Browser is closed

2018-10-12 14:57:25 - [TEST_STEP][PASSED] - closeBrowser: Browser is closed

2018-10-12 14:57:25 - [MESSAGE][PASSED] - Browser is closed]]></system-out>
         <system-err><![CDATA[2018-10-12 14:56:41 - [TEST_CASE][FAILED] - Test Cases/Smoke/TC-46: Test Cases/Smoke/TC-46 FAILED because (of) Unable to click on object 'Object Repository/Settings/AddEmailSettings' (Root cause: com.kms.katalon.core.webui.exception.WebElementNotFoundException: Web element with id: 'Object Repository/Settings/AddEmailSettings' located by 'By.xpath: //span[@id='AddEmailSetting']' not found)]]></system-err>
      </testcase>
      <testcase name="Test Cases/Smoke/TC-48" classname="Test Cases/Smoke/TC-48" status="FAILED">
         <failure type="FAILED" message="Unable to click on object 'Object Repository/Settings/AddEmailSettings' (Root cause: com.kms.katalon.core.webui.exception.WebElementNotFoundException: Web element with id: 'Object Repository/Settings/AddEmailSettings' located by 'By.xpath: //span[@id='AddEmailSetting']' not found)"/>
         <system-out><![CDATA[2018-10-12 14:57:25 - [TEST_CASE][FAILED] - Test Cases/Smoke/TC-48: Test Cases/Smoke/TC-48 FAILED because (of) Unable to click on object 'Object Repository/Settings/AddEmailSettings' (Root cause: com.kms.katalon.core.webui.exception.WebElementNotFoundException: Web element with id: 'Object Repository/Settings/AddEmailSettings' located by 'By.xpath: //span[@id='AddEmailSetting']' not found)

2018-10-12 14:57:25 - [TEST_STEP][PASSED] - Start listener action : BeforeTestCaseOpenBrowser: Invoke 'com.kms.katalon.core.annotation.BeforeTestCase' method: 'ImScan.BeforeTestCaseOpenBrowser(...)' completed.

2018-10-12 14:57:25 - [TEST_STEP][PASSED] - openBrowser: Browser is opened with url: 'http://35.176.151.153/IMSCANCS/'

2018-10-12 14:57:36 - [MESSAGE][PASSED] - Browser is opened with url: 'http://35.176.151.153/IMSCANCS/'

2018-10-12 14:57:36 - [TEST_STEP][PASSED] - maximizeWindow: Current window maximized

2018-10-12 14:57:37 - [MESSAGE][PASSED] - Current window maximized

2018-10-12 14:57:37 - [TEST_STEP][PASSED] - Statement - TestID = testCaseContext.getTestCaseId(): null

2018-10-12 14:57:37 - [TEST_STEP][PASSED] - Statement - println(TestID): Invoke 'com.kms.katalon.core.annotation.BeforeTestCase' method: 'ImScan.BeforeTestCaseOpenBrowser(...)' completed.

2018-10-12 14:57:37 - [TEST_STEP][PASSED] - setText: Text 'Dixita123' is set on object 'Object Repository/Login/Page_IMSCAN/input_UserName'

2018-10-12 14:57:38 - [MESSAGE][PASSED] - Text 'Dixita123' is set on object 'Object Repository/Login/Page_IMSCAN/input_UserName'

2018-10-12 14:57:38 - [TEST_STEP][PASSED] - setText: Text 'Dixita123' is set on object 'Object Repository/Login/Page_IMSCAN/input_Password'

2018-10-12 14:57:38 - [MESSAGE][PASSED] - Text 'Dixita123' is set on object 'Object Repository/Login/Page_IMSCAN/input_Password'

2018-10-12 14:57:38 - [TEST_STEP][PASSED] - click: Object: 'Object Repository/Login/Page_IMSCAN/button_Login' is clicked on

2018-10-12 14:57:38 - [MESSAGE][PASSED] - Object: 'Object Repository/Login/Page_IMSCAN/button_Login' is clicked on

2018-10-12 14:57:38 - [TEST_STEP][PASSED] - scrollToElement: Scroll to object 'Object Repository/Settings/ClickOnSettings' successfully

2018-10-12 14:57:40 - [MESSAGE][PASSED] - Scroll to object 'Object Repository/Settings/ClickOnSettings' successfully

2018-10-12 14:57:40 - [TEST_STEP][PASSED] - click: Object: 'Object Repository/Settings/ClickOnSettings' is clicked on

2018-10-12 14:57:40 - [MESSAGE][PASSED] - Object: 'Object Repository/Settings/ClickOnSettings' is clicked on

2018-10-12 14:57:40 - [TEST_STEP][PASSED] - delay: Delayed 2 second(s)

2018-10-12 14:57:42 - [MESSAGE][PASSED] - Delayed 2 second(s)

2018-10-12 14:57:42 - [TEST_STEP][PASSED] - click: Object: 'Object Repository/Settings/ClickOnEmailSettings' is clicked on

2018-10-12 14:57:42 - [MESSAGE][PASSED] - Object: 'Object Repository/Settings/ClickOnEmailSettings' is clicked on

2018-10-12 14:57:42 - [TEST_STEP][FAILED] - click: Unable to click on object 'Object Repository/Settings/AddEmailSettings' (Root cause: com.kms.katalon.core.webui.exception.WebElementNotFoundException: Web element with id: 'Object Repository/Settings/AddEmailSettings' located by 'By.xpath: //span[@id='AddEmailSetting']' not found)

2018-10-12 14:58:14 - [MESSAGE][FAILED] - Unable to click on object 'Object Repository/Settings/AddEmailSettings' (Root cause: com.kms.katalon.core.webui.exception.WebElementNotFoundException: Web element with id: 'Object Repository/Settings/AddEmailSettings' located by 'By.xpath: //span[@id='AddEmailSetting']' not found)
[[ATTACHMENT|C:\\Users\\dikshita\\git\\imscanredev\\Reports\\Smoke\\20181012_145057\\1539336493743.png]]

2018-10-12 14:58:14 - [TEST_STEP][PASSED] - Start listener action : AfterTestCaseCloseBrowser: Browser is closed

2018-10-12 14:58:14 - [TEST_STEP][PASSED] - closeBrowser: Browser is closed

2018-10-12 14:58:14 - [MESSAGE][PASSED] - Browser is closed]]></system-out>
         <system-err><![CDATA[2018-10-12 14:57:25 - [TEST_CASE][FAILED] - Test Cases/Smoke/TC-48: Test Cases/Smoke/TC-48 FAILED because (of) Unable to click on object 'Object Repository/Settings/AddEmailSettings' (Root cause: com.kms.katalon.core.webui.exception.WebElementNotFoundException: Web element with id: 'Object Repository/Settings/AddEmailSettings' located by 'By.xpath: //span[@id='AddEmailSetting']' not found)]]></system-err>
      </testcase>
      <testcase name="Test Cases/Smoke/TC-536" classname="Test Cases/Smoke/TC-536" status="FAILED">
         <failure type="FAILED" message="Unable to click on object 'Object Repository/Indexing/Edit_1st_Batch' (Root cause: com.kms.katalon.core.webui.exception.WebElementNotFoundException: Web element with id: 'Object Repository/Indexing/Edit_1st_Batch' located by 'By.xpath: (//i[@class='fa fa-pencil iconsInTable'])[1]' not found)"/>
         <system-out><![CDATA[2018-10-12 14:58:14 - [TEST_CASE][FAILED] - Test Cases/Smoke/TC-536: Test Cases/Smoke/TC-536 FAILED because (of) Unable to click on object 'Object Repository/Indexing/Edit_1st_Batch' (Root cause: com.kms.katalon.core.webui.exception.WebElementNotFoundException: Web element with id: 'Object Repository/Indexing/Edit_1st_Batch' located by 'By.xpath: (//i[@class='fa fa-pencil iconsInTable'])[1]' not found)

2018-10-12 14:58:14 - [TEST_STEP][PASSED] - Start listener action : BeforeTestCaseOpenBrowser: Invoke 'com.kms.katalon.core.annotation.BeforeTestCase' method: 'ImScan.BeforeTestCaseOpenBrowser(...)' completed.

2018-10-12 14:58:14 - [TEST_STEP][PASSED] - openBrowser: Browser is opened with url: 'http://35.176.151.153/IMSCANCS/'

2018-10-12 14:58:24 - [MESSAGE][PASSED] - Browser is opened with url: 'http://35.176.151.153/IMSCANCS/'

2018-10-12 14:58:24 - [TEST_STEP][PASSED] - maximizeWindow: Current window maximized

2018-10-12 14:58:26 - [MESSAGE][PASSED] - Current window maximized

2018-10-12 14:58:26 - [TEST_STEP][PASSED] - Statement - TestID = testCaseContext.getTestCaseId(): null

2018-10-12 14:58:26 - [TEST_STEP][PASSED] - Statement - println(TestID): Invoke 'com.kms.katalon.core.annotation.BeforeTestCase' method: 'ImScan.BeforeTestCaseOpenBrowser(...)' completed.

2018-10-12 14:58:26 - [TEST_STEP][PASSED] - setText: Text 'Dixita123' is set on object 'Object Repository/Login/Page_IMSCAN/input_UserName'

2018-10-12 14:58:26 - [MESSAGE][PASSED] - Text 'Dixita123' is set on object 'Object Repository/Login/Page_IMSCAN/input_UserName'

2018-10-12 14:58:26 - [TEST_STEP][PASSED] - setText: Text 'Dixita123' is set on object 'Object Repository/Login/Page_IMSCAN/input_Password'

2018-10-12 14:58:26 - [MESSAGE][PASSED] - Text 'Dixita123' is set on object 'Object Repository/Login/Page_IMSCAN/input_Password'

2018-10-12 14:58:26 - [TEST_STEP][PASSED] - click: Object: 'Object Repository/Login/Page_IMSCAN/button_Login' is clicked on

2018-10-12 14:58:26 - [MESSAGE][PASSED] - Object: 'Object Repository/Login/Page_IMSCAN/button_Login' is clicked on

2018-10-12 14:58:26 - [TEST_STEP][PASSED] - verifyElementPresent: Object 'Object Repository/Home/VerifyHomePage' is present

2018-10-12 14:58:28 - [MESSAGE][PASSED] - Object 'Object Repository/Home/VerifyHomePage' is present

2018-10-12 14:58:28 - [TEST_STEP][PASSED] - scrollToElement: Scroll to object 'Object Repository/Indexing/Click_On_Indexing' successfully

2018-10-12 14:58:28 - [MESSAGE][PASSED] - Scroll to object 'Object Repository/Indexing/Click_On_Indexing' successfully

2018-10-12 14:58:28 - [TEST_STEP][PASSED] - click: Object: 'Object Repository/Indexing/Click_On_Indexing' is clicked on

2018-10-12 14:58:28 - [MESSAGE][PASSED] - Object: 'Object Repository/Indexing/Click_On_Indexing' is clicked on

2018-10-12 14:58:28 - [TEST_STEP][PASSED] - click: Object: 'Object Repository/Indexing/BatchNO' is clicked on

2018-10-12 14:58:29 - [MESSAGE][PASSED] - Object: 'Object Repository/Indexing/BatchNO' is clicked on

2018-10-12 14:58:29 - [TEST_STEP][PASSED] - click: Object: 'Object Repository/Indexing/BatchNO' is clicked on

2018-10-12 14:58:29 - [MESSAGE][PASSED] - Object: 'Object Repository/Indexing/BatchNO' is clicked on

2018-10-12 14:58:29 - [TEST_STEP][PASSED] - delay: Delayed 2 second(s)

2018-10-12 14:58:31 - [MESSAGE][PASSED] - Delayed 2 second(s)

2018-10-12 14:58:31 - [TEST_STEP][PASSED] - focus: Object: 'Object Repository/Indexing/Last_Indexed_Batch' is focused

2018-10-12 14:58:31 - [MESSAGE][PASSED] - Object: 'Object Repository/Indexing/Last_Indexed_Batch' is focused

2018-10-12 14:58:31 - [TEST_STEP][FAILED] - click: Unable to click on object 'Object Repository/Indexing/Edit_1st_Batch' (Root cause: com.kms.katalon.core.webui.exception.WebElementNotFoundException: Web element with id: 'Object Repository/Indexing/Edit_1st_Batch' located by 'By.xpath: (//i[@class='fa fa-pencil iconsInTable'])[1]' not found)

2018-10-12 14:59:02 - [MESSAGE][FAILED] - Unable to click on object 'Object Repository/Indexing/Edit_1st_Batch' (Root cause: com.kms.katalon.core.webui.exception.WebElementNotFoundException: Web element with id: 'Object Repository/Indexing/Edit_1st_Batch' located by 'By.xpath: (//i[@class='fa fa-pencil iconsInTable'])[1]' not found)
[[ATTACHMENT|C:\\Users\\dikshita\\git\\imscanredev\\Reports\\Smoke\\20181012_145057\\1539336542337.png]]

2018-10-12 14:59:02 - [TEST_STEP][PASSED] - Start listener action : AfterTestCaseCloseBrowser: Browser is closed

2018-10-12 14:59:02 - [TEST_STEP][PASSED] - closeBrowser: Browser is closed

2018-10-12 14:59:03 - [MESSAGE][PASSED] - Browser is closed]]></system-out>
         <system-err><![CDATA[2018-10-12 14:58:14 - [TEST_CASE][FAILED] - Test Cases/Smoke/TC-536: Test Cases/Smoke/TC-536 FAILED because (of) Unable to click on object 'Object Repository/Indexing/Edit_1st_Batch' (Root cause: com.kms.katalon.core.webui.exception.WebElementNotFoundException: Web element with id: 'Object Repository/Indexing/Edit_1st_Batch' located by 'By.xpath: (//i[@class='fa fa-pencil iconsInTable'])[1]' not found)]]></system-err>
      </testcase>
      <testcase name="Test Cases/Smoke/TC-62" classname="Test Cases/Smoke/TC-62" status="FAILED">
         <failure type="FAILED" message="Unable to click on object 'Object Repository/Settings/CreateDBconnections' (Root cause: com.kms.katalon.core.webui.exception.WebElementNotFoundException: Web element with id: 'Object Repository/Settings/CreateDBconnections' located by 'By.cssSelector: #createConnection' not found)"/>
         <system-out><![CDATA[2018-10-12 14:59:03 - [TEST_CASE][FAILED] - Test Cases/Smoke/TC-62: Test Cases/Smoke/TC-62 FAILED because (of) Unable to click on object 'Object Repository/Settings/CreateDBconnections' (Root cause: com.kms.katalon.core.webui.exception.WebElementNotFoundException: Web element with id: 'Object Repository/Settings/CreateDBconnections' located by 'By.cssSelector: #createConnection' not found)

2018-10-12 14:59:03 - [TEST_STEP][PASSED] - Start listener action : BeforeTestCaseOpenBrowser: Invoke 'com.kms.katalon.core.annotation.BeforeTestCase' method: 'ImScan.BeforeTestCaseOpenBrowser(...)' completed.

2018-10-12 14:59:03 - [TEST_STEP][PASSED] - openBrowser: Browser is opened with url: 'http://35.176.151.153/IMSCANCS/'

2018-10-12 14:59:08 - [MESSAGE][PASSED] - Browser is opened with url: 'http://35.176.151.153/IMSCANCS/'

2018-10-12 14:59:08 - [TEST_STEP][PASSED] - maximizeWindow: Current window maximized

2018-10-12 14:59:09 - [MESSAGE][PASSED] - Current window maximized

2018-10-12 14:59:09 - [TEST_STEP][PASSED] - Statement - TestID = testCaseContext.getTestCaseId(): null

2018-10-12 14:59:09 - [TEST_STEP][PASSED] - Statement - println(TestID): Invoke 'com.kms.katalon.core.annotation.BeforeTestCase' method: 'ImScan.BeforeTestCaseOpenBrowser(...)' completed.

2018-10-12 14:59:09 - [TEST_STEP][PASSED] - setText: Text 'Dixita123' is set on object 'Object Repository/Login/Page_IMSCAN/input_UserName'

2018-10-12 14:59:10 - [MESSAGE][PASSED] - Text 'Dixita123' is set on object 'Object Repository/Login/Page_IMSCAN/input_UserName'

2018-10-12 14:59:10 - [TEST_STEP][PASSED] - setText: Text 'Dixita123' is set on object 'Object Repository/Login/Page_IMSCAN/input_Password'

2018-10-12 14:59:10 - [MESSAGE][PASSED] - Text 'Dixita123' is set on object 'Object Repository/Login/Page_IMSCAN/input_Password'

2018-10-12 14:59:10 - [TEST_STEP][PASSED] - click: Object: 'Object Repository/Login/Page_IMSCAN/button_Login' is clicked on

2018-10-12 14:59:10 - [MESSAGE][PASSED] - Object: 'Object Repository/Login/Page_IMSCAN/button_Login' is clicked on

2018-10-12 14:59:10 - [TEST_STEP][PASSED] - scrollToElement: Scroll to object 'Object Repository/Settings/ClickOnSettings' successfully

2018-10-12 14:59:11 - [MESSAGE][PASSED] - Scroll to object 'Object Repository/Settings/ClickOnSettings' successfully

2018-10-12 14:59:11 - [TEST_STEP][PASSED] - click: Object: 'Object Repository/Settings/ClickOnSettings' is clicked on

2018-10-12 14:59:12 - [MESSAGE][PASSED] - Object: 'Object Repository/Settings/ClickOnSettings' is clicked on

2018-10-12 14:59:12 - [TEST_STEP][PASSED] - click: Object: 'Object Repository/Settings/ClickOnDatabaseConnections' is clicked on

2018-10-12 14:59:12 - [MESSAGE][PASSED] - Object: 'Object Repository/Settings/ClickOnDatabaseConnections' is clicked on

2018-10-12 14:59:12 - [TEST_STEP][PASSED] - delay: Delayed 2 second(s)

2018-10-12 14:59:14 - [MESSAGE][PASSED] - Delayed 2 second(s)

2018-10-12 14:59:14 - [TEST_STEP][FAILED] - click: Unable to click on object 'Object Repository/Settings/CreateDBconnections' (Root cause: com.kms.katalon.core.webui.exception.WebElementNotFoundException: Web element with id: 'Object Repository/Settings/CreateDBconnections' located by 'By.cssSelector: #createConnection' not found)

2018-10-12 14:59:46 - [MESSAGE][FAILED] - Unable to click on object 'Object Repository/Settings/CreateDBconnections' (Root cause: com.kms.katalon.core.webui.exception.WebElementNotFoundException: Web element with id: 'Object Repository/Settings/CreateDBconnections' located by 'By.cssSelector: #createConnection' not found)
[[ATTACHMENT|C:\\Users\\dikshita\\git\\imscanredev\\Reports\\Smoke\\20181012_145057\\1539336586091.png]]

2018-10-12 14:59:46 - [TEST_STEP][PASSED] - Start listener action : AfterTestCaseCloseBrowser: Browser is closed

2018-10-12 14:59:46 - [TEST_STEP][PASSED] - closeBrowser: Browser is closed

2018-10-12 14:59:47 - [MESSAGE][PASSED] - Browser is closed]]></system-out>
         <system-err><![CDATA[2018-10-12 14:59:03 - [TEST_CASE][FAILED] - Test Cases/Smoke/TC-62: Test Cases/Smoke/TC-62 FAILED because (of) Unable to click on object 'Object Repository/Settings/CreateDBconnections' (Root cause: com.kms.katalon.core.webui.exception.WebElementNotFoundException: Web element with id: 'Object Repository/Settings/CreateDBconnections' located by 'By.cssSelector: #createConnection' not found)]]></system-err>
      </testcase>
      <testcase name="Test Cases/Smoke/TC-68" classname="Test Cases/Smoke/TC-68" status="FAILED">
         <failure type="FAILED" message="Unable to focus on object 'Object Repository/Settings/RecentDBconnected' (Root cause: com.kms.katalon.core.webui.exception.WebElementNotFoundException: Web element with id: 'Object Repository/Settings/RecentDBconnected' located by 'By.xpath: //td[text()='Automation']' not found)"/>
         <system-out><![CDATA[2018-10-12 14:59:47 - [TEST_CASE][FAILED] - Test Cases/Smoke/TC-68: Test Cases/Smoke/TC-68 FAILED because (of) Unable to focus on object 'Object Repository/Settings/RecentDBconnected' (Root cause: com.kms.katalon.core.webui.exception.WebElementNotFoundException: Web element with id: 'Object Repository/Settings/RecentDBconnected' located by 'By.xpath: //td[text()='Automation']' not found)

2018-10-12 14:59:47 - [TEST_STEP][PASSED] - Start listener action : BeforeTestCaseOpenBrowser: Invoke 'com.kms.katalon.core.annotation.BeforeTestCase' method: 'ImScan.BeforeTestCaseOpenBrowser(...)' completed.

2018-10-12 14:59:47 - [TEST_STEP][PASSED] - openBrowser: Browser is opened with url: 'http://35.176.151.153/IMSCANCS/'

2018-10-12 14:59:51 - [MESSAGE][PASSED] - Browser is opened with url: 'http://35.176.151.153/IMSCANCS/'

2018-10-12 14:59:51 - [TEST_STEP][PASSED] - maximizeWindow: Current window maximized

2018-10-12 14:59:52 - [MESSAGE][PASSED] - Current window maximized

2018-10-12 14:59:52 - [TEST_STEP][PASSED] - Statement - TestID = testCaseContext.getTestCaseId(): null

2018-10-12 14:59:52 - [TEST_STEP][PASSED] - Statement - println(TestID): Invoke 'com.kms.katalon.core.annotation.BeforeTestCase' method: 'ImScan.BeforeTestCaseOpenBrowser(...)' completed.

2018-10-12 14:59:52 - [TEST_STEP][PASSED] - setText: Text 'Dixita123' is set on object 'Object Repository/Login/Page_IMSCAN/input_UserName'

2018-10-12 14:59:52 - [MESSAGE][PASSED] - Text 'Dixita123' is set on object 'Object Repository/Login/Page_IMSCAN/input_UserName'

2018-10-12 14:59:52 - [TEST_STEP][PASSED] - setText: Text 'Dixita123' is set on object 'Object Repository/Login/Page_IMSCAN/input_Password'

2018-10-12 14:59:53 - [MESSAGE][PASSED] - Text 'Dixita123' is set on object 'Object Repository/Login/Page_IMSCAN/input_Password'

2018-10-12 14:59:53 - [TEST_STEP][PASSED] - click: Object: 'Object Repository/Login/Page_IMSCAN/button_Login' is clicked on

2018-10-12 14:59:53 - [MESSAGE][PASSED] - Object: 'Object Repository/Login/Page_IMSCAN/button_Login' is clicked on

2018-10-12 14:59:53 - [TEST_STEP][PASSED] - scrollToElement: Scroll to object 'Object Repository/Settings/ClickOnSettings' successfully

2018-10-12 14:59:54 - [MESSAGE][PASSED] - Scroll to object 'Object Repository/Settings/ClickOnSettings' successfully

2018-10-12 14:59:54 - [TEST_STEP][PASSED] - click: Object: 'Object Repository/Settings/ClickOnSettings' is clicked on

2018-10-12 14:59:54 - [MESSAGE][PASSED] - Object: 'Object Repository/Settings/ClickOnSettings' is clicked on

2018-10-12 14:59:54 - [TEST_STEP][PASSED] - click: Object: 'Object Repository/Settings/ClickOnDatabaseConnections' is clicked on

2018-10-12 14:59:55 - [MESSAGE][PASSED] - Object: 'Object Repository/Settings/ClickOnDatabaseConnections' is clicked on

2018-10-12 14:59:55 - [TEST_STEP][FAILED] - focus: Unable to focus on object 'Object Repository/Settings/RecentDBconnected' (Root cause: com.kms.katalon.core.webui.exception.WebElementNotFoundException: Web element with id: 'Object Repository/Settings/RecentDBconnected' located by 'By.xpath: //td[text()='Automation']' not found)

2018-10-12 15:00:27 - [MESSAGE][FAILED] - Unable to focus on object 'Object Repository/Settings/RecentDBconnected' (Root cause: com.kms.katalon.core.webui.exception.WebElementNotFoundException: Web element with id: 'Object Repository/Settings/RecentDBconnected' located by 'By.xpath: //td[text()='Automation']' not found)
[[ATTACHMENT|C:\\Users\\dikshita\\git\\imscanredev\\Reports\\Smoke\\20181012_145057\\1539336627049.png]]

2018-10-12 15:00:27 - [TEST_STEP][PASSED] - Start listener action : AfterTestCaseCloseBrowser: Browser is closed

2018-10-12 15:00:27 - [TEST_STEP][PASSED] - closeBrowser: Browser is closed

2018-10-12 15:00:27 - [MESSAGE][PASSED] - Browser is closed]]></system-out>
         <system-err><![CDATA[2018-10-12 14:59:47 - [TEST_CASE][FAILED] - Test Cases/Smoke/TC-68: Test Cases/Smoke/TC-68 FAILED because (of) Unable to focus on object 'Object Repository/Settings/RecentDBconnected' (Root cause: com.kms.katalon.core.webui.exception.WebElementNotFoundException: Web element with id: 'Object Repository/Settings/RecentDBconnected' located by 'By.xpath: //td[text()='Automation']' not found)]]></system-err>
      </testcase>
      <testcase name="Test Cases/Smoke/TC-86" classname="Test Cases/Smoke/TC-86" status="FAILED">
         <failure type="FAILED" message="Unable to click on object 'Object Repository/Settings/AddSMTPsettings' (Root cause: com.kms.katalon.core.webui.exception.WebElementNotFoundException: Web element with id: 'Object Repository/Settings/AddSMTPsettings' located by 'By.xpath: //span[@id='createSmtp']' not found)"/>
         <system-out><![CDATA[2018-10-12 15:00:27 - [TEST_CASE][FAILED] - Test Cases/Smoke/TC-86: Test Cases/Smoke/TC-86 FAILED because (of) Unable to click on object 'Object Repository/Settings/AddSMTPsettings' (Root cause: com.kms.katalon.core.webui.exception.WebElementNotFoundException: Web element with id: 'Object Repository/Settings/AddSMTPsettings' located by 'By.xpath: //span[@id='createSmtp']' not found)

2018-10-12 15:00:28 - [TEST_STEP][PASSED] - Start listener action : BeforeTestCaseOpenBrowser: Invoke 'com.kms.katalon.core.annotation.BeforeTestCase' method: 'ImScan.BeforeTestCaseOpenBrowser(...)' completed.

2018-10-12 15:00:28 - [TEST_STEP][PASSED] - openBrowser: Browser is opened with url: 'http://35.176.151.153/IMSCANCS/'

2018-10-12 15:00:32 - [MESSAGE][PASSED] - Browser is opened with url: 'http://35.176.151.153/IMSCANCS/'

2018-10-12 15:00:32 - [TEST_STEP][PASSED] - maximizeWindow: Current window maximized

2018-10-12 15:00:33 - [MESSAGE][PASSED] - Current window maximized

2018-10-12 15:00:33 - [TEST_STEP][PASSED] - Statement - TestID = testCaseContext.getTestCaseId(): null

2018-10-12 15:00:33 - [TEST_STEP][PASSED] - Statement - println(TestID): Invoke 'com.kms.katalon.core.annotation.BeforeTestCase' method: 'ImScan.BeforeTestCaseOpenBrowser(...)' completed.

2018-10-12 15:00:33 - [TEST_STEP][PASSED] - setText: Text 'Dixita123' is set on object 'Object Repository/Login/Page_IMSCAN/input_UserName'

2018-10-12 15:00:33 - [MESSAGE][PASSED] - Text 'Dixita123' is set on object 'Object Repository/Login/Page_IMSCAN/input_UserName'

2018-10-12 15:00:33 - [TEST_STEP][PASSED] - setText: Text 'Dixita123' is set on object 'Object Repository/Login/Page_IMSCAN/input_Password'

2018-10-12 15:00:33 - [MESSAGE][PASSED] - Text 'Dixita123' is set on object 'Object Repository/Login/Page_IMSCAN/input_Password'

2018-10-12 15:00:33 - [TEST_STEP][PASSED] - click: Object: 'Object Repository/Login/Page_IMSCAN/button_Login' is clicked on

2018-10-12 15:00:33 - [MESSAGE][PASSED] - Object: 'Object Repository/Login/Page_IMSCAN/button_Login' is clicked on

2018-10-12 15:00:33 - [TEST_STEP][PASSED] - scrollToElement: Scroll to object 'Object Repository/Settings/ClickOnSettings' successfully

2018-10-12 15:00:35 - [MESSAGE][PASSED] - Scroll to object 'Object Repository/Settings/ClickOnSettings' successfully

2018-10-12 15:00:35 - [TEST_STEP][PASSED] - click: Object: 'Object Repository/Settings/ClickOnSettings' is clicked on

2018-10-12 15:00:35 - [MESSAGE][PASSED] - Object: 'Object Repository/Settings/ClickOnSettings' is clicked on

2018-10-12 15:00:35 - [TEST_STEP][PASSED] - click: Object: 'Object Repository/Settings/ClickOnSMTPsettings' is clicked on

2018-10-12 15:00:35 - [MESSAGE][PASSED] - Object: 'Object Repository/Settings/ClickOnSMTPsettings' is clicked on

2018-10-12 15:00:35 - [TEST_STEP][FAILED] - click: Unable to click on object 'Object Repository/Settings/AddSMTPsettings' (Root cause: com.kms.katalon.core.webui.exception.WebElementNotFoundException: Web element with id: 'Object Repository/Settings/AddSMTPsettings' located by 'By.xpath: //span[@id='createSmtp']' not found)

2018-10-12 15:01:07 - [MESSAGE][FAILED] - Unable to click on object 'Object Repository/Settings/AddSMTPsettings' (Root cause: com.kms.katalon.core.webui.exception.WebElementNotFoundException: Web element with id: 'Object Repository/Settings/AddSMTPsettings' located by 'By.xpath: //span[@id='createSmtp']' not found)
[[ATTACHMENT|C:\\Users\\dikshita\\git\\imscanredev\\Reports\\Smoke\\20181012_145057\\1539336667091.png]]

2018-10-12 15:01:07 - [TEST_STEP][PASSED] - Start listener action : AfterTestCaseCloseBrowser: Browser is closed

2018-10-12 15:01:07 - [TEST_STEP][PASSED] - closeBrowser: Browser is closed

2018-10-12 15:01:08 - [MESSAGE][PASSED] - Browser is closed]]></system-out>
         <system-err><![CDATA[2018-10-12 15:00:27 - [TEST_CASE][FAILED] - Test Cases/Smoke/TC-86: Test Cases/Smoke/TC-86 FAILED because (of) Unable to click on object 'Object Repository/Settings/AddSMTPsettings' (Root cause: com.kms.katalon.core.webui.exception.WebElementNotFoundException: Web element with id: 'Object Repository/Settings/AddSMTPsettings' located by 'By.xpath: //span[@id='createSmtp']' not found)]]></system-err>
      </testcase>
      <testcase name="Test Cases/Smoke/TC-493" classname="Test Cases/Smoke/TC-493" status="PASSED">
         <system-out><![CDATA[2018-10-12 15:01:08 - [TEST_CASE][PASSED] - Test Cases/Smoke/TC-493: Browser is closed

2018-10-12 15:01:08 - [TEST_STEP][PASSED] - Start listener action : BeforeTestCaseOpenBrowser: Invoke 'com.kms.katalon.core.annotation.BeforeTestCase' method: 'ImScan.BeforeTestCaseOpenBrowser(...)' completed.

2018-10-12 15:01:08 - [TEST_STEP][PASSED] - openBrowser: Browser is opened with url: 'http://35.176.151.153/IMSCANCS/'

2018-10-12 15:01:12 - [MESSAGE][PASSED] - Browser is opened with url: 'http://35.176.151.153/IMSCANCS/'

2018-10-12 15:01:12 - [TEST_STEP][PASSED] - maximizeWindow: Current window maximized

2018-10-12 15:01:13 - [MESSAGE][PASSED] - Current window maximized

2018-10-12 15:01:13 - [TEST_STEP][PASSED] - Statement - TestID = testCaseContext.getTestCaseId(): null

2018-10-12 15:01:13 - [TEST_STEP][PASSED] - Statement - println(TestID): Invoke 'com.kms.katalon.core.annotation.BeforeTestCase' method: 'ImScan.BeforeTestCaseOpenBrowser(...)' completed.

2018-10-12 15:01:13 - [TEST_STEP][PASSED] - setText: Text 'Dixita123' is set on object 'Object Repository/Login/Page_IMSCAN/input_UserName'

2018-10-12 15:01:13 - [MESSAGE][PASSED] - Text 'Dixita123' is set on object 'Object Repository/Login/Page_IMSCAN/input_UserName'

2018-10-12 15:01:13 - [TEST_STEP][PASSED] - setText: Text 'Dixita123' is set on object 'Object Repository/Login/Page_IMSCAN/input_Password'

2018-10-12 15:01:13 - [MESSAGE][PASSED] - Text 'Dixita123' is set on object 'Object Repository/Login/Page_IMSCAN/input_Password'

2018-10-12 15:01:13 - [TEST_STEP][PASSED] - click: Object: 'Object Repository/Login/Page_IMSCAN/button_Login' is clicked on

2018-10-12 15:01:14 - [MESSAGE][PASSED] - Object: 'Object Repository/Login/Page_IMSCAN/button_Login' is clicked on

2018-10-12 15:01:14 - [TEST_STEP][PASSED] - verifyElementPresent: Object 'Object Repository/Create_a_New_Dept/VerfiyHomePageDisplayed' is present

2018-10-12 15:01:15 - [MESSAGE][PASSED] - Object 'Object Repository/Create_a_New_Dept/VerfiyHomePageDisplayed' is present

2018-10-12 15:01:15 - [TEST_STEP][PASSED] - delay: Delayed 3 second(s)

2018-10-12 15:01:18 - [MESSAGE][PASSED] - Delayed 3 second(s)

2018-10-12 15:01:18 - [TEST_STEP][PASSED] - Start listener action : AfterTestCaseCloseBrowser: Browser is closed

2018-10-12 15:01:18 - [TEST_STEP][PASSED] - closeBrowser: Browser is closed

2018-10-12 15:01:19 - [MESSAGE][PASSED] - Browser is closed]]></system-out>
         <system-err><![CDATA[]]></system-err>
      </testcase>
      <testcase name="Test Cases/Smoke/TC-532" classname="Test Cases/Smoke/TC-532" status="FAILED">
         <failure type="FAILED" message="Unable to send keys 'cost' to object 'Object Repository/DocumentType/NameOFIndexField' (Root cause: org.openqa.selenium.ElementNotVisibleException: element not visible
  (Session info: chrome=69.0.3497.100)
  (Driver info: chromedriver=2.35.528161 (5b82f2d2aae0ca24b877009200ced9065a772e73),platform=Windows NT 10.0.10240 x86_64) (WARNING: The server did not provide any stacktrace information)
Command duration or timeout: 0 milliseconds
Build info: version: '3.7.1', revision: '8a0099a', time: '2017-11-06T21:07:36.161Z'
System info: host: 'RSSPL43', ip: '192.168.25.73', os.name: 'Windows 10', os.arch: 'amd64', os.version: '10.0', java.version: '1.8.0_102'
Driver info: com.kms.katalon.selenium.driver.CChromeDriver
Capabilities {acceptInsecureCerts: false, acceptSslCerts: false, applicationCacheEnabled: false, browserConnectionEnabled: false, browserName: chrome, chrome: {chromedriverVersion: 2.35.528161 (5b82f2d2aae0ca..., userDataDir: C:\Users\Dikshita\AppData\L...}, cssSelectorsEnabled: true, databaseEnabled: false, handlesAlerts: true, hasTouchScreen: false, javascriptEnabled: true, locationContextEnabled: true, mobileEmulationEnabled: false, nativeEvents: true, networkConnectionEnabled: false, pageLoadStrategy: normal, platform: XP, platformName: XP, rotatable: false, setWindowRect: true, takesHeapSnapshot: true, takesScreenshot: true, unexpectedAlertBehaviour: , unhandledPromptBehavior: , version: 69.0.3497.100, webStorageEnabled: true}
Session ID: e0748a5c5423065a857d032017f2d41d)"/>
         <system-out><![CDATA[2018-10-12 15:01:19 - [TEST_CASE][FAILED] - Test Cases/Smoke/TC-532: Test Cases/Smoke/TC-532 FAILED because (of) Unable to send keys 'cost' to object 'Object Repository/DocumentType/NameOFIndexField' (Root cause: org.openqa.selenium.ElementNotVisibleException: element not visible
  (Session info: chrome=69.0.3497.100)
  (Driver info: chromedriver=2.35.528161 (5b82f2d2aae0ca24b877009200ced9065a772e73),platform=Windows NT 10.0.10240 x86_64) (WARNING: The server did not provide any stacktrace information)
Command duration or timeout: 0 milliseconds
Build info: version: '3.7.1', revision: '8a0099a', time: '2017-11-06T21:07:36.161Z'
System info: host: 'RSSPL43', ip: '192.168.25.73', os.name: 'Windows 10', os.arch: 'amd64', os.version: '10.0', java.version: '1.8.0_102'
Driver info: com.kms.katalon.selenium.driver.CChromeDriver
Capabilities {acceptInsecureCerts: false, acceptSslCerts: false, applicationCacheEnabled: false, browserConnectionEnabled: false, browserName: chrome, chrome: {chromedriverVersion: 2.35.528161 (5b82f2d2aae0ca..., userDataDir: C:\Users\Dikshita\AppData\L...}, cssSelectorsEnabled: true, databaseEnabled: false, handlesAlerts: true, hasTouchScreen: false, javascriptEnabled: true, locationContextEnabled: true, mobileEmulationEnabled: false, nativeEvents: true, networkConnectionEnabled: false, pageLoadStrategy: normal, platform: XP, platformName: XP, rotatable: false, setWindowRect: true, takesHeapSnapshot: true, takesScreenshot: true, unexpectedAlertBehaviour: , unhandledPromptBehavior: , version: 69.0.3497.100, webStorageEnabled: true}
Session ID: e0748a5c5423065a857d032017f2d41d)

2018-10-12 15:01:19 - [TEST_STEP][PASSED] - Start listener action : BeforeTestCaseOpenBrowser: Invoke 'com.kms.katalon.core.annotation.BeforeTestCase' method: 'ImScan.BeforeTestCaseOpenBrowser(...)' completed.

2018-10-12 15:01:19 - [TEST_STEP][PASSED] - openBrowser: Browser is opened with url: 'http://35.176.151.153/IMSCANCS/'

2018-10-12 15:01:23 - [MESSAGE][PASSED] - Browser is opened with url: 'http://35.176.151.153/IMSCANCS/'

2018-10-12 15:01:23 - [TEST_STEP][PASSED] - maximizeWindow: Current window maximized

2018-10-12 15:01:24 - [MESSAGE][PASSED] - Current window maximized

2018-10-12 15:01:24 - [TEST_STEP][PASSED] - Statement - TestID = testCaseContext.getTestCaseId(): null

2018-10-12 15:01:24 - [TEST_STEP][PASSED] - Statement - println(TestID): Invoke 'com.kms.katalon.core.annotation.BeforeTestCase' method: 'ImScan.BeforeTestCaseOpenBrowser(...)' completed.

2018-10-12 15:01:24 - [TEST_STEP][PASSED] - setText: Text 'Dixita123' is set on object 'Object Repository/Login/Page_IMSCAN/input_UserName'

2018-10-12 15:01:25 - [MESSAGE][PASSED] - Text 'Dixita123' is set on object 'Object Repository/Login/Page_IMSCAN/input_UserName'

2018-10-12 15:01:25 - [TEST_STEP][PASSED] - setText: Text 'Dixita123' is set on object 'Object Repository/Login/Page_IMSCAN/input_Password'

2018-10-12 15:01:25 - [MESSAGE][PASSED] - Text 'Dixita123' is set on object 'Object Repository/Login/Page_IMSCAN/input_Password'

2018-10-12 15:01:25 - [TEST_STEP][PASSED] - click: Object: 'Object Repository/Login/Page_IMSCAN/button_Login' is clicked on

2018-10-12 15:01:25 - [MESSAGE][PASSED] - Object: 'Object Repository/Login/Page_IMSCAN/button_Login' is clicked on

2018-10-12 15:01:25 - [TEST_STEP][PASSED] - delay: Delayed 2 second(s)

2018-10-12 15:01:27 - [MESSAGE][PASSED] - Delayed 2 second(s)

2018-10-12 15:01:27 - [TEST_STEP][PASSED] - click: Object: 'Object Repository/DocumentType/ClickOnDocumentType' is clicked on

2018-10-12 15:01:27 - [MESSAGE][PASSED] - Object: 'Object Repository/DocumentType/ClickOnDocumentType' is clicked on

2018-10-12 15:01:27 - [TEST_STEP][PASSED] - click: Object: 'Object Repository/DocumentType/ClickOnCreateDocument' is clicked on

2018-10-12 15:01:28 - [MESSAGE][PASSED] - Object: 'Object Repository/DocumentType/ClickOnCreateDocument' is clicked on

2018-10-12 15:01:28 - [TEST_STEP][PASSED] - sendKeys: Keys 'Test1' sent to object: 'Object Repository/DocumentType/Enter_DocumentName'

2018-10-12 15:01:29 - [MESSAGE][PASSED] - Keys 'Test1' sent to object: 'Object Repository/DocumentType/Enter_DocumentName'

2018-10-12 15:01:29 - [TEST_STEP][PASSED] - click: Object: 'Object Repository/DocumentType/Enter-ClickOnFolderName' is clicked on

2018-10-12 15:01:29 - [MESSAGE][PASSED] - Object: 'Object Repository/DocumentType/Enter-ClickOnFolderName' is clicked on

2018-10-12 15:01:29 - [TEST_STEP][PASSED] - click: Object: 'Object Repository/DocumentType/ContinueButton' is clicked on

2018-10-12 15:01:30 - [MESSAGE][PASSED] - Object: 'Object Repository/DocumentType/ContinueButton' is clicked on

2018-10-12 15:01:30 - [TEST_STEP][PASSED] - delay: Delayed 2 second(s)

2018-10-12 15:01:32 - [MESSAGE][PASSED] - Delayed 2 second(s)

2018-10-12 15:01:32 - [TEST_STEP][PASSED] - uploadFile: File 'C:\Users\Dikshita\Desktop\TIFF_PDF\1112.pdf' sent to object: 'Object Repository/DocumentType/ImportDoc'

2018-10-12 15:01:32 - [MESSAGE][PASSED] - File 'C:\Users\Dikshita\Desktop\TIFF_PDF\1112.pdf' sent to object: 'Object Repository/DocumentType/ImportDoc'

2018-10-12 15:01:32 - [TEST_STEP][PASSED] - delay: Delayed 10 second(s)

2018-10-12 15:01:42 - [MESSAGE][PASSED] - Delayed 10 second(s)

2018-10-12 15:01:42 - [TEST_STEP][PASSED] - selectOptionByIndex: All options with index in [1] are selected on object 'Object Repository/DocumentType/AddField'

2018-10-12 15:01:42 - [MESSAGE][PASSED] - All options with index in [1] are selected on object 'Object Repository/DocumentType/AddField'

2018-10-12 15:01:42 - [TEST_STEP][PASSED] - focus: Object: 'Object Repository/DocumentType/AddindexFieldPopUp' is focused

2018-10-12 15:01:42 - [MESSAGE][PASSED] - Object: 'Object Repository/DocumentType/AddindexFieldPopUp' is focused

2018-10-12 15:01:42 - [TEST_STEP][PASSED] - verifyElementPresent: Object 'Object Repository/DocumentType/AddindexFieldPopUp' is present

2018-10-12 15:01:42 - [MESSAGE][PASSED] - Object 'Object Repository/DocumentType/AddindexFieldPopUp' is present

2018-10-12 15:01:42 - [TEST_STEP][FAILED] - sendKeys: Unable to send keys 'cost' to object 'Object Repository/DocumentType/NameOFIndexField' (Root cause: org.openqa.selenium.ElementNotVisibleException: element not visible
  (Session info: chrome=69.0.3497.100)
  (Driver info: chromedriver=2.35.528161 (5b82f2d2aae0ca24b877009200ced9065a772e73),platform=Windows NT 10.0.10240 x86_64) (WARNING: The server did not provide any stacktrace information)
Command duration or timeout: 0 milliseconds
Build info: version: '3.7.1', revision: '8a0099a', time: '2017-11-06T21:07:36.161Z'
System info: host: 'RSSPL43', ip: '192.168.25.73', os.name: 'Windows 10', os.arch: 'amd64', os.version: '10.0', java.version: '1.8.0_102'
Driver info: com.kms.katalon.selenium.driver.CChromeDriver
Capabilities {acceptInsecureCerts: false, acceptSslCerts: false, applicationCacheEnabled: false, browserConnectionEnabled: false, browserName: chrome, chrome: {chromedriverVersion: 2.35.528161 (5b82f2d2aae0ca..., userDataDir: C:\Users\Dikshita\AppData\L...}, cssSelectorsEnabled: true, databaseEnabled: false, handlesAlerts: true, hasTouchScreen: false, javascriptEnabled: true, locationContextEnabled: true, mobileEmulationEnabled: false, nativeEvents: true, networkConnectionEnabled: false, pageLoadStrategy: normal, platform: XP, platformName: XP, rotatable: false, setWindowRect: true, takesHeapSnapshot: true, takesScreenshot: true, unexpectedAlertBehaviour: , unhandledPromptBehavior: , version: 69.0.3497.100, webStorageEnabled: true}
Session ID: e0748a5c5423065a857d032017f2d41d)

2018-10-12 15:01:42 - [MESSAGE][FAILED] - Unable to send keys 'cost' to object 'Object Repository/DocumentType/NameOFIndexField' (Root cause: org.openqa.selenium.ElementNotVisibleException: element not visible
  (Session info: chrome=69.0.3497.100)
  (Driver info: chromedriver=2.35.528161 (5b82f2d2aae0ca24b877009200ced9065a772e73),platform=Windows NT 10.0.10240 x86_64) (WARNING: The server did not provide any stacktrace information)
Command duration or timeout: 0 milliseconds
Build info: version: '3.7.1', revision: '8a0099a', time: '2017-11-06T21:07:36.161Z'
System info: host: 'RSSPL43', ip: '192.168.25.73', os.name: 'Windows 10', os.arch: 'amd64', os.version: '10.0', java.version: '1.8.0_102'
Driver info: com.kms.katalon.selenium.driver.CChromeDriver
Capabilities {acceptInsecureCerts: false, acceptSslCerts: false, applicationCacheEnabled: false, browserConnectionEnabled: false, browserName: chrome, chrome: {chromedriverVersion: 2.35.528161 (5b82f2d2aae0ca..., userDataDir: C:\Users\Dikshita\AppData\L...}, cssSelectorsEnabled: true, databaseEnabled: false, handlesAlerts: true, hasTouchScreen: false, javascriptEnabled: true, locationContextEnabled: true, mobileEmulationEnabled: false, nativeEvents: true, networkConnectionEnabled: false, pageLoadStrategy: normal, platform: XP, platformName: XP, rotatable: false, setWindowRect: true, takesHeapSnapshot: true, takesScreenshot: true, unexpectedAlertBehaviour: , unhandledPromptBehavior: , version: 69.0.3497.100, webStorageEnabled: true}
Session ID: e0748a5c5423065a857d032017f2d41d)
[[ATTACHMENT|C:\\Users\\dikshita\\git\\imscanredev\\Reports\\Smoke\\20181012_145057\\1539336702566.png]]

2018-10-12 15:01:42 - [TEST_STEP][PASSED] - Start listener action : AfterTestCaseCloseBrowser: Browser is closed

2018-10-12 15:01:42 - [TEST_STEP][PASSED] - closeBrowser: Browser is closed

2018-10-12 15:01:43 - [MESSAGE][PASSED] - Browser is closed]]></system-out>
         <system-err><![CDATA[2018-10-12 15:01:19 - [TEST_CASE][FAILED] - Test Cases/Smoke/TC-532: Test Cases/Smoke/TC-532 FAILED because (of) Unable to send keys 'cost' to object 'Object Repository/DocumentType/NameOFIndexField' (Root cause: org.openqa.selenium.ElementNotVisibleException: element not visible
  (Session info: chrome=69.0.3497.100)
  (Driver info: chromedriver=2.35.528161 (5b82f2d2aae0ca24b877009200ced9065a772e73),platform=Windows NT 10.0.10240 x86_64) (WARNING: The server did not provide any stacktrace information)
Command duration or timeout: 0 milliseconds
Build info: version: '3.7.1', revision: '8a0099a', time: '2017-11-06T21:07:36.161Z'
System info: host: 'RSSPL43', ip: '192.168.25.73', os.name: 'Windows 10', os.arch: 'amd64', os.version: '10.0', java.version: '1.8.0_102'
Driver info: com.kms.katalon.selenium.driver.CChromeDriver
Capabilities {acceptInsecureCerts: false, acceptSslCerts: false, applicationCacheEnabled: false, browserConnectionEnabled: false, browserName: chrome, chrome: {chromedriverVersion: 2.35.528161 (5b82f2d2aae0ca..., userDataDir: C:\Users\Dikshita\AppData\L...}, cssSelectorsEnabled: true, databaseEnabled: false, handlesAlerts: true, hasTouchScreen: false, javascriptEnabled: true, locationContextEnabled: true, mobileEmulationEnabled: false, nativeEvents: true, networkConnectionEnabled: false, pageLoadStrategy: normal, platform: XP, platformName: XP, rotatable: false, setWindowRect: true, takesHeapSnapshot: true, takesScreenshot: true, unexpectedAlertBehaviour: , unhandledPromptBehavior: , version: 69.0.3497.100, webStorageEnabled: true}
Session ID: e0748a5c5423065a857d032017f2d41d)]]></system-err>
      </testcase>
      <testcase name="Test Cases/Smoke/TC-610" classname="Test Cases/Smoke/TC-610" status="FAILED">
         <failure type="FAILED" message="Unable to click on object 'Object Repository/Indexing/Click_On_Indexing' (Root cause: org.openqa.selenium.WebDriverException: unknown error: Element &lt;div class=&quot;box&quot;>...&lt;/div> is not clickable at point (44, 222). Other element would receive the click: &lt;div class=&quot;scanloadingdiv text-center modal fade&quot; id=&quot;loadingDialog&quot; tabindex=&quot;-1&quot; role=&quot;dialog&quot; aria-hidden=&quot;true&quot; data-backdrop=&quot;false&quot; style=&quot;display: block; padding-right: 17px;&quot;>...&lt;/div>
  (Session info: chrome=69.0.3497.100)
  (Driver info: chromedriver=2.35.528161 (5b82f2d2aae0ca24b877009200ced9065a772e73),platform=Windows NT 10.0.10240 x86_64) (WARNING: The server did not provide any stacktrace information)
Command duration or timeout: 0 milliseconds
Build info: version: '3.7.1', revision: '8a0099a', time: '2017-11-06T21:07:36.161Z'
System info: host: 'RSSPL43', ip: '192.168.25.73', os.name: 'Windows 10', os.arch: 'amd64', os.version: '10.0', java.version: '1.8.0_102'
Driver info: com.kms.katalon.selenium.driver.CChromeDriver
Capabilities {acceptInsecureCerts: false, acceptSslCerts: false, applicationCacheEnabled: false, browserConnectionEnabled: false, browserName: chrome, chrome: {chromedriverVersion: 2.35.528161 (5b82f2d2aae0ca..., userDataDir: C:\Users\Dikshita\AppData\L...}, cssSelectorsEnabled: true, databaseEnabled: false, handlesAlerts: true, hasTouchScreen: false, javascriptEnabled: true, locationContextEnabled: true, mobileEmulationEnabled: false, nativeEvents: true, networkConnectionEnabled: false, pageLoadStrategy: normal, platform: XP, platformName: XP, rotatable: false, setWindowRect: true, takesHeapSnapshot: true, takesScreenshot: true, unexpectedAlertBehaviour: , unhandledPromptBehavior: , version: 69.0.3497.100, webStorageEnabled: true}
Session ID: 4c4a453d74a48d5f54f91d0466d049d2)"/>
         <system-out><![CDATA[2018-10-12 15:01:43 - [TEST_CASE][FAILED] - Test Cases/Smoke/TC-610: Test Cases/Smoke/TC-610 FAILED because (of) Unable to click on object 'Object Repository/Indexing/Click_On_Indexing' (Root cause: org.openqa.selenium.WebDriverException: unknown error: Element <div class="box">...</div> is not clickable at point (44, 222). Other element would receive the click: <div class="scanloadingdiv text-center modal fade" id="loadingDialog" tabindex="-1" role="dialog" aria-hidden="true" data-backdrop="false" style="display: block; padding-right: 17px;">...</div>
  (Session info: chrome=69.0.3497.100)
  (Driver info: chromedriver=2.35.528161 (5b82f2d2aae0ca24b877009200ced9065a772e73),platform=Windows NT 10.0.10240 x86_64) (WARNING: The server did not provide any stacktrace information)
Command duration or timeout: 0 milliseconds
Build info: version: '3.7.1', revision: '8a0099a', time: '2017-11-06T21:07:36.161Z'
System info: host: 'RSSPL43', ip: '192.168.25.73', os.name: 'Windows 10', os.arch: 'amd64', os.version: '10.0', java.version: '1.8.0_102'
Driver info: com.kms.katalon.selenium.driver.CChromeDriver
Capabilities {acceptInsecureCerts: false, acceptSslCerts: false, applicationCacheEnabled: false, browserConnectionEnabled: false, browserName: chrome, chrome: {chromedriverVersion: 2.35.528161 (5b82f2d2aae0ca..., userDataDir: C:\Users\Dikshita\AppData\L...}, cssSelectorsEnabled: true, databaseEnabled: false, handlesAlerts: true, hasTouchScreen: false, javascriptEnabled: true, locationContextEnabled: true, mobileEmulationEnabled: false, nativeEvents: true, networkConnectionEnabled: false, pageLoadStrategy: normal, platform: XP, platformName: XP, rotatable: false, setWindowRect: true, takesHeapSnapshot: true, takesScreenshot: true, unexpectedAlertBehaviour: , unhandledPromptBehavior: , version: 69.0.3497.100, webStorageEnabled: true}
Session ID: 4c4a453d74a48d5f54f91d0466d049d2)

2018-10-12 15:01:43 - [TEST_STEP][PASSED] - Start listener action : BeforeTestCaseOpenBrowser: Invoke 'com.kms.katalon.core.annotation.BeforeTestCase' method: 'ImScan.BeforeTestCaseOpenBrowser(...)' completed.

2018-10-12 15:01:43 - [TEST_STEP][PASSED] - openBrowser: Browser is opened with url: 'http://35.176.151.153/IMSCANCS/'

2018-10-12 15:01:48 - [MESSAGE][PASSED] - Browser is opened with url: 'http://35.176.151.153/IMSCANCS/'

2018-10-12 15:01:48 - [TEST_STEP][PASSED] - maximizeWindow: Current window maximized

2018-10-12 15:01:49 - [MESSAGE][PASSED] - Current window maximized

2018-10-12 15:01:49 - [TEST_STEP][PASSED] - Statement - TestID = testCaseContext.getTestCaseId(): null

2018-10-12 15:01:49 - [TEST_STEP][PASSED] - Statement - println(TestID): Invoke 'com.kms.katalon.core.annotation.BeforeTestCase' method: 'ImScan.BeforeTestCaseOpenBrowser(...)' completed.

2018-10-12 15:01:49 - [TEST_STEP][PASSED] - setText: Text 'Dixita123' is set on object 'Object Repository/Login/Page_IMSCAN/input_UserName'

2018-10-12 15:01:49 - [MESSAGE][PASSED] - Text 'Dixita123' is set on object 'Object Repository/Login/Page_IMSCAN/input_UserName'

2018-10-12 15:01:49 - [TEST_STEP][PASSED] - setText: Text 'Dixita123' is set on object 'Object Repository/Login/Page_IMSCAN/input_Password'

2018-10-12 15:01:49 - [MESSAGE][PASSED] - Text 'Dixita123' is set on object 'Object Repository/Login/Page_IMSCAN/input_Password'

2018-10-12 15:01:49 - [TEST_STEP][PASSED] - click: Object: 'Object Repository/Login/Page_IMSCAN/button_Login' is clicked on

2018-10-12 15:01:49 - [MESSAGE][PASSED] - Object: 'Object Repository/Login/Page_IMSCAN/button_Login' is clicked on

2018-10-12 15:01:49 - [TEST_STEP][PASSED] - verifyElementPresent: Object 'Object Repository/Create_a_New_Dept/VerfiyHomePageDisplayed' is present

2018-10-12 15:01:51 - [MESSAGE][PASSED] - Object 'Object Repository/Create_a_New_Dept/VerfiyHomePageDisplayed' is present

2018-10-12 15:01:51 - [TEST_STEP][PASSED] - delay: Delayed 3 second(s)

2018-10-12 15:01:54 - [MESSAGE][PASSED] - Delayed 3 second(s)

2018-10-12 15:01:54 - [TEST_STEP][PASSED] - click: Object: 'Object Repository/Import/ClickOnImport' is clicked on

2018-10-12 15:01:54 - [MESSAGE][PASSED] - Object: 'Object Repository/Import/ClickOnImport' is clicked on

2018-10-12 15:01:54 - [TEST_STEP][PASSED] - delay: Delayed 15 second(s)

2018-10-12 15:02:09 - [MESSAGE][PASSED] - Delayed 15 second(s)

2018-10-12 15:02:09 - [TEST_STEP][PASSED] - focus: Object: 'Object Repository/Import/Import_PopUP' is focused

2018-10-12 15:02:09 - [MESSAGE][PASSED] - Object: 'Object Repository/Import/Import_PopUP' is focused

2018-10-12 15:02:09 - [TEST_STEP][PASSED] - uploadFile: File 'C:\\Users\\Dikshita\\Desktop\\ScannedImport\\testmerge.pdf' sent to object: 'Object Repository/Import/Browse'

2018-10-12 15:02:09 - [MESSAGE][PASSED] - File 'C:\\Users\\Dikshita\\Desktop\\ScannedImport\\testmerge.pdf' sent to object: 'Object Repository/Import/Browse'

2018-10-12 15:02:09 - [TEST_STEP][PASSED] - click: Object: 'Object Repository/Import/ClickOnOK(fileUpload)' is clicked on

2018-10-12 15:02:09 - [MESSAGE][PASSED] - Object: 'Object Repository/Import/ClickOnOK(fileUpload)' is clicked on

2018-10-12 15:02:09 - [TEST_STEP][PASSED] - delay: Delayed 10 second(s)

2018-10-12 15:02:19 - [MESSAGE][PASSED] - Delayed 10 second(s)

2018-10-12 15:02:19 - [TEST_STEP][PASSED] - selectOptionByIndex: All options with index in [4] are selected on object 'Object Repository/Import/SelectDocType'

2018-10-12 15:02:19 - [MESSAGE][PASSED] - All options with index in [4] are selected on object 'Object Repository/Import/SelectDocType'

2018-10-12 15:02:19 - [TEST_STEP][PASSED] - click: Object: 'Object Repository/Import/completebutton' is clicked on

2018-10-12 15:02:20 - [MESSAGE][PASSED] - Object: 'Object Repository/Import/completebutton' is clicked on

2018-10-12 15:02:20 - [TEST_STEP][PASSED] - delay: Delayed 10 second(s)

2018-10-12 15:02:30 - [MESSAGE][PASSED] - Delayed 10 second(s)

2018-10-12 15:02:30 - [TEST_STEP][FAILED] - click: Unable to click on object 'Object Repository/Indexing/Click_On_Indexing' (Root cause: org.openqa.selenium.WebDriverException: unknown error: Element <div class="box">...</div> is not clickable at point (44, 222). Other element would receive the click: <div class="scanloadingdiv text-center modal fade" id="loadingDialog" tabindex="-1" role="dialog" aria-hidden="true" data-backdrop="false" style="display: block; padding-right: 17px;">...</div>
  (Session info: chrome=69.0.3497.100)
  (Driver info: chromedriver=2.35.528161 (5b82f2d2aae0ca24b877009200ced9065a772e73),platform=Windows NT 10.0.10240 x86_64) (WARNING: The server did not provide any stacktrace information)
Command duration or timeout: 0 milliseconds
Build info: version: '3.7.1', revision: '8a0099a', time: '2017-11-06T21:07:36.161Z'
System info: host: 'RSSPL43', ip: '192.168.25.73', os.name: 'Windows 10', os.arch: 'amd64', os.version: '10.0', java.version: '1.8.0_102'
Driver info: com.kms.katalon.selenium.driver.CChromeDriver
Capabilities {acceptInsecureCerts: false, acceptSslCerts: false, applicationCacheEnabled: false, browserConnectionEnabled: false, browserName: chrome, chrome: {chromedriverVersion: 2.35.528161 (5b82f2d2aae0ca..., userDataDir: C:\Users\Dikshita\AppData\L...}, cssSelectorsEnabled: true, databaseEnabled: false, handlesAlerts: true, hasTouchScreen: false, javascriptEnabled: true, locationContextEnabled: true, mobileEmulationEnabled: false, nativeEvents: true, networkConnectionEnabled: false, pageLoadStrategy: normal, platform: XP, platformName: XP, rotatable: false, setWindowRect: true, takesHeapSnapshot: true, takesScreenshot: true, unexpectedAlertBehaviour: , unhandledPromptBehavior: , version: 69.0.3497.100, webStorageEnabled: true}
Session ID: 4c4a453d74a48d5f54f91d0466d049d2)

2018-10-12 15:02:30 - [MESSAGE][FAILED] - Unable to click on object 'Object Repository/Indexing/Click_On_Indexing' (Root cause: org.openqa.selenium.WebDriverException: unknown error: Element <div class="box">...</div> is not clickable at point (44, 222). Other element would receive the click: <div class="scanloadingdiv text-center modal fade" id="loadingDialog" tabindex="-1" role="dialog" aria-hidden="true" data-backdrop="false" style="display: block; padding-right: 17px;">...</div>
  (Session info: chrome=69.0.3497.100)
  (Driver info: chromedriver=2.35.528161 (5b82f2d2aae0ca24b877009200ced9065a772e73),platform=Windows NT 10.0.10240 x86_64) (WARNING: The server did not provide any stacktrace information)
Command duration or timeout: 0 milliseconds
Build info: version: '3.7.1', revision: '8a0099a', time: '2017-11-06T21:07:36.161Z'
System info: host: 'RSSPL43', ip: '192.168.25.73', os.name: 'Windows 10', os.arch: 'amd64', os.version: '10.0', java.version: '1.8.0_102'
Driver info: com.kms.katalon.selenium.driver.CChromeDriver
Capabilities {acceptInsecureCerts: false, acceptSslCerts: false, applicationCacheEnabled: false, browserConnectionEnabled: false, browserName: chrome, chrome: {chromedriverVersion: 2.35.528161 (5b82f2d2aae0ca..., userDataDir: C:\Users\Dikshita\AppData\L...}, cssSelectorsEnabled: true, databaseEnabled: false, handlesAlerts: true, hasTouchScreen: false, javascriptEnabled: true, locationContextEnabled: true, mobileEmulationEnabled: false, nativeEvents: true, networkConnectionEnabled: false, pageLoadStrategy: normal, platform: XP, platformName: XP, rotatable: false, setWindowRect: true, takesHeapSnapshot: true, takesScreenshot: true, unexpectedAlertBehaviour: , unhandledPromptBehavior: , version: 69.0.3497.100, webStorageEnabled: true}
Session ID: 4c4a453d74a48d5f54f91d0466d049d2)
[[ATTACHMENT|C:\\Users\\dikshita\\git\\imscanredev\\Reports\\Smoke\\20181012_145057\\1539336750135.png]]

2018-10-12 15:02:30 - [TEST_STEP][PASSED] - Start listener action : AfterTestCaseCloseBrowser: Browser is closed

2018-10-12 15:02:30 - [TEST_STEP][PASSED] - closeBrowser: Browser is closed

2018-10-12 15:02:31 - [MESSAGE][PASSED] - Browser is closed]]></system-out>
         <system-err><![CDATA[2018-10-12 15:01:43 - [TEST_CASE][FAILED] - Test Cases/Smoke/TC-610: Test Cases/Smoke/TC-610 FAILED because (of) Unable to click on object 'Object Repository/Indexing/Click_On_Indexing' (Root cause: org.openqa.selenium.WebDriverException: unknown error: Element <div class="box">...</div> is not clickable at point (44, 222). Other element would receive the click: <div class="scanloadingdiv text-center modal fade" id="loadingDialog" tabindex="-1" role="dialog" aria-hidden="true" data-backdrop="false" style="display: block; padding-right: 17px;">...</div>
  (Session info: chrome=69.0.3497.100)
  (Driver info: chromedriver=2.35.528161 (5b82f2d2aae0ca24b877009200ced9065a772e73),platform=Windows NT 10.0.10240 x86_64) (WARNING: The server did not provide any stacktrace information)
Command duration or timeout: 0 milliseconds
Build info: version: '3.7.1', revision: '8a0099a', time: '2017-11-06T21:07:36.161Z'
System info: host: 'RSSPL43', ip: '192.168.25.73', os.name: 'Windows 10', os.arch: 'amd64', os.version: '10.0', java.version: '1.8.0_102'
Driver info: com.kms.katalon.selenium.driver.CChromeDriver
Capabilities {acceptInsecureCerts: false, acceptSslCerts: false, applicationCacheEnabled: false, browserConnectionEnabled: false, browserName: chrome, chrome: {chromedriverVersion: 2.35.528161 (5b82f2d2aae0ca..., userDataDir: C:\Users\Dikshita\AppData\L...}, cssSelectorsEnabled: true, databaseEnabled: false, handlesAlerts: true, hasTouchScreen: false, javascriptEnabled: true, locationContextEnabled: true, mobileEmulationEnabled: false, nativeEvents: true, networkConnectionEnabled: false, pageLoadStrategy: normal, platform: XP, platformName: XP, rotatable: false, setWindowRect: true, takesHeapSnapshot: true, takesScreenshot: true, unexpectedAlertBehaviour: , unhandledPromptBehavior: , version: 69.0.3497.100, webStorageEnabled: true}
Session ID: 4c4a453d74a48d5f54f91d0466d049d2)]]></system-err>
      </testcase>
      <testcase name="Test Cases/Smoke/TC-676" classname="Test Cases/Smoke/TC-676" status="PASSED">
         <system-out><![CDATA[2018-10-12 15:02:31 - [TEST_CASE][PASSED] - Test Cases/Smoke/TC-676: Browser is closed

2018-10-12 15:02:31 - [TEST_STEP][PASSED] - Start listener action : BeforeTestCaseOpenBrowser: Invoke 'com.kms.katalon.core.annotation.BeforeTestCase' method: 'ImScan.BeforeTestCaseOpenBrowser(...)' completed.

2018-10-12 15:02:31 - [TEST_STEP][PASSED] - openBrowser: Browser is opened with url: 'http://35.176.151.153/IMSCANCS/'

2018-10-12 15:02:36 - [MESSAGE][PASSED] - Browser is opened with url: 'http://35.176.151.153/IMSCANCS/'

2018-10-12 15:02:36 - [TEST_STEP][PASSED] - maximizeWindow: Current window maximized

2018-10-12 15:02:37 - [MESSAGE][PASSED] - Current window maximized

2018-10-12 15:02:37 - [TEST_STEP][PASSED] - Statement - TestID = testCaseContext.getTestCaseId(): null

2018-10-12 15:02:37 - [TEST_STEP][PASSED] - Statement - println(TestID): Invoke 'com.kms.katalon.core.annotation.BeforeTestCase' method: 'ImScan.BeforeTestCaseOpenBrowser(...)' completed.

2018-10-12 15:02:37 - [TEST_STEP][PASSED] - setText: Text 'Dixita123' is set on object 'Object Repository/Login/Page_IMSCAN/input_UserName'

2018-10-12 15:02:37 - [MESSAGE][PASSED] - Text 'Dixita123' is set on object 'Object Repository/Login/Page_IMSCAN/input_UserName'

2018-10-12 15:02:37 - [TEST_STEP][PASSED] - setText: Text 'Dixita123' is set on object 'Object Repository/Login/Page_IMSCAN/input_Password'

2018-10-12 15:02:37 - [MESSAGE][PASSED] - Text 'Dixita123' is set on object 'Object Repository/Login/Page_IMSCAN/input_Password'

2018-10-12 15:02:37 - [TEST_STEP][PASSED] - click: Object: 'Object Repository/Login/Page_IMSCAN/button_Login' is clicked on

2018-10-12 15:02:37 - [MESSAGE][PASSED] - Object: 'Object Repository/Login/Page_IMSCAN/button_Login' is clicked on

2018-10-12 15:02:37 - [TEST_STEP][PASSED] - click: Object: 'Object Repository/Retreival/ClickOnRetrieval' is clicked on

2018-10-12 15:02:39 - [MESSAGE][PASSED] - Object: 'Object Repository/Retreival/ClickOnRetrieval' is clicked on

2018-10-12 15:02:39 - [TEST_STEP][PASSED] - waitForElementVisible: Object 'Object Repository/Retreival/TitleofReterivalScreen' is visible

2018-10-12 15:02:40 - [MESSAGE][PASSED] - Object 'Object Repository/Retreival/TitleofReterivalScreen' is visible

2018-10-12 15:02:40 - [TEST_STEP][PASSED] - Statement - Doctype_name = com.kms.katalon.core.testdata.TestDataFactory.findTestData(ImScanDataSource).getValue(1, 34): Reading excel file with source file 'C:\Users\dikshita\git\imscanredev\Data Files\ImScanTestData.xlsx' and sheet name 'Login'

2018-10-12 15:02:40 - [TEST_STEP][PASSED] - Statement - println(Doctype_name): null

2018-10-12 15:02:40 - [TEST_STEP][PASSED] - click: Object: 'Object Repository/Retreival/SelectDocType' is clicked on

2018-10-12 15:02:41 - [MESSAGE][PASSED] - Object: 'Object Repository/Retreival/SelectDocType' is clicked on

2018-10-12 15:02:41 - [TEST_STEP][PASSED] - selectOptionByLabel: All options with label 'RSSPL Dynamic Doc Sample' are selected in object 'Object Repository/Retreival/SelectDocType' 

2018-10-12 15:02:41 - [MESSAGE][PASSED] - All options with label 'RSSPL Dynamic Doc Sample' are selected in object 'Object Repository/Retreival/SelectDocType' 

2018-10-12 15:02:41 - [TEST_STEP][PASSED] - click: Object: 'Object Repository/Retreival/SearchAllButton' is clicked on

2018-10-12 15:02:41 - [MESSAGE][PASSED] - Object: 'Object Repository/Retreival/SearchAllButton' is clicked on

2018-10-12 15:02:41 - [TEST_STEP][PASSED] - Statement - java.lang.Thread.sleep(1000): null

2018-10-12 15:02:42 - [TEST_STEP][PASSED] - click: Object: 'Object Repository/Retreival/Selecting1stEntryfromSearchfield' is clicked on

2018-10-12 15:02:42 - [MESSAGE][PASSED] - Object: 'Object Repository/Retreival/Selecting1stEntryfromSearchfield' is clicked on

2018-10-12 15:02:42 - [TEST_STEP][PASSED] - waitForElementVisible: Object 'Object Repository/Retreival/ImageLoadedInViewer' is visible

2018-10-12 15:02:42 - [MESSAGE][PASSED] - Object 'Object Repository/Retreival/ImageLoadedInViewer' is visible

2018-10-12 15:02:42 - [TEST_STEP][PASSED] - click: Object: 'Object Repository/Retreival/ClonedocumentData' is clicked on

2018-10-12 15:02:42 - [MESSAGE][PASSED] - Object: 'Object Repository/Retreival/ClonedocumentData' is clicked on

2018-10-12 15:02:42 - [TEST_STEP][PASSED] - verifyElementNotPresent: Web element with id: 'Object Repository/Retreival/SuccessMsgForCloning' located by 'By.xpath: //div[@id='successAlert' and text()='Cloned data successfully'] ' is not present after '5' second(s)

2018-10-12 15:02:42 - [MESSAGE][PASSED] - Web element with id: 'Object Repository/Retreival/SuccessMsgForCloning' located by 'By.xpath: //div[@id='successAlert' and text()='Cloned data successfully'] ' is not present after '5' second(s)

2018-10-12 15:02:42 - [TEST_STEP][PASSED] - Start listener action : AfterTestCaseCloseBrowser: Browser is closed

2018-10-12 15:02:42 - [TEST_STEP][PASSED] - closeBrowser: Browser is closed

2018-10-12 15:02:43 - [MESSAGE][PASSED] - Browser is closed]]></system-out>
         <system-err><![CDATA[]]></system-err>
      </testcase>
      <testcase name="Test Cases/Smoke/TC-725" classname="Test Cases/Smoke/TC-725" status="FAILED">
         <failure type="FAILED" message="Unable to click on object 'Object Repository/Login/Page_IMSCAN - EDoc System/div_Home' (Root cause: com.kms.katalon.core.webui.exception.WebElementNotFoundException: Web element with id: 'Object Repository/Login/Page_IMSCAN - EDoc System/div_Home' located by 'By.xpath: id(&quot;pageHeader&quot;)[count(. | //div[@class = 'page-heading' and @id = 'pageHeader' and (text() = 'Home' or . = 'Home')]) = count(//div[@class = 'page-heading' and @id = 'pageHeader' and (text() = 'Home' or . = 'Home')])]' not found)"/>
         <system-out><![CDATA[2018-10-12 15:02:43 - [TEST_CASE][FAILED] - Test Cases/Smoke/TC-725: Test Cases/Smoke/TC-725 FAILED because (of) Unable to click on object 'Object Repository/Login/Page_IMSCAN - EDoc System/div_Home' (Root cause: com.kms.katalon.core.webui.exception.WebElementNotFoundException: Web element with id: 'Object Repository/Login/Page_IMSCAN - EDoc System/div_Home' located by 'By.xpath: id("pageHeader")[count(. | //div[@class = 'page-heading' and @id = 'pageHeader' and (text() = 'Home' or . = 'Home')]) = count(//div[@class = 'page-heading' and @id = 'pageHeader' and (text() = 'Home' or . = 'Home')])]' not found)

2018-10-12 15:02:43 - [TEST_STEP][PASSED] - Start listener action : BeforeTestCaseOpenBrowser: Invoke 'com.kms.katalon.core.annotation.BeforeTestCase' method: 'ImScan.BeforeTestCaseOpenBrowser(...)' completed.

2018-10-12 15:02:43 - [TEST_STEP][PASSED] - openBrowser: Browser is opened with url: 'http://35.176.151.153/IMSCANCS/'

2018-10-12 15:02:47 - [MESSAGE][PASSED] - Browser is opened with url: 'http://35.176.151.153/IMSCANCS/'

2018-10-12 15:02:47 - [TEST_STEP][PASSED] - maximizeWindow: Current window maximized

2018-10-12 15:02:48 - [MESSAGE][PASSED] - Current window maximized

2018-10-12 15:02:48 - [TEST_STEP][PASSED] - Statement - TestID = testCaseContext.getTestCaseId(): null

2018-10-12 15:02:48 - [TEST_STEP][PASSED] - Statement - println(TestID): Invoke 'com.kms.katalon.core.annotation.BeforeTestCase' method: 'ImScan.BeforeTestCaseOpenBrowser(...)' completed.

2018-10-12 15:02:49 - [TEST_STEP][PASSED] - setText: Text 'sysadmin' is set on object 'Object Repository/Login/Page_IMSCAN/input_UserName'

2018-10-12 15:02:49 - [MESSAGE][PASSED] - Text 'sysadmin' is set on object 'Object Repository/Login/Page_IMSCAN/input_UserName'

2018-10-12 15:02:49 - [TEST_STEP][PASSED] - setText: Text 'password' is set on object 'Object Repository/Login/Page_IMSCAN/input_Password'

2018-10-12 15:02:49 - [MESSAGE][PASSED] - Text 'password' is set on object 'Object Repository/Login/Page_IMSCAN/input_Password'

2018-10-12 15:02:49 - [TEST_STEP][PASSED] - click: Object: 'Object Repository/Login/Page_IMSCAN/button_Login' is clicked on

2018-10-12 15:02:54 - [MESSAGE][PASSED] - Object: 'Object Repository/Login/Page_IMSCAN/button_Login' is clicked on

2018-10-12 15:02:54 - [TEST_STEP][FAILED] - click: Unable to click on object 'Object Repository/Login/Page_IMSCAN - EDoc System/div_Home' (Root cause: com.kms.katalon.core.webui.exception.WebElementNotFoundException: Web element with id: 'Object Repository/Login/Page_IMSCAN - EDoc System/div_Home' located by 'By.xpath: id("pageHeader")[count(. | //div[@class = 'page-heading' and @id = 'pageHeader' and (text() = 'Home' or . = 'Home')]) = count(//div[@class = 'page-heading' and @id = 'pageHeader' and (text() = 'Home' or . = 'Home')])]' not found)

2018-10-12 15:03:26 - [MESSAGE][FAILED] - Unable to click on object 'Object Repository/Login/Page_IMSCAN - EDoc System/div_Home' (Root cause: com.kms.katalon.core.webui.exception.WebElementNotFoundException: Web element with id: 'Object Repository/Login/Page_IMSCAN - EDoc System/div_Home' located by 'By.xpath: id("pageHeader")[count(. | //div[@class = 'page-heading' and @id = 'pageHeader' and (text() = 'Home' or . = 'Home')]) = count(//div[@class = 'page-heading' and @id = 'pageHeader' and (text() = 'Home' or . = 'Home')])]' not found)
[[ATTACHMENT|C:\\Users\\dikshita\\git\\imscanredev\\Reports\\Smoke\\20181012_145057\\1539336805793.png]]

2018-10-12 15:03:26 - [TEST_STEP][PASSED] - Start listener action : AfterTestCaseCloseBrowser: Browser is closed

2018-10-12 15:03:26 - [TEST_STEP][PASSED] - closeBrowser: Browser is closed

2018-10-12 15:03:26 - [MESSAGE][PASSED] - Browser is closed]]></system-out>
         <system-err><![CDATA[2018-10-12 15:02:43 - [TEST_CASE][FAILED] - Test Cases/Smoke/TC-725: Test Cases/Smoke/TC-725 FAILED because (of) Unable to click on object 'Object Repository/Login/Page_IMSCAN - EDoc System/div_Home' (Root cause: com.kms.katalon.core.webui.exception.WebElementNotFoundException: Web element with id: 'Object Repository/Login/Page_IMSCAN - EDoc System/div_Home' located by 'By.xpath: id("pageHeader")[count(. | //div[@class = 'page-heading' and @id = 'pageHeader' and (text() = 'Home' or . = 'Home')]) = count(//div[@class = 'page-heading' and @id = 'pageHeader' and (text() = 'Home' or . = 'Home')])]' not found)]]></system-err>
      </testcase>
      <testcase name="Test Cases/Smoke/TC-764" classname="Test Cases/Smoke/TC-764" status="PASSED">
         <system-out><![CDATA[2018-10-12 15:03:26 - [TEST_CASE][PASSED] - Test Cases/Smoke/TC-764: Browser is closed

2018-10-12 15:03:26 - [TEST_STEP][PASSED] - Start listener action : BeforeTestCaseOpenBrowser: Invoke 'com.kms.katalon.core.annotation.BeforeTestCase' method: 'ImScan.BeforeTestCaseOpenBrowser(...)' completed.

2018-10-12 15:03:26 - [TEST_STEP][PASSED] - openBrowser: Browser is opened with url: 'http://35.176.151.153/IMSCANCS/'

2018-10-12 15:03:30 - [MESSAGE][PASSED] - Browser is opened with url: 'http://35.176.151.153/IMSCANCS/'

2018-10-12 15:03:30 - [TEST_STEP][PASSED] - maximizeWindow: Current window maximized

2018-10-12 15:03:32 - [MESSAGE][PASSED] - Current window maximized

2018-10-12 15:03:32 - [TEST_STEP][PASSED] - Statement - TestID = testCaseContext.getTestCaseId(): null

2018-10-12 15:03:32 - [TEST_STEP][PASSED] - Statement - println(TestID): Invoke 'com.kms.katalon.core.annotation.BeforeTestCase' method: 'ImScan.BeforeTestCaseOpenBrowser(...)' completed.

2018-10-12 15:03:32 - [TEST_STEP][PASSED] - setText: Text 'Dixita123' is set on object 'Object Repository/Login/Page_IMSCAN/input_UserName'

2018-10-12 15:03:32 - [MESSAGE][PASSED] - Text 'Dixita123' is set on object 'Object Repository/Login/Page_IMSCAN/input_UserName'

2018-10-12 15:03:32 - [TEST_STEP][PASSED] - setText: Text 'Dixita123' is set on object 'Object Repository/Login/Page_IMSCAN/input_Password'

2018-10-12 15:03:32 - [MESSAGE][PASSED] - Text 'Dixita123' is set on object 'Object Repository/Login/Page_IMSCAN/input_Password'

2018-10-12 15:03:32 - [TEST_STEP][PASSED] - click: Object: 'Object Repository/Login/Page_IMSCAN/button_Login' is clicked on

2018-10-12 15:03:32 - [MESSAGE][PASSED] - Object: 'Object Repository/Login/Page_IMSCAN/button_Login' is clicked on

2018-10-12 15:03:32 - [TEST_STEP][PASSED] - click: Object: 'Object Repository/Home/ClickOnHome' is clicked on

2018-10-12 15:03:34 - [MESSAGE][PASSED] - Object: 'Object Repository/Home/ClickOnHome' is clicked on

2018-10-12 15:03:34 - [TEST_STEP][PASSED] - click: Object: 'Object Repository/Home/ProfileLink' is clicked on

2018-10-12 15:03:34 - [MESSAGE][PASSED] - Object: 'Object Repository/Home/ProfileLink' is clicked on

2018-10-12 15:03:34 - [TEST_STEP][PASSED] - focus: Object: 'Object Repository/Home/DropdownOfProfileLink' is focused

2018-10-12 15:03:34 - [MESSAGE][PASSED] - Object: 'Object Repository/Home/DropdownOfProfileLink' is focused

2018-10-12 15:03:34 - [TEST_STEP][PASSED] - focus: Object: 'Object Repository/Home/HelpLink' is focused

2018-10-12 15:03:34 - [MESSAGE][PASSED] - Object: 'Object Repository/Home/HelpLink' is focused

2018-10-12 15:03:34 - [TEST_STEP][PASSED] - waitForElementVisible: Object 'Object Repository/Home/HelpLink' is visible

2018-10-12 15:03:34 - [MESSAGE][PASSED] - Object 'Object Repository/Home/HelpLink' is visible

2018-10-12 15:03:34 - [TEST_STEP][PASSED] - click: Object: 'Object Repository/Home/HelpLink' is clicked on

2018-10-12 15:03:34 - [MESSAGE][PASSED] - Object: 'Object Repository/Home/HelpLink' is clicked on

2018-10-12 15:03:34 - [TEST_STEP][PASSED] - click: Object: 'Object Repository/Home/Download1stguide' is clicked on

2018-10-12 15:03:35 - [MESSAGE][PASSED] - Object: 'Object Repository/Home/Download1stguide' is clicked on

2018-10-12 15:03:35 - [TEST_STEP][PASSED] - Start listener action : AfterTestCaseCloseBrowser: Browser is closed

2018-10-12 15:03:35 - [TEST_STEP][PASSED] - closeBrowser: Browser is closed

2018-10-12 15:03:36 - [MESSAGE][PASSED] - Browser is closed]]></system-out>
         <system-err><![CDATA[]]></system-err>
      </testcase>
      <testcase name="Test Cases/Smoke/TC-771" classname="Test Cases/Smoke/TC-771" status="PASSED">
         <system-out><![CDATA[2018-10-12 15:03:36 - [TEST_CASE][PASSED] - Test Cases/Smoke/TC-771: Browser is closed

2018-10-12 15:03:36 - [TEST_STEP][PASSED] - Start listener action : BeforeTestCaseOpenBrowser: Invoke 'com.kms.katalon.core.annotation.BeforeTestCase' method: 'ImScan.BeforeTestCaseOpenBrowser(...)' completed.

2018-10-12 15:03:36 - [TEST_STEP][PASSED] - openBrowser: Browser is opened with url: 'http://35.176.151.153/IMSCANCS/'

2018-10-12 15:03:41 - [MESSAGE][PASSED] - Browser is opened with url: 'http://35.176.151.153/IMSCANCS/'

2018-10-12 15:03:41 - [TEST_STEP][PASSED] - maximizeWindow: Current window maximized

2018-10-12 15:03:43 - [MESSAGE][PASSED] - Current window maximized

2018-10-12 15:03:43 - [TEST_STEP][PASSED] - Statement - TestID = testCaseContext.getTestCaseId(): null

2018-10-12 15:03:43 - [TEST_STEP][PASSED] - Statement - println(TestID): Invoke 'com.kms.katalon.core.annotation.BeforeTestCase' method: 'ImScan.BeforeTestCaseOpenBrowser(...)' completed.

2018-10-12 15:03:43 - [TEST_STEP][PASSED] - setText: Text 'Dixita123' is set on object 'Object Repository/Login/Page_IMSCAN/input_UserName'

2018-10-12 15:03:43 - [MESSAGE][PASSED] - Text 'Dixita123' is set on object 'Object Repository/Login/Page_IMSCAN/input_UserName'

2018-10-12 15:03:43 - [TEST_STEP][PASSED] - setText: Text 'Dixita123' is set on object 'Object Repository/Login/Page_IMSCAN/input_Password'

2018-10-12 15:03:43 - [MESSAGE][PASSED] - Text 'Dixita123' is set on object 'Object Repository/Login/Page_IMSCAN/input_Password'

2018-10-12 15:03:43 - [TEST_STEP][PASSED] - click: Object: 'Object Repository/Login/Page_IMSCAN/button_Login' is clicked on

2018-10-12 15:03:43 - [MESSAGE][PASSED] - Object: 'Object Repository/Login/Page_IMSCAN/button_Login' is clicked on

2018-10-12 15:03:43 - [TEST_STEP][PASSED] - click: Object: 'Object Repository/Workflow/ClickOnWorkflow' is clicked on

2018-10-12 15:03:45 - [MESSAGE][PASSED] - Object: 'Object Repository/Workflow/ClickOnWorkflow' is clicked on

2018-10-12 15:03:45 - [TEST_STEP][PASSED] - waitForElementVisible: Object 'Object Repository/Workflow/TitleofWorklowPage' is visible

2018-10-12 15:03:46 - [MESSAGE][PASSED] - Object 'Object Repository/Workflow/TitleofWorklowPage' is visible

2018-10-12 15:03:46 - [TEST_STEP][PASSED] - click: Object: 'Object Repository/Workflow/SelectDocType' is clicked on

2018-10-12 15:03:47 - [MESSAGE][PASSED] - Object: 'Object Repository/Workflow/SelectDocType' is clicked on

2018-10-12 15:03:47 - [TEST_STEP][PASSED] - Statement - java.lang.Thread.sleep(1000): null

2018-10-12 15:03:48 - [TEST_STEP][PASSED] - selectOptionByIndex: All options with index in [3] are selected on object 'Object Repository/Workflow/SelectDocType'

2018-10-12 15:03:48 - [MESSAGE][PASSED] - All options with index in [3] are selected on object 'Object Repository/Workflow/SelectDocType'

2018-10-12 15:03:48 - [TEST_STEP][PASSED] - click: Object: 'Object Repository/Workflow/Selecting1stEntryfromSearch' is clicked on

2018-10-12 15:03:48 - [MESSAGE][PASSED] - Object: 'Object Repository/Workflow/Selecting1stEntryfromSearch' is clicked on

2018-10-12 15:03:48 - [TEST_STEP][PASSED] - click: Object: 'Object Repository/Workflow/DownloadButton' is clicked on

2018-10-12 15:03:49 - [MESSAGE][PASSED] - Object: 'Object Repository/Workflow/DownloadButton' is clicked on

2018-10-12 15:03:49 - [TEST_STEP][PASSED] - Start listener action : AfterTestCaseCloseBrowser: Browser is closed

2018-10-12 15:03:49 - [TEST_STEP][PASSED] - closeBrowser: Browser is closed

2018-10-12 15:03:50 - [MESSAGE][PASSED] - Browser is closed]]></system-out>
         <system-err><![CDATA[]]></system-err>
      </testcase>
      <testcase name="Test Cases/Smoke/TC-832" classname="Test Cases/Smoke/TC-832" status="PASSED">
         <system-out><![CDATA[2018-10-12 15:03:50 - [TEST_CASE][PASSED] - Test Cases/Smoke/TC-832: Browser is closed

2018-10-12 15:03:50 - [TEST_STEP][PASSED] - Start listener action : BeforeTestCaseOpenBrowser: Invoke 'com.kms.katalon.core.annotation.BeforeTestCase' method: 'ImScan.BeforeTestCaseOpenBrowser(...)' completed.

2018-10-12 15:03:50 - [TEST_STEP][PASSED] - openBrowser: Browser is opened with url: 'http://35.176.151.153/IMSCANCS/'

2018-10-12 15:03:54 - [MESSAGE][PASSED] - Browser is opened with url: 'http://35.176.151.153/IMSCANCS/'

2018-10-12 15:03:54 - [TEST_STEP][PASSED] - maximizeWindow: Current window maximized

2018-10-12 15:03:55 - [MESSAGE][PASSED] - Current window maximized

2018-10-12 15:03:55 - [TEST_STEP][PASSED] - Statement - TestID = testCaseContext.getTestCaseId(): null

2018-10-12 15:03:55 - [TEST_STEP][PASSED] - Statement - println(TestID): Invoke 'com.kms.katalon.core.annotation.BeforeTestCase' method: 'ImScan.BeforeTestCaseOpenBrowser(...)' completed.

2018-10-12 15:03:55 - [TEST_STEP][PASSED] - setText: Text 'Dixita123' is set on object 'Object Repository/Login/Page_IMSCAN/input_UserName'

2018-10-12 15:03:55 - [MESSAGE][PASSED] - Text 'Dixita123' is set on object 'Object Repository/Login/Page_IMSCAN/input_UserName'

2018-10-12 15:03:55 - [TEST_STEP][PASSED] - setText: Text 'Dixita123' is set on object 'Object Repository/Login/Page_IMSCAN/input_Password'

2018-10-12 15:03:56 - [MESSAGE][PASSED] - Text 'Dixita123' is set on object 'Object Repository/Login/Page_IMSCAN/input_Password'

2018-10-12 15:03:56 - [TEST_STEP][PASSED] - click: Object: 'Object Repository/Login/Page_IMSCAN/button_Login' is clicked on

2018-10-12 15:03:56 - [MESSAGE][PASSED] - Object: 'Object Repository/Login/Page_IMSCAN/button_Login' is clicked on

2018-10-12 15:03:56 - [TEST_STEP][PASSED] - scrollToElement: Scroll to object 'Object Repository/Reports/clickOnReports' successfully

2018-10-12 15:03:57 - [MESSAGE][PASSED] - Scroll to object 'Object Repository/Reports/clickOnReports' successfully

2018-10-12 15:03:57 - [TEST_STEP][PASSED] - click: Object: 'Object Repository/Reports/clickOnReports' is clicked on

2018-10-12 15:03:57 - [MESSAGE][PASSED] - Object: 'Object Repository/Reports/clickOnReports' is clicked on

2018-10-12 15:03:57 - [TEST_STEP][PASSED] - Statement - java.lang.Thread.sleep(1000): null

2018-10-12 15:03:58 - [TEST_STEP][PASSED] - click: Object: 'Object Repository/Reports/Audit_Trail' is clicked on

2018-10-12 15:04:00 - [MESSAGE][PASSED] - Object: 'Object Repository/Reports/Audit_Trail' is clicked on

2018-10-12 15:04:00 - [TEST_STEP][PASSED] - click: Object: 'Object Repository/Reports/GenerateReports(AuditTrial)' is clicked on

2018-10-12 15:04:00 - [MESSAGE][PASSED] - Object: 'Object Repository/Reports/GenerateReports(AuditTrial)' is clicked on

2018-10-12 15:04:00 - [TEST_STEP][PASSED] - verifyElementPresent: Object 'Object Repository/Reports/GeneratedDatafromTable(auditTrail)' is present

2018-10-12 15:04:00 - [MESSAGE][PASSED] - Object 'Object Repository/Reports/GeneratedDatafromTable(auditTrail)' is present

2018-10-12 15:04:00 - [TEST_STEP][PASSED] - Start listener action : AfterTestCaseCloseBrowser: Browser is closed

2018-10-12 15:04:00 - [TEST_STEP][PASSED] - closeBrowser: Browser is closed

2018-10-12 15:04:01 - [MESSAGE][PASSED] - Browser is closed]]></system-out>
         <system-err><![CDATA[]]></system-err>
      </testcase>
      <testcase name="Test Cases/Smoke/TC-837" classname="Test Cases/Smoke/TC-837" status="PASSED">
         <system-out><![CDATA[2018-10-12 15:04:01 - [TEST_CASE][PASSED] - Test Cases/Smoke/TC-837: Browser is closed

2018-10-12 15:04:01 - [TEST_STEP][PASSED] - Start listener action : BeforeTestCaseOpenBrowser: Invoke 'com.kms.katalon.core.annotation.BeforeTestCase' method: 'ImScan.BeforeTestCaseOpenBrowser(...)' completed.

2018-10-12 15:04:01 - [TEST_STEP][PASSED] - openBrowser: Browser is opened with url: 'http://35.176.151.153/IMSCANCS/'

2018-10-12 15:04:05 - [MESSAGE][PASSED] - Browser is opened with url: 'http://35.176.151.153/IMSCANCS/'

2018-10-12 15:04:05 - [TEST_STEP][PASSED] - maximizeWindow: Current window maximized

2018-10-12 15:04:15 - [MESSAGE][PASSED] - Current window maximized

2018-10-12 15:04:15 - [TEST_STEP][PASSED] - Statement - TestID = testCaseContext.getTestCaseId(): null

2018-10-12 15:04:15 - [TEST_STEP][PASSED] - Statement - println(TestID): Invoke 'com.kms.katalon.core.annotation.BeforeTestCase' method: 'ImScan.BeforeTestCaseOpenBrowser(...)' completed.

2018-10-12 15:04:15 - [TEST_STEP][PASSED] - setText: Text 'Dixita123' is set on object 'Object Repository/Login/Page_IMSCAN/input_UserName'

2018-10-12 15:04:15 - [MESSAGE][PASSED] - Text 'Dixita123' is set on object 'Object Repository/Login/Page_IMSCAN/input_UserName'

2018-10-12 15:04:15 - [TEST_STEP][PASSED] - setText: Text 'Dixita123' is set on object 'Object Repository/Login/Page_IMSCAN/input_Password'

2018-10-12 15:04:15 - [MESSAGE][PASSED] - Text 'Dixita123' is set on object 'Object Repository/Login/Page_IMSCAN/input_Password'

2018-10-12 15:04:15 - [TEST_STEP][PASSED] - click: Object: 'Object Repository/Login/Page_IMSCAN/button_Login' is clicked on

2018-10-12 15:04:15 - [MESSAGE][PASSED] - Object: 'Object Repository/Login/Page_IMSCAN/button_Login' is clicked on

2018-10-12 15:04:15 - [TEST_STEP][PASSED] - scrollToElement: Scroll to object 'Object Repository/Reports/clickOnReports' successfully

2018-10-12 15:04:17 - [MESSAGE][PASSED] - Scroll to object 'Object Repository/Reports/clickOnReports' successfully

2018-10-12 15:04:17 - [TEST_STEP][PASSED] - click: Object: 'Object Repository/Reports/clickOnReports' is clicked on

2018-10-12 15:04:17 - [MESSAGE][PASSED] - Object: 'Object Repository/Reports/clickOnReports' is clicked on

2018-10-12 15:04:17 - [TEST_STEP][PASSED] - Statement - java.lang.Thread.sleep(1000): null

2018-10-12 15:04:18 - [TEST_STEP][PASSED] - click: Object: 'Object Repository/Reports/LogReports' is clicked on

2018-10-12 15:04:19 - [MESSAGE][PASSED] - Object: 'Object Repository/Reports/LogReports' is clicked on

2018-10-12 15:04:19 - [TEST_STEP][PASSED] - click: Object: 'Object Repository/Reports/GenerateReports(LogReports)' is clicked on

2018-10-12 15:04:19 - [MESSAGE][PASSED] - Object: 'Object Repository/Reports/GenerateReports(LogReports)' is clicked on

2018-10-12 15:04:19 - [TEST_STEP][PASSED] - verifyElementPresent: Object 'Object Repository/Reports/GenerateddataFromTable(logReports)' is present

2018-10-12 15:04:19 - [MESSAGE][PASSED] - Object 'Object Repository/Reports/GenerateddataFromTable(logReports)' is present

2018-10-12 15:04:19 - [TEST_STEP][PASSED] - Start listener action : AfterTestCaseCloseBrowser: Browser is closed

2018-10-12 15:04:19 - [TEST_STEP][PASSED] - closeBrowser: Browser is closed

2018-10-12 15:04:20 - [MESSAGE][PASSED] - Browser is closed]]></system-out>
         <system-err><![CDATA[]]></system-err>
      </testcase>
      <testcase name="Test Cases/Smoke/TC-849" classname="Test Cases/Smoke/TC-849" status="PASSED">
         <system-out><![CDATA[2018-10-12 15:04:20 - [TEST_CASE][PASSED] - Test Cases/Smoke/TC-849: Browser is closed

2018-10-12 15:04:20 - [TEST_STEP][PASSED] - Start listener action : BeforeTestCaseOpenBrowser: Invoke 'com.kms.katalon.core.annotation.BeforeTestCase' method: 'ImScan.BeforeTestCaseOpenBrowser(...)' completed.

2018-10-12 15:04:20 - [TEST_STEP][PASSED] - openBrowser: Browser is opened with url: 'http://35.176.151.153/IMSCANCS/'

2018-10-12 15:04:24 - [MESSAGE][PASSED] - Browser is opened with url: 'http://35.176.151.153/IMSCANCS/'

2018-10-12 15:04:24 - [TEST_STEP][PASSED] - maximizeWindow: Current window maximized

2018-10-12 15:04:25 - [MESSAGE][PASSED] - Current window maximized

2018-10-12 15:04:25 - [TEST_STEP][PASSED] - Statement - TestID = testCaseContext.getTestCaseId(): null

2018-10-12 15:04:25 - [TEST_STEP][PASSED] - Statement - println(TestID): Invoke 'com.kms.katalon.core.annotation.BeforeTestCase' method: 'ImScan.BeforeTestCaseOpenBrowser(...)' completed.

2018-10-12 15:04:26 - [TEST_STEP][PASSED] - setText: Text 'Dixita123' is set on object 'Object Repository/Login/Page_IMSCAN/input_UserName'

2018-10-12 15:04:26 - [MESSAGE][PASSED] - Text 'Dixita123' is set on object 'Object Repository/Login/Page_IMSCAN/input_UserName'

2018-10-12 15:04:26 - [TEST_STEP][PASSED] - setText: Text 'Dixita123' is set on object 'Object Repository/Login/Page_IMSCAN/input_Password'

2018-10-12 15:04:26 - [MESSAGE][PASSED] - Text 'Dixita123' is set on object 'Object Repository/Login/Page_IMSCAN/input_Password'

2018-10-12 15:04:26 - [TEST_STEP][PASSED] - click: Object: 'Object Repository/Login/Page_IMSCAN/button_Login' is clicked on

2018-10-12 15:04:26 - [MESSAGE][PASSED] - Object: 'Object Repository/Login/Page_IMSCAN/button_Login' is clicked on

2018-10-12 15:04:26 - [TEST_STEP][PASSED] - scrollToElement: Scroll to object 'Object Repository/Reports/clickOnReports' successfully

2018-10-12 15:04:27 - [MESSAGE][PASSED] - Scroll to object 'Object Repository/Reports/clickOnReports' successfully

2018-10-12 15:04:27 - [TEST_STEP][PASSED] - click: Object: 'Object Repository/Reports/clickOnReports' is clicked on

2018-10-12 15:04:28 - [MESSAGE][PASSED] - Object: 'Object Repository/Reports/clickOnReports' is clicked on

2018-10-12 15:04:28 - [TEST_STEP][PASSED] - Statement - java.lang.Thread.sleep(1000): null

2018-10-12 15:04:29 - [TEST_STEP][PASSED] - click: Object: 'Object Repository/Reports/Select1stReportFromList' is clicked on

2018-10-12 15:04:31 - [MESSAGE][PASSED] - Object: 'Object Repository/Reports/Select1stReportFromList' is clicked on

2018-10-12 15:04:31 - [TEST_STEP][PASSED] - click: Object: 'Object Repository/Reports/ExportAsCSVButton' is clicked on

2018-10-12 15:04:31 - [MESSAGE][PASSED] - Object: 'Object Repository/Reports/ExportAsCSVButton' is clicked on

2018-10-12 15:04:31 - [TEST_STEP][PASSED] - Start listener action : AfterTestCaseCloseBrowser: Browser is closed

2018-10-12 15:04:31 - [TEST_STEP][PASSED] - closeBrowser: Browser is closed

2018-10-12 15:04:32 - [MESSAGE][PASSED] - Browser is closed]]></system-out>
         <system-err><![CDATA[]]></system-err>
      </testcase>
      <testcase name="Test Cases/Smoke/TC-842" classname="Test Cases/Smoke/TC-842" status="FAILED">
         <failure type="FAILED" message="Unable to click on object 'Object Repository/Reports/ReportCreation/CreateReports' (Root cause: org.openqa.selenium.WebDriverException: unknown error: Element &lt;button type=&quot;button&quot; class=&quot;btn btn-primary&quot; id=&quot;btnCreateReport&quot; title=&quot;Create New Report&quot;>...&lt;/button> is not clickable at point (151, 93). Other element would receive the click: &lt;div class=&quot;docloadingdiv text-center modal fade&quot; id=&quot;generalLoadingDialog&quot; tabindex=&quot;-1&quot; role=&quot;dialog&quot; aria-hidden=&quot;true&quot; data-backdrop=&quot;false&quot; style=&quot;display: block;&quot;>...&lt;/div>
  (Session info: chrome=69.0.3497.100)
  (Driver info: chromedriver=2.35.528161 (5b82f2d2aae0ca24b877009200ced9065a772e73),platform=Windows NT 10.0.10240 x86_64) (WARNING: The server did not provide any stacktrace information)
Command duration or timeout: 0 milliseconds
Build info: version: '3.7.1', revision: '8a0099a', time: '2017-11-06T21:07:36.161Z'
System info: host: 'RSSPL43', ip: '192.168.25.73', os.name: 'Windows 10', os.arch: 'amd64', os.version: '10.0', java.version: '1.8.0_102'
Driver info: com.kms.katalon.selenium.driver.CChromeDriver
Capabilities {acceptInsecureCerts: false, acceptSslCerts: false, applicationCacheEnabled: false, browserConnectionEnabled: false, browserName: chrome, chrome: {chromedriverVersion: 2.35.528161 (5b82f2d2aae0ca..., userDataDir: C:\Users\Dikshita\AppData\L...}, cssSelectorsEnabled: true, databaseEnabled: false, handlesAlerts: true, hasTouchScreen: false, javascriptEnabled: true, locationContextEnabled: true, mobileEmulationEnabled: false, nativeEvents: true, networkConnectionEnabled: false, pageLoadStrategy: normal, platform: XP, platformName: XP, rotatable: false, setWindowRect: true, takesHeapSnapshot: true, takesScreenshot: true, unexpectedAlertBehaviour: , unhandledPromptBehavior: , version: 69.0.3497.100, webStorageEnabled: true}
Session ID: 76a1c756a6bdef7f35fb6739b9af3a22)"/>
         <system-out><![CDATA[2018-10-12 15:04:32 - [TEST_CASE][FAILED] - Test Cases/Smoke/TC-842: Test Cases/Smoke/TC-842 FAILED because (of) Unable to click on object 'Object Repository/Reports/ReportCreation/CreateReports' (Root cause: org.openqa.selenium.WebDriverException: unknown error: Element <button type="button" class="btn btn-primary" id="btnCreateReport" title="Create New Report">...</button> is not clickable at point (151, 93). Other element would receive the click: <div class="docloadingdiv text-center modal fade" id="generalLoadingDialog" tabindex="-1" role="dialog" aria-hidden="true" data-backdrop="false" style="display: block;">...</div>
  (Session info: chrome=69.0.3497.100)
  (Driver info: chromedriver=2.35.528161 (5b82f2d2aae0ca24b877009200ced9065a772e73),platform=Windows NT 10.0.10240 x86_64) (WARNING: The server did not provide any stacktrace information)
Command duration or timeout: 0 milliseconds
Build info: version: '3.7.1', revision: '8a0099a', time: '2017-11-06T21:07:36.161Z'
System info: host: 'RSSPL43', ip: '192.168.25.73', os.name: 'Windows 10', os.arch: 'amd64', os.version: '10.0', java.version: '1.8.0_102'
Driver info: com.kms.katalon.selenium.driver.CChromeDriver
Capabilities {acceptInsecureCerts: false, acceptSslCerts: false, applicationCacheEnabled: false, browserConnectionEnabled: false, browserName: chrome, chrome: {chromedriverVersion: 2.35.528161 (5b82f2d2aae0ca..., userDataDir: C:\Users\Dikshita\AppData\L...}, cssSelectorsEnabled: true, databaseEnabled: false, handlesAlerts: true, hasTouchScreen: false, javascriptEnabled: true, locationContextEnabled: true, mobileEmulationEnabled: false, nativeEvents: true, networkConnectionEnabled: false, pageLoadStrategy: normal, platform: XP, platformName: XP, rotatable: false, setWindowRect: true, takesHeapSnapshot: true, takesScreenshot: true, unexpectedAlertBehaviour: , unhandledPromptBehavior: , version: 69.0.3497.100, webStorageEnabled: true}
Session ID: 76a1c756a6bdef7f35fb6739b9af3a22)

2018-10-12 15:04:32 - [TEST_STEP][PASSED] - Start listener action : BeforeTestCaseOpenBrowser: Invoke 'com.kms.katalon.core.annotation.BeforeTestCase' method: 'ImScan.BeforeTestCaseOpenBrowser(...)' completed.

2018-10-12 15:04:32 - [TEST_STEP][PASSED] - openBrowser: Browser is opened with url: 'http://35.176.151.153/IMSCANCS/'

2018-10-12 15:04:37 - [MESSAGE][PASSED] - Browser is opened with url: 'http://35.176.151.153/IMSCANCS/'

2018-10-12 15:04:37 - [TEST_STEP][PASSED] - maximizeWindow: Current window maximized

2018-10-12 15:04:38 - [MESSAGE][PASSED] - Current window maximized

2018-10-12 15:04:38 - [TEST_STEP][PASSED] - Statement - TestID = testCaseContext.getTestCaseId(): null

2018-10-12 15:04:38 - [TEST_STEP][PASSED] - Statement - println(TestID): Invoke 'com.kms.katalon.core.annotation.BeforeTestCase' method: 'ImScan.BeforeTestCaseOpenBrowser(...)' completed.

2018-10-12 15:04:38 - [TEST_STEP][PASSED] - setText: Text 'Dixita123' is set on object 'Object Repository/Login/Page_IMSCAN/input_UserName'

2018-10-12 15:04:38 - [MESSAGE][PASSED] - Text 'Dixita123' is set on object 'Object Repository/Login/Page_IMSCAN/input_UserName'

2018-10-12 15:04:38 - [TEST_STEP][PASSED] - setText: Text 'Dixita123' is set on object 'Object Repository/Login/Page_IMSCAN/input_Password'

2018-10-12 15:04:39 - [MESSAGE][PASSED] - Text 'Dixita123' is set on object 'Object Repository/Login/Page_IMSCAN/input_Password'

2018-10-12 15:04:39 - [TEST_STEP][PASSED] - click: Object: 'Object Repository/Login/Page_IMSCAN/button_Login' is clicked on

2018-10-12 15:04:39 - [MESSAGE][PASSED] - Object: 'Object Repository/Login/Page_IMSCAN/button_Login' is clicked on

2018-10-12 15:04:39 - [TEST_STEP][PASSED] - scrollToElement: Scroll to object 'Object Repository/Reports/clickOnReports' successfully

2018-10-12 15:04:40 - [MESSAGE][PASSED] - Scroll to object 'Object Repository/Reports/clickOnReports' successfully

2018-10-12 15:04:40 - [TEST_STEP][PASSED] - click: Object: 'Object Repository/Reports/clickOnReports' is clicked on

2018-10-12 15:04:40 - [MESSAGE][PASSED] - Object: 'Object Repository/Reports/clickOnReports' is clicked on

2018-10-12 15:04:40 - [TEST_STEP][PASSED] - Statement - java.lang.Thread.sleep(1000): null

2018-10-12 15:04:41 - [TEST_STEP][FAILED] - click: Unable to click on object 'Object Repository/Reports/ReportCreation/CreateReports' (Root cause: org.openqa.selenium.WebDriverException: unknown error: Element <button type="button" class="btn btn-primary" id="btnCreateReport" title="Create New Report">...</button> is not clickable at point (151, 93). Other element would receive the click: <div class="docloadingdiv text-center modal fade" id="generalLoadingDialog" tabindex="-1" role="dialog" aria-hidden="true" data-backdrop="false" style="display: block;">...</div>
  (Session info: chrome=69.0.3497.100)
  (Driver info: chromedriver=2.35.528161 (5b82f2d2aae0ca24b877009200ced9065a772e73),platform=Windows NT 10.0.10240 x86_64) (WARNING: The server did not provide any stacktrace information)
Command duration or timeout: 0 milliseconds
Build info: version: '3.7.1', revision: '8a0099a', time: '2017-11-06T21:07:36.161Z'
System info: host: 'RSSPL43', ip: '192.168.25.73', os.name: 'Windows 10', os.arch: 'amd64', os.version: '10.0', java.version: '1.8.0_102'
Driver info: com.kms.katalon.selenium.driver.CChromeDriver
Capabilities {acceptInsecureCerts: false, acceptSslCerts: false, applicationCacheEnabled: false, browserConnectionEnabled: false, browserName: chrome, chrome: {chromedriverVersion: 2.35.528161 (5b82f2d2aae0ca..., userDataDir: C:\Users\Dikshita\AppData\L...}, cssSelectorsEnabled: true, databaseEnabled: false, handlesAlerts: true, hasTouchScreen: false, javascriptEnabled: true, locationContextEnabled: true, mobileEmulationEnabled: false, nativeEvents: true, networkConnectionEnabled: false, pageLoadStrategy: normal, platform: XP, platformName: XP, rotatable: false, setWindowRect: true, takesHeapSnapshot: true, takesScreenshot: true, unexpectedAlertBehaviour: , unhandledPromptBehavior: , version: 69.0.3497.100, webStorageEnabled: true}
Session ID: 76a1c756a6bdef7f35fb6739b9af3a22)

2018-10-12 15:04:43 - [MESSAGE][FAILED] - Unable to click on object 'Object Repository/Reports/ReportCreation/CreateReports' (Root cause: org.openqa.selenium.WebDriverException: unknown error: Element <button type="button" class="btn btn-primary" id="btnCreateReport" title="Create New Report">...</button> is not clickable at point (151, 93). Other element would receive the click: <div class="docloadingdiv text-center modal fade" id="generalLoadingDialog" tabindex="-1" role="dialog" aria-hidden="true" data-backdrop="false" style="display: block;">...</div>
  (Session info: chrome=69.0.3497.100)
  (Driver info: chromedriver=2.35.528161 (5b82f2d2aae0ca24b877009200ced9065a772e73),platform=Windows NT 10.0.10240 x86_64) (WARNING: The server did not provide any stacktrace information)
Command duration or timeout: 0 milliseconds
Build info: version: '3.7.1', revision: '8a0099a', time: '2017-11-06T21:07:36.161Z'
System info: host: 'RSSPL43', ip: '192.168.25.73', os.name: 'Windows 10', os.arch: 'amd64', os.version: '10.0', java.version: '1.8.0_102'
Driver info: com.kms.katalon.selenium.driver.CChromeDriver
Capabilities {acceptInsecureCerts: false, acceptSslCerts: false, applicationCacheEnabled: false, browserConnectionEnabled: false, browserName: chrome, chrome: {chromedriverVersion: 2.35.528161 (5b82f2d2aae0ca..., userDataDir: C:\Users\Dikshita\AppData\L...}, cssSelectorsEnabled: true, databaseEnabled: false, handlesAlerts: true, hasTouchScreen: false, javascriptEnabled: true, locationContextEnabled: true, mobileEmulationEnabled: false, nativeEvents: true, networkConnectionEnabled: false, pageLoadStrategy: normal, platform: XP, platformName: XP, rotatable: false, setWindowRect: true, takesHeapSnapshot: true, takesScreenshot: true, unexpectedAlertBehaviour: , unhandledPromptBehavior: , version: 69.0.3497.100, webStorageEnabled: true}
Session ID: 76a1c756a6bdef7f35fb6739b9af3a22)
[[ATTACHMENT|C:\\Users\\dikshita\\git\\imscanredev\\Reports\\Smoke\\20181012_145057\\1539336883476.png]]

2018-10-12 15:04:43 - [TEST_STEP][PASSED] - Start listener action : AfterTestCaseCloseBrowser: Browser is closed

2018-10-12 15:04:43 - [TEST_STEP][PASSED] - closeBrowser: Browser is closed

2018-10-12 15:04:44 - [MESSAGE][PASSED] - Browser is closed]]></system-out>
         <system-err><![CDATA[2018-10-12 15:04:32 - [TEST_CASE][FAILED] - Test Cases/Smoke/TC-842: Test Cases/Smoke/TC-842 FAILED because (of) Unable to click on object 'Object Repository/Reports/ReportCreation/CreateReports' (Root cause: org.openqa.selenium.WebDriverException: unknown error: Element <button type="button" class="btn btn-primary" id="btnCreateReport" title="Create New Report">...</button> is not clickable at point (151, 93). Other element would receive the click: <div class="docloadingdiv text-center modal fade" id="generalLoadingDialog" tabindex="-1" role="dialog" aria-hidden="true" data-backdrop="false" style="display: block;">...</div>
  (Session info: chrome=69.0.3497.100)
  (Driver info: chromedriver=2.35.528161 (5b82f2d2aae0ca24b877009200ced9065a772e73),platform=Windows NT 10.0.10240 x86_64) (WARNING: The server did not provide any stacktrace information)
Command duration or timeout: 0 milliseconds
Build info: version: '3.7.1', revision: '8a0099a', time: '2017-11-06T21:07:36.161Z'
System info: host: 'RSSPL43', ip: '192.168.25.73', os.name: 'Windows 10', os.arch: 'amd64', os.version: '10.0', java.version: '1.8.0_102'
Driver info: com.kms.katalon.selenium.driver.CChromeDriver
Capabilities {acceptInsecureCerts: false, acceptSslCerts: false, applicationCacheEnabled: false, browserConnectionEnabled: false, browserName: chrome, chrome: {chromedriverVersion: 2.35.528161 (5b82f2d2aae0ca..., userDataDir: C:\Users\Dikshita\AppData\L...}, cssSelectorsEnabled: true, databaseEnabled: false, handlesAlerts: true, hasTouchScreen: false, javascriptEnabled: true, locationContextEnabled: true, mobileEmulationEnabled: false, nativeEvents: true, networkConnectionEnabled: false, pageLoadStrategy: normal, platform: XP, platformName: XP, rotatable: false, setWindowRect: true, takesHeapSnapshot: true, takesScreenshot: true, unexpectedAlertBehaviour: , unhandledPromptBehavior: , version: 69.0.3497.100, webStorageEnabled: true}
Session ID: 76a1c756a6bdef7f35fb6739b9af3a22)]]></system-err>
      </testcase>
      <testcase name="Test Cases/Smoke/TC-Batch _ Details" classname="Test Cases/Smoke/TC-Batch _ Details" status="PASSED">
         <system-out><![CDATA[2018-10-12 15:04:44 - [TEST_CASE][PASSED] - Test Cases/Smoke/TC-Batch _ Details: Browser is closed

2018-10-12 15:04:44 - [TEST_STEP][PASSED] - Start listener action : BeforeTestCaseOpenBrowser: Invoke 'com.kms.katalon.core.annotation.BeforeTestCase' method: 'ImScan.BeforeTestCaseOpenBrowser(...)' completed.

2018-10-12 15:04:44 - [TEST_STEP][PASSED] - openBrowser: Browser is opened with url: 'http://35.176.151.153/IMSCANCS/'

2018-10-12 15:04:48 - [MESSAGE][PASSED] - Browser is opened with url: 'http://35.176.151.153/IMSCANCS/'

2018-10-12 15:04:48 - [TEST_STEP][PASSED] - maximizeWindow: Current window maximized

2018-10-12 15:04:50 - [MESSAGE][PASSED] - Current window maximized

2018-10-12 15:04:50 - [TEST_STEP][PASSED] - Statement - TestID = testCaseContext.getTestCaseId(): null

2018-10-12 15:04:50 - [TEST_STEP][PASSED] - Statement - println(TestID): Invoke 'com.kms.katalon.core.annotation.BeforeTestCase' method: 'ImScan.BeforeTestCaseOpenBrowser(...)' completed.

2018-10-12 15:04:50 - [TEST_STEP][PASSED] - setText: Text 'Dixita123' is set on object 'Object Repository/Login/Page_IMSCAN/input_UserName'

2018-10-12 15:04:50 - [MESSAGE][PASSED] - Text 'Dixita123' is set on object 'Object Repository/Login/Page_IMSCAN/input_UserName'

2018-10-12 15:04:50 - [TEST_STEP][PASSED] - setText: Text 'Dixita123' is set on object 'Object Repository/Login/Page_IMSCAN/input_Password'

2018-10-12 15:04:50 - [MESSAGE][PASSED] - Text 'Dixita123' is set on object 'Object Repository/Login/Page_IMSCAN/input_Password'

2018-10-12 15:04:50 - [TEST_STEP][PASSED] - click: Object: 'Object Repository/Login/Page_IMSCAN/button_Login' is clicked on

2018-10-12 15:04:50 - [MESSAGE][PASSED] - Object: 'Object Repository/Login/Page_IMSCAN/button_Login' is clicked on

2018-10-12 15:04:50 - [TEST_STEP][PASSED] - verifyElementPresent: Object 'Object Repository/Create_a_New_Dept/VerfiyHomePageDisplayed' is present

2018-10-12 15:04:52 - [MESSAGE][PASSED] - Object 'Object Repository/Create_a_New_Dept/VerfiyHomePageDisplayed' is present

2018-10-12 15:04:52 - [TEST_STEP][PASSED] - delay: Delayed 3 second(s)

2018-10-12 15:04:55 - [MESSAGE][PASSED] - Delayed 3 second(s)

2018-10-12 15:04:55 - [TEST_STEP][PASSED] - scrollToElement: Scroll to object 'Object Repository/Batch Details/Click_on_batch_Details' successfully

2018-10-12 15:04:55 - [MESSAGE][PASSED] - Scroll to object 'Object Repository/Batch Details/Click_on_batch_Details' successfully

2018-10-12 15:04:55 - [TEST_STEP][PASSED] - click: Object: 'Object Repository/Batch Details/Click_on_batch_Details' is clicked on

2018-10-12 15:04:55 - [MESSAGE][PASSED] - Object: 'Object Repository/Batch Details/Click_on_batch_Details' is clicked on

2018-10-12 15:04:55 - [TEST_STEP][PASSED] - focus: Object: 'Object Repository/Batch Details/Entries_in_table' is focused

2018-10-12 15:04:55 - [MESSAGE][PASSED] - Object: 'Object Repository/Batch Details/Entries_in_table' is focused

2018-10-12 15:04:55 - [TEST_STEP][PASSED] - Statement - driver = com.kms.katalon.core.webui.driver.DriverFactory.getWebDriver(): null

2018-10-12 15:04:55 - [TEST_STEP][PASSED] - Statement - Table = driver.findElement(org.openqa.selenium.By.xpath("//table[@id='tblBatchReloadList']/tbody/*")): null

2018-10-12 15:04:56 - [TEST_STEP][PASSED] - Statement - rows_table = Table.findElements(org.openqa.selenium.By.xpath("//tr")): null

2018-10-12 15:04:56 - [TEST_STEP][PASSED] - Statement - rows_count = rows_table.size(): null

2018-10-12 15:04:56 - [TEST_STEP][PASSED] - Statement - println(rows_count): null

2018-10-12 15:04:56 - [TEST_STEP][PASSED] - Start listener action : AfterTestCaseCloseBrowser: Browser is closed

2018-10-12 15:04:56 - [TEST_STEP][PASSED] - closeBrowser: Browser is closed

2018-10-12 15:04:56 - [MESSAGE][PASSED] - Browser is closed]]></system-out>
         <system-err><![CDATA[]]></system-err>
      </testcase>
      <testcase name="Test Cases/Smoke/ToPerformenabledOptionOnThedocumentInWorkflow" classname="Test Cases/Smoke/ToPerformenabledOptionOnThedocumentInWorkflow" status="FAILED">
         <failure type="FAILED" message="Unable to click on object 'Object Repository/Workflow/Selecting1stEntryfromSearch' (Root cause: com.kms.katalon.core.webui.exception.WebElementNotFoundException: Web element with id: 'Object Repository/Workflow/Selecting1stEntryfromSearch' located by 'By.xpath: //table[@id='documentTypeTable8']//tbody/tr[1]' not found)"/>
         <system-out><![CDATA[2018-10-12 15:04:56 - [TEST_CASE][FAILED] - Test Cases/Smoke/ToPerformenabledOptionOnThedocumentInWorkflow: Test Cases/Smoke/ToPerformenabledOptionOnThedocumentInWorkflow FAILED because (of) Unable to click on object 'Object Repository/Workflow/Selecting1stEntryfromSearch' (Root cause: com.kms.katalon.core.webui.exception.WebElementNotFoundException: Web element with id: 'Object Repository/Workflow/Selecting1stEntryfromSearch' located by 'By.xpath: //table[@id='documentTypeTable8']//tbody/tr[1]' not found)

2018-10-12 15:04:56 - [TEST_STEP][PASSED] - Start listener action : BeforeTestCaseOpenBrowser: Invoke 'com.kms.katalon.core.annotation.BeforeTestCase' method: 'ImScan.BeforeTestCaseOpenBrowser(...)' completed.

2018-10-12 15:04:56 - [TEST_STEP][PASSED] - openBrowser: Browser is opened with url: 'http://35.176.151.153/IMSCANCS/'

2018-10-12 15:05:00 - [MESSAGE][PASSED] - Browser is opened with url: 'http://35.176.151.153/IMSCANCS/'

2018-10-12 15:05:00 - [TEST_STEP][PASSED] - maximizeWindow: Current window maximized

2018-10-12 15:05:02 - [MESSAGE][PASSED] - Current window maximized

2018-10-12 15:05:02 - [TEST_STEP][PASSED] - Statement - TestID = testCaseContext.getTestCaseId(): null

2018-10-12 15:05:02 - [TEST_STEP][PASSED] - Statement - println(TestID): Invoke 'com.kms.katalon.core.annotation.BeforeTestCase' method: 'ImScan.BeforeTestCaseOpenBrowser(...)' completed.

2018-10-12 15:05:02 - [TEST_STEP][PASSED] - setText: Text 'Dixita123' is set on object 'Object Repository/Login/Page_IMSCAN/input_UserName'

2018-10-12 15:05:02 - [MESSAGE][PASSED] - Text 'Dixita123' is set on object 'Object Repository/Login/Page_IMSCAN/input_UserName'

2018-10-12 15:05:02 - [TEST_STEP][PASSED] - setText: Text 'Dixita123' is set on object 'Object Repository/Login/Page_IMSCAN/input_Password'

2018-10-12 15:05:02 - [MESSAGE][PASSED] - Text 'Dixita123' is set on object 'Object Repository/Login/Page_IMSCAN/input_Password'

2018-10-12 15:05:02 - [TEST_STEP][PASSED] - click: Object: 'Object Repository/Login/Page_IMSCAN/button_Login' is clicked on

2018-10-12 15:05:02 - [MESSAGE][PASSED] - Object: 'Object Repository/Login/Page_IMSCAN/button_Login' is clicked on

2018-10-12 15:05:02 - [TEST_STEP][PASSED] - waitForElementPresent: Object 'Object Repository/Home/ClickOnHome' is present

2018-10-12 15:05:04 - [MESSAGE][PASSED] - Object 'Object Repository/Home/ClickOnHome' is present

2018-10-12 15:05:04 - [TEST_STEP][PASSED] - click: Object: 'Object Repository/Workflow/ClickOnWorkflow' is clicked on

2018-10-12 15:05:04 - [MESSAGE][PASSED] - Object: 'Object Repository/Workflow/ClickOnWorkflow' is clicked on

2018-10-12 15:05:04 - [TEST_STEP][PASSED] - waitForElementVisible: Object 'Object Repository/Workflow/SelectDocType' is visible

2018-10-12 15:05:05 - [MESSAGE][PASSED] - Object 'Object Repository/Workflow/SelectDocType' is visible

2018-10-12 15:05:05 - [TEST_STEP][PASSED] - click: Object: 'Object Repository/Workflow/SelectDocType' is clicked on

2018-10-12 15:05:05 - [MESSAGE][PASSED] - Object: 'Object Repository/Workflow/SelectDocType' is clicked on

2018-10-12 15:05:05 - [TEST_STEP][PASSED] - selectOptionByIndex: All options with index in [2] are selected on object 'Object Repository/Workflow/SelectDocType'

2018-10-12 15:05:06 - [MESSAGE][PASSED] - All options with index in [2] are selected on object 'Object Repository/Workflow/SelectDocType'

2018-10-12 15:05:06 - [TEST_STEP][FAILED] - click: Unable to click on object 'Object Repository/Workflow/Selecting1stEntryfromSearch' (Root cause: com.kms.katalon.core.webui.exception.WebElementNotFoundException: Web element with id: 'Object Repository/Workflow/Selecting1stEntryfromSearch' located by 'By.xpath: //table[@id='documentTypeTable8']//tbody/tr[1]' not found)

2018-10-12 15:05:37 - [MESSAGE][FAILED] - Unable to click on object 'Object Repository/Workflow/Selecting1stEntryfromSearch' (Root cause: com.kms.katalon.core.webui.exception.WebElementNotFoundException: Web element with id: 'Object Repository/Workflow/Selecting1stEntryfromSearch' located by 'By.xpath: //table[@id='documentTypeTable8']//tbody/tr[1]' not found)
[[ATTACHMENT|C:\\Users\\dikshita\\git\\imscanredev\\Reports\\Smoke\\20181012_145057\\1539336937364.png]]

2018-10-12 15:05:37 - [TEST_STEP][PASSED] - Start listener action : AfterTestCaseCloseBrowser: Browser is closed

2018-10-12 15:05:37 - [TEST_STEP][PASSED] - closeBrowser: Browser is closed

2018-10-12 15:05:38 - [MESSAGE][PASSED] - Browser is closed]]></system-out>
         <system-err><![CDATA[2018-10-12 15:04:56 - [TEST_CASE][FAILED] - Test Cases/Smoke/ToPerformenabledOptionOnThedocumentInWorkflow: Test Cases/Smoke/ToPerformenabledOptionOnThedocumentInWorkflow FAILED because (of) Unable to click on object 'Object Repository/Workflow/Selecting1stEntryfromSearch' (Root cause: com.kms.katalon.core.webui.exception.WebElementNotFoundException: Web element with id: 'Object Repository/Workflow/Selecting1stEntryfromSearch' located by 'By.xpath: //table[@id='documentTypeTable8']//tbody/tr[1]' not found)]]></system-err>
      </testcase>
      <system-out><![CDATA[2018-10-12 14:50:59 - [TEST_SUITE][FAILED] - Smoke: Test Cases/Smoke/TC-1 Creating a new Department FAILED because (of) Unable to set text '10' of object 'Object Repository/Search/Search_Inspect' (Root cause: com.kms.katalon.core.webui.exception.WebElementNotFoundException: Web element with id: 'Object Repository/Search/Search_Inspect' located by 'By.cssSelector: //input[@type='search']' not found)]]></system-out>
      <system-err><![CDATA[2018-10-12 14:50:59 - [TEST_SUITE][FAILED] - Smoke: Test Cases/Smoke/TC-1 Creating a new Department FAILED because (of) Unable to set text '10' of object 'Object Repository/Search/Search_Inspect' (Root cause: com.kms.katalon.core.webui.exception.WebElementNotFoundException: Web element with id: 'Object Repository/Search/Search_Inspect' located by 'By.cssSelector: //input[@type='search']' not found)]]></system-err>
   </testsuite>
</testsuites>
